0:0:0:0:0:0:0:1 -  -  [01/Jun/2016:13:51:43 +0000] "GET /openhab.app?sitemap=dhruv HTTP/1.1" 200 9520 
0:0:0:0:0:0:0:1 -  -  [01/Jun/2016:13:51:43 +0000] "GET /classicui/WebApp/Design/RenderRTL.css HTTP/1.1" 304 0 
0:0:0:0:0:0:0:1 -  -  [01/Jun/2016:13:51:43 +0000] "GET /classicui/WebApp/Design/Render.css HTTP/1.1" 304 0 
0:0:0:0:0:0:0:1 -  -  [01/Jun/2016:13:51:43 +0000] "GET /classicui/WebApp/Design/openHAB.css HTTP/1.1" 304 0 
0:0:0:0:0:0:0:1 -  -  [01/Jun/2016:13:51:43 +0000] "GET /classicui/WebApp/Design/Firefox.css HTTP/1.1" 304 0 
0:0:0:0:0:0:0:1 -  -  [01/Jun/2016:13:51:43 +0000] "GET /classicui/jquery.miniColors.css HTTP/1.1" 304 0 
0:0:0:0:0:0:0:1 -  -  [01/Jun/2016:13:51:43 +0000] "GET /classicui/jquery.miniColors.js HTTP/1.1" 304 0 
0:0:0:0:0:0:0:1 -  -  [01/Jun/2016:13:51:43 +0000] "GET /classicui/jquery.min.js HTTP/1.1" 304 0 
0:0:0:0:0:0:0:1 -  -  [01/Jun/2016:13:51:43 +0000] "GET /classicui/WebApp/Action/Logic.min.js HTTP/1.1" 304 0 
0:0:0:0:0:0:0:1 -  -  [01/Jun/2016:13:51:43 +0000] "GET /images/temperature.png HTTP/1.1" 304 0 
0:0:0:0:0:0:0:1 -  -  [01/Jun/2016:13:51:43 +0000] "GET /images/none.png HTTP/1.1" 304 0 
0:0:0:0:0:0:0:1 -  -  [01/Jun/2016:13:51:43 +0000] "GET /classicui/WebApp/Design/Img/bg.png HTTP/1.1" 304 0 
0:0:0:0:0:0:0:1 -  -  [01/Jun/2016:13:51:43 +0000] "GET /classicui/WebApp/Design/Img/loader-white-100x12x1.png HTTP/1.1" 304 0 
0:0:0:0:0:0:0:1 -  -  [01/Jun/2016:13:51:43 +0000] "GET /classicui/WebApp/Design/Img/select.png HTTP/1.1" 304 0 
0:0:0:0:0:0:0:1 -  -  [01/Jun/2016:13:51:43 +0000] "GET /classicui/WebApp/Design/Img/loader-white-100x12x2.png HTTP/1.1" 304 0 
0:0:0:0:0:0:0:1 -  -  [01/Jun/2016:13:51:43 +0000] "GET /classicui/WebApp/Design/Img/loader-white-100x12x3.png HTTP/1.1" 304 0 
0:0:0:0:0:0:0:1 -  -  [01/Jun/2016:13:51:43 +0000] "GET /classicui/WebApp/Design/Img/loader-white-100x12x5.png HTTP/1.1" 304 0 
0:0:0:0:0:0:0:1 -  -  [01/Jun/2016:13:51:43 +0000] "GET /classicui/WebApp/Design/Img/loader-white-100x12x4.png HTTP/1.1" 304 0 
0:0:0:0:0:0:0:1 -  -  [01/Jun/2016:13:51:43 +0000] "GET /classicui/WebApp/Design/Img/loader-white-100x12x8.png HTTP/1.1" 304 0 
0:0:0:0:0:0:0:1 -  -  [01/Jun/2016:13:51:43 +0000] "GET /classicui/WebApp/Design/Img/loader-white-100x12x6.png HTTP/1.1" 304 0 
0:0:0:0:0:0:0:1 -  -  [01/Jun/2016:13:51:43 +0000] "GET /classicui/WebApp/Design/Img/loader-white-100x12x7.png HTTP/1.1" 304 0 
0:0:0:0:0:0:0:1 -  -  [01/Jun/2016:13:51:43 +0000] "GET /classicui/WebApp/Design/Img/loader-white-100x12x11.png HTTP/1.1" 304 0 
0:0:0:0:0:0:0:1 -  -  [01/Jun/2016:13:51:43 +0000] "GET /classicui/WebApp/Design/Img/loader-white-100x12x9.png HTTP/1.1" 304 0 
0:0:0:0:0:0:0:1 -  -  [01/Jun/2016:13:51:43 +0000] "GET /classicui/WebApp/Design/Img/loader-white-100x12x10.png HTTP/1.1" 304 0 
0:0:0:0:0:0:0:1 -  -  [01/Jun/2016:13:51:43 +0000] "GET /classicui/WebApp/Design/Img/bg-head.png HTTP/1.1" 304 0 
0:0:0:0:0:0:0:1 -  -  [01/Jun/2016:13:51:43 +0000] "GET /classicui/WebApp/Design/Img/loader-gray-100x12x1.png HTTP/1.1" 304 0 
0:0:0:0:0:0:0:1 -  -  [01/Jun/2016:13:51:43 +0000] "GET /classicui/WebApp/Design/Img/loader-big-white-100x12x5.png HTTP/1.1" 304 0 
0:0:0:0:0:0:0:1 -  -  [01/Jun/2016:13:51:43 +0000] "GET /classicui/WebApp/Design/Img/loader-gray-100x12x2.png HTTP/1.1" 304 0 
0:0:0:0:0:0:0:1 -  -  [01/Jun/2016:13:51:43 +0000] "GET /classicui/WebApp/Design/Img/loader-big-white-100x12x3.png HTTP/1.1" 304 0 
0:0:0:0:0:0:0:1 -  -  [01/Jun/2016:13:51:43 +0000] "GET /classicui/WebApp/Design/Img/loader-gray-100x12x9.png HTTP/1.1" 304 0 
0:0:0:0:0:0:0:1 -  -  [01/Jun/2016:13:51:43 +0000] "GET /classicui/WebApp/Design/Img/loader-big-white-100x12x9.png HTTP/1.1" 304 0 
0:0:0:0:0:0:0:1 -  -  [01/Jun/2016:13:51:43 +0000] "GET /classicui/WebApp/Design/Img/loader-big-white-100x12x11.png HTTP/1.1" 304 0 
0:0:0:0:0:0:0:1 -  -  [01/Jun/2016:13:51:43 +0000] "GET /classicui/WebApp/Design/Img/loader-gray-100x12x10.png HTTP/1.1" 304 0 
0:0:0:0:0:0:0:1 -  -  [01/Jun/2016:13:51:43 +0000] "GET /classicui/WebApp/Design/Img/loader-big-white-100x12x10.png HTTP/1.1" 304 0 
0:0:0:0:0:0:0:1 -  -  [01/Jun/2016:13:51:43 +0000] "GET /classicui/WebApp/Design/Img/loader-big-white-100x12x12.png HTTP/1.1" 304 0 
0:0:0:0:0:0:0:1 -  -  [01/Jun/2016:13:51:43 +0000] "GET /classicui/WebApp/Design/Img/button-back-touch.png HTTP/1.1" 304 0 
0:0:0:0:0:0:0:1 -  -  [01/Jun/2016:13:51:43 +0000] "GET /classicui/WebApp/Design/Img/loader-big-white-100x12x7.png HTTP/1.1" 304 0 
0:0:0:0:0:0:0:1 -  -  [01/Jun/2016:13:51:43 +0000] "GET /classicui/WebApp/Design/Img/loader-big-white-100x12x4.png HTTP/1.1" 304 0 
0:0:0:0:0:0:0:1 -  -  [01/Jun/2016:13:51:43 +0000] "GET /classicui/WebApp/Design/Img/loader-white-100x12x12.png HTTP/1.1" 304 0 
0:0:0:0:0:0:0:1 -  -  [01/Jun/2016:13:51:43 +0000] "GET /classicui/WebApp/Design/Img/loader-big-white-100x12x6.png HTTP/1.1" 304 0 
0:0:0:0:0:0:0:1 -  -  [01/Jun/2016:13:51:43 +0000] "GET /classicui/WebApp/Design/Img/loader-gray-100x12x5.png HTTP/1.1" 304 0 
0:0:0:0:0:0:0:1 -  -  [01/Jun/2016:13:51:43 +0000] "GET /classicui/WebApp/Design/Img/check-sel.png HTTP/1.1" 304 0 
0:0:0:0:0:0:0:1 -  -  [01/Jun/2016:13:51:43 +0000] "GET /classicui/WebApp/Design/Img/loader-gray-100x12x3.png HTTP/1.1" 304 0 
0:0:0:0:0:0:0:1 -  -  [01/Jun/2016:13:51:43 +0000] "GET /classicui/WebApp/Design/Img/loader-gray-100x12x12.png HTTP/1.1" 304 0 
0:0:0:0:0:0:0:1 -  -  [01/Jun/2016:13:51:43 +0000] "GET /classicui/WebApp/Design/Img/loader-gray-100x12x7.png HTTP/1.1" 304 0 
0:0:0:0:0:0:0:1 -  -  [01/Jun/2016:13:51:43 +0000] "GET /classicui/WebApp/Design/Img/loader-gray-100x12x6.png HTTP/1.1" 304 0 
0:0:0:0:0:0:0:1 -  -  [01/Jun/2016:13:51:43 +0000] "GET /classicui/WebApp/Design/Img/button-simple-touch.png HTTP/1.1" 304 0 
0:0:0:0:0:0:0:1 -  -  [01/Jun/2016:13:51:43 +0000] "GET /classicui/WebApp/Design/Img/loader-gray-100x12x8.png HTTP/1.1" 304 0 
0:0:0:0:0:0:0:1 -  -  [01/Jun/2016:13:51:43 +0000] "GET /classicui/WebApp/Design/Img/loader-big-white-100x12x8.png HTTP/1.1" 304 0 
0:0:0:0:0:0:0:1 -  -  [01/Jun/2016:13:51:43 +0000] "GET /classicui/WebApp/Design/Img/loader-gray-100x12x4.png HTTP/1.1" 304 0 
0:0:0:0:0:0:0:1 -  -  [01/Jun/2016:13:51:43 +0000] "GET /classicui/WebApp/Design/Img/chevron-select.png HTTP/1.1" 304 0 
0:0:0:0:0:0:0:1 -  -  [01/Jun/2016:13:51:43 +0000] "GET /classicui/WebApp/Design/Img/loader-big-white-100x12x2.png HTTP/1.1" 304 0 
0:0:0:0:0:0:0:1 -  -  [01/Jun/2016:13:51:43 +0000] "GET /classicui/WebApp/Design/Img/loader-big-white-100x12x1.png HTTP/1.1" 304 0 
0:0:0:0:0:0:0:1 -  -  [01/Jun/2016:13:51:43 +0000] "GET /classicui/WebApp/Design/Img/loader-gray-100x12x11.png HTTP/1.1" 304 0 
0:0:0:0:0:0:0:1 -  -  [01/Jun/2016:13:51:43 +0000] "GET /classicui/WebApp/Design/Img/button-back.png HTTP/1.1" 304 0 
0:0:0:0:0:0:0:1 -  -  [01/Jun/2016:13:51:43 +0000] "GET /classicui/WebApp/Design/Img/button-simple.png HTTP/1.1" 304 0 
0:0:0:0:0:0:0:1 -  -  [01/Jun/2016:13:51:44 +0000] "GET /classicui/jquery.minicolors.png HTTP/1.1" 304 0 
0:0:0:0:0:0:0:1 -  -  [01/Jun/2016:13:51:44 +0000] "GET /images/favicon.ico HTTP/1.1" 200 1150 
0:0:0:0:0:0:0:1 -  -  [01/Jun/2016:13:51:45 +0000] "GET /openhab.app?sitemap=dhruv&poll=true&__async=true&__source=waHome HTTP/1.1" 200 92 
0:0:0:0:0:0:0:1 -  -  [01/Jun/2016:13:51:57 +0000] "GET /openhab.app?sitemap=dhruv&poll=true&__async=true&__source=waHome HTTP/1.1" 200 92 
0:0:0:0:0:0:0:1 -  -  [01/Jun/2016:13:52:07 +0000] "GET /openhab.app?sitemap=dhruv&poll=true&__async=true&__source=waHome HTTP/1.1" 200 92 
0:0:0:0:0:0:0:1 -  -  [01/Jun/2016:13:52:18 +0000] "GET /openhab.app?sitemap=dhruv&poll=true&__async=true&__source=waHome HTTP/1.1" 200 92 
0:0:0:0:0:0:0:1 -  -  [01/Jun/2016:13:52:29 +0000] "GET /openhab.app?sitemap=dhruv&poll=true&__async=true&__source=waHome HTTP/1.1" 200 92 
0:0:0:0:0:0:0:1 -  -  [01/Jun/2016:13:52:39 +0000] "GET /openhab.app?sitemap=dhruv&poll=true&__async=true&__source=waHome HTTP/1.1" 200 92 
0:0:0:0:0:0:0:1 -  -  [01/Jun/2016:13:52:50 +0000] "GET /openhab.app?sitemap=dhruv&poll=true&__async=true&__source=waHome HTTP/1.1" 200 92 
0:0:0:0:0:0:0:1 -  -  [01/Jun/2016:13:53:00 +0000] "GET /openhab.app?sitemap=dhruv&poll=true&__async=true&__source=waHome HTTP/1.1" 200 92 
0:0:0:0:0:0:0:1 -  -  [01/Jun/2016:13:53:11 +0000] "GET /openhab.app?sitemap=dhruv&poll=true&__async=true&__source=waHome HTTP/1.1" 200 92 
0:0:0:0:0:0:0:1 -  -  [01/Jun/2016:13:53:22 +0000] "GET /openhab.app?sitemap=dhruv&poll=true&__async=true&__source=waHome HTTP/1.1" 200 92 
0:0:0:0:0:0:0:1 -  -  [01/Jun/2016:13:53:32 +0000] "GET /openhab.app?sitemap=dhruv&poll=true&__async=true&__source=waHome HTTP/1.1" 200 92 
0:0:0:0:0:0:0:1 -  -  [01/Jun/2016:13:53:43 +0000] "GET /openhab.app?sitemap=dhruv&poll=true&__async=true&__source=waHome HTTP/1.1" 200 92 
0:0:0:0:0:0:0:1 -  -  [01/Jun/2016:13:53:53 +0000] "GET /openhab.app?sitemap=dhruv&poll=true&__async=true&__source=waHome HTTP/1.1" 200 92 
0:0:0:0:0:0:0:1 -  -  [01/Jun/2016:13:54:04 +0000] "GET /openhab.app?sitemap=dhruv&poll=true&__async=true&__source=waHome HTTP/1.1" 200 92 
0:0:0:0:0:0:0:1 -  -  [01/Jun/2016:13:54:14 +0000] "GET /openhab.app?sitemap=dhruv&poll=true&__async=true&__source=waHome HTTP/1.1" 200 92 
0:0:0:0:0:0:0:1 -  -  [01/Jun/2016:13:54:25 +0000] "GET /openhab.app?sitemap=dhruv&poll=true&__async=true&__source=waHome HTTP/1.1" 200 92 
0:0:0:0:0:0:0:1 -  -  [01/Jun/2016:13:54:36 +0000] "GET /openhab.app?sitemap=dhruv&poll=true&__async=true&__source=waHome HTTP/1.1" 200 92 
0:0:0:0:0:0:0:1 -  -  [01/Jun/2016:13:54:46 +0000] "GET /openhab.app?sitemap=dhruv&poll=true&__async=true&__source=waHome HTTP/1.1" 200 92 
0:0:0:0:0:0:0:1 -  -  [01/Jun/2016:13:54:57 +0000] "GET /openhab.app?sitemap=dhruv&poll=true&__async=true&__source=waHome HTTP/1.1" 200 507 
0:0:0:0:0:0:0:1 -  -  [01/Jun/2016:13:55:00 +0000] "GET /openhab.app?sitemap=dhruv&poll=true&__async=true&__source=waHome HTTP/1.1" 200 92 
0:0:0:0:0:0:0:1 -  -  [01/Jun/2016:13:55:10 +0000] "GET /openhab.app?sitemap=dhruv&poll=true&__async=true&__source=waHome HTTP/1.1" 200 92 
0:0:0:0:0:0:0:1 -  -  [01/Jun/2016:13:55:21 +0000] "GET /openhab.app?sitemap=dhruv&poll=true&__async=true&__source=waHome HTTP/1.1" 200 92 
0:0:0:0:0:0:0:1 -  -  [01/Jun/2016:13:55:31 +0000] "GET /openhab.app?sitemap=dhruv&poll=true&__async=true&__source=waHome HTTP/1.1" 200 92 
0:0:0:0:0:0:0:1 -  -  [01/Jun/2016:13:55:42 +0000] "GET /openhab.app?sitemap=dhruv&poll=true&__async=true&__source=waHome HTTP/1.1" 200 92 
0:0:0:0:0:0:0:1 -  -  [01/Jun/2016:13:55:53 +0000] "GET /openhab.app?sitemap=dhruv&poll=true&__async=true&__source=waHome HTTP/1.1" 200 92 
0:0:0:0:0:0:0:1 -  -  [01/Jun/2016:13:56:03 +0000] "GET /openhab.app?sitemap=dhruv&poll=true&__async=true&__source=waHome HTTP/1.1" 200 92 
0:0:0:0:0:0:0:1 -  -  [01/Jun/2016:13:56:14 +0000] "GET /openhab.app?sitemap=dhruv&poll=true&__async=true&__source=waHome HTTP/1.1" 200 92 
0:0:0:0:0:0:0:1 -  -  [01/Jun/2016:13:56:24 +0000] "GET /openhab.app?sitemap=dhruv&poll=true&__async=true&__source=waHome HTTP/1.1" 200 92 
0:0:0:0:0:0:0:1 -  -  [01/Jun/2016:13:56:35 +0000] "GET /openhab.app?sitemap=dhruv&poll=true&__async=true&__source=waHome HTTP/1.1" 200 92 
0:0:0:0:0:0:0:1 -  -  [01/Jun/2016:13:56:46 +0000] "GET /openhab.app?sitemap=dhruv&poll=true&__async=true&__source=waHome HTTP/1.1" 200 92 
0:0:0:0:0:0:0:1 -  -  [01/Jun/2016:13:56:56 +0000] "GET /openhab.app?sitemap=dhruv&poll=true&__async=true&__source=waHome HTTP/1.1" 200 92 
0:0:0:0:0:0:0:1 -  -  [01/Jun/2016:13:57:07 +0000] "GET /openhab.app?sitemap=dhruv&poll=true&__async=true&__source=waHome HTTP/1.1" 200 92 
0:0:0:0:0:0:0:1 -  -  [01/Jun/2016:13:57:17 +0000] "GET /openhab.app?sitemap=dhruv&poll=true&__async=true&__source=waHome HTTP/1.1" 200 92 
0:0:0:0:0:0:0:1 -  -  [01/Jun/2016:13:57:28 +0000] "GET /openhab.app?sitemap=dhruv&poll=true&__async=true&__source=waHome HTTP/1.1" 200 92 
0:0:0:0:0:0:0:1 -  -  [01/Jun/2016:13:57:38 +0000] "GET /openhab.app?sitemap=dhruv&poll=true&__async=true&__source=waHome HTTP/1.1" 200 92 
0:0:0:0:0:0:0:1 -  -  [01/Jun/2016:13:57:49 +0000] "GET /openhab.app?sitemap=dhruv&poll=true&__async=true&__source=waHome HTTP/1.1" 200 92 
0:0:0:0:0:0:0:1 -  -  [01/Jun/2016:13:58:07 +0000] "GET /openhab.app?sitemap=demo HTTP/1.1" 200 10923 
0:0:0:0:0:0:0:1 -  -  [01/Jun/2016:13:58:10 +0000] "GET /openhab.app?sitemap=demo&w=0100&__async=true&__source=waHome HTTP/1.1" 200 1721 
0:0:0:0:0:0:0:1 -  -  [01/Jun/2016:13:58:00 +0000] "GET /openhab.app?sitemap=dhruv&poll=true&__async=true&__source=waHome HTTP/1.1" 200 92 
0:0:0:0:0:0:0:1 -  -  [01/Jun/2016:13:58:10 +0000] "GET /chart?groups=Weather_Chart&period=h&t=1464789490202 HTTP/1.1" 200 3497 
0:0:0:0:0:0:0:1 -  -  [01/Jun/2016:13:58:15 +0000] "GET /openhab.app?sitemap=demo HTTP/1.1" 200 10923 
0:0:0:0:0:0:0:1 -  -  [01/Jun/2016:13:58:15 +0000] "GET /classicui/WebApp/Design/Render.css HTTP/1.1" 304 0 
0:0:0:0:0:0:0:1 -  -  [01/Jun/2016:13:58:15 +0000] "GET /classicui/WebApp/Design/RenderRTL.css HTTP/1.1" 304 0 
0:0:0:0:0:0:0:1 -  -  [01/Jun/2016:13:58:15 +0000] "GET /classicui/WebApp/Design/Firefox.css HTTP/1.1" 304 0 
0:0:0:0:0:0:0:1 -  -  [01/Jun/2016:13:58:15 +0000] "GET /classicui/jquery.miniColors.js HTTP/1.1" 304 0 
0:0:0:0:0:0:0:1 -  -  [01/Jun/2016:13:58:15 +0000] "GET /classicui/WebApp/Design/openHAB.css HTTP/1.1" 304 0 
0:0:0:0:0:0:0:1 -  -  [01/Jun/2016:13:58:15 +0000] "GET /classicui/jquery.miniColors.css HTTP/1.1" 304 0 
0:0:0:0:0:0:0:1 -  -  [01/Jun/2016:13:58:15 +0000] "GET /classicui/WebApp/Action/Logic.min.js HTTP/1.1" 304 0 
0:0:0:0:0:0:0:1 -  -  [01/Jun/2016:13:58:15 +0000] "GET /classicui/jquery.min.js HTTP/1.1" 304 0 
0:0:0:0:0:0:0:1 -  -  [01/Jun/2016:13:58:15 +0000] "GET /images/firstfloor.png HTTP/1.1" 304 0 
0:0:0:0:0:0:0:1 -  -  [01/Jun/2016:13:58:15 +0000] "GET /images/groundfloor.png HTTP/1.1" 304 0 
0:0:0:0:0:0:0:1 -  -  [01/Jun/2016:13:58:15 +0000] "GET /images/garden.png HTTP/1.1" 304 0 
0:0:0:0:0:0:0:1 -  -  [01/Jun/2016:13:58:15 +0000] "GET /images/cellar.png HTTP/1.1" 304 0 
0:0:0:0:0:0:0:1 -  -  [01/Jun/2016:13:58:15 +0000] "GET /images/temperature.png HTTP/1.1" 304 0 
0:0:0:0:0:0:0:1 -  -  [01/Jun/2016:13:58:15 +0000] "GET /images/calendar.png HTTP/1.1" 304 0 
0:0:0:0:0:0:0:1 -  -  [01/Jun/2016:13:58:15 +0000] "GET /images/chart.png HTTP/1.1" 304 0 
0:0:0:0:0:0:0:1 -  -  [01/Jun/2016:13:58:15 +0000] "GET /images/none.png HTTP/1.1" 304 0 
0:0:0:0:0:0:0:1 -  -  [01/Jun/2016:13:58:15 +0000] "GET /images/video.png HTTP/1.1" 304 0 
0:0:0:0:0:0:0:1 -  -  [01/Jun/2016:13:58:09 +0000] "GET /openhab.app?sitemap=demo&poll=true&__async=true&__source=waHome HTTP/1.1" 200 92 
0:0:0:0:0:0:0:1 -  -  [01/Jun/2016:13:58:10 +0000] "GET /openhab.app?sitemap=dhruv&poll=true&__async=true&__source=waHome HTTP/1.1" 200 92 
0:0:0:0:0:0:0:1 -  -  [01/Jun/2016:13:58:10 +0000] "GET /openhab.app?sitemap=demo&sitemap=demo&w=0100&poll=true&__async=true&__source=wa0100 HTTP/1.1" 200 92 
0:0:0:0:0:0:0:1 -  -  [01/Jun/2016:13:58:17 +0000] "GET /openhab.app?sitemap=demo&poll=true&__async=true&__source=waHome HTTP/1.1" 200 92 
0:0:0:0:0:0:0:1 -  -  [01/Jun/2016:13:58:21 +0000] "GET /openhab.app?sitemap=dhruv&poll=true&__async=true&__source=waHome HTTP/1.1" 200 92 
0:0:0:0:0:0:0:1 -  -  [01/Jun/2016:13:58:28 +0000] "GET /openhab.app?sitemap=demo&poll=true&__async=true&__source=waHome HTTP/1.1" 200 92 
0:0:0:0:0:0:0:1 -  -  [01/Jun/2016:13:58:31 +0000] "GET /openhab.app?sitemap=dhruv&poll=true&__async=true&__source=waHome HTTP/1.1" 200 92 
0:0:0:0:0:0:0:1 -  -  [01/Jun/2016:13:58:38 +0000] "GET /openhab.app?sitemap=demo&poll=true&__async=true&__source=waHome HTTP/1.1" 200 92 
0:0:0:0:0:0:0:1 -  -  [01/Jun/2016:13:58:42 +0000] "GET /openhab.app?sitemap=dhruv&poll=true&__async=true&__source=waHome HTTP/1.1" 200 92 
0:0:0:0:0:0:0:1 -  -  [01/Jun/2016:13:58:49 +0000] "GET /openhab.app?sitemap=demo&poll=true&__async=true&__source=waHome HTTP/1.1" 200 92 
0:0:0:0:0:0:0:1 -  -  [01/Jun/2016:13:58:52 +0000] "GET /openhab.app?sitemap=dhruv&poll=true&__async=true&__source=waHome HTTP/1.1" 200 92 
0:0:0:0:0:0:0:1 -  -  [01/Jun/2016:13:58:59 +0000] "GET /openhab.app?sitemap=demo&poll=true&__async=true&__source=waHome HTTP/1.1" 200 92 
0:0:0:0:0:0:0:1 -  -  [01/Jun/2016:13:59:03 +0000] "GET /openhab.app?sitemap=dhruv&poll=true&__async=true&__source=waHome HTTP/1.1" 200 92 
0:0:0:0:0:0:0:1 -  -  [01/Jun/2016:13:59:10 +0000] "GET /openhab.app?sitemap=demo&poll=true&__async=true&__source=waHome HTTP/1.1" 200 92 
0:0:0:0:0:0:0:1 -  -  [01/Jun/2016:13:59:14 +0000] "GET /openhab.app?sitemap=dhruv&poll=true&__async=true&__source=waHome HTTP/1.1" 200 92 
0:0:0:0:0:0:0:1 -  -  [01/Jun/2016:13:59:21 +0000] "GET /openhab.app?sitemap=demo&poll=true&__async=true&__source=waHome HTTP/1.1" 200 92 
0:0:0:0:0:0:0:1 -  -  [01/Jun/2016:13:59:24 +0000] "GET /openhab.app?sitemap=dhruv&poll=true&__async=true&__source=waHome HTTP/1.1" 200 92 
0:0:0:0:0:0:0:1 -  -  [01/Jun/2016:13:59:31 +0000] "GET /openhab.app?sitemap=demo&poll=true&__async=true&__source=waHome HTTP/1.1" 200 92 
0:0:0:0:0:0:0:1 -  -  [01/Jun/2016:13:59:35 +0000] "GET /openhab.app?sitemap=dhruv&poll=true&__async=true&__source=waHome HTTP/1.1" 200 92 
0:0:0:0:0:0:0:1 -  -  [01/Jun/2016:13:59:42 +0000] "GET /openhab.app?sitemap=demo&poll=true&__async=true&__source=waHome HTTP/1.1" 200 92 
0:0:0:0:0:0:0:1 -  -  [01/Jun/2016:13:59:45 +0000] "GET /openhab.app?sitemap=dhruv&poll=true&__async=true&__source=waHome HTTP/1.1" 200 92 
0:0:0:0:0:0:0:1 -  -  [01/Jun/2016:13:59:52 +0000] "GET /openhab.app?sitemap=demo&poll=true&__async=true&__source=waHome HTTP/1.1" 200 1916 
0:0:0:0:0:0:0:1 -  -  [01/Jun/2016:13:59:56 +0000] "GET /openhab.app?sitemap=dhruv&poll=true&__async=true&__source=waHome HTTP/1.1" 200 507 
0:0:0:0:0:0:0:1 -  -  [01/Jun/2016:14:00:00 +0000] "GET /openhab.app?sitemap=demo&poll=true&__async=true&__source=waHome HTTP/1.1" 200 92 
0:0:0:0:0:0:0:1 -  -  [01/Jun/2016:14:00:00 +0000] "GET /openhab.app?sitemap=dhruv&poll=true&__async=true&__source=waHome HTTP/1.1" 200 92 
0:0:0:0:0:0:0:1 -  -  [01/Jun/2016:14:00:10 +0000] "GET /openhab.app?sitemap=demo&poll=true&__async=true&__source=waHome HTTP/1.1" 200 92 
0:0:0:0:0:0:0:1 -  -  [01/Jun/2016:14:00:11 +0000] "GET /openhab.app?sitemap=dhruv&poll=true&__async=true&__source=waHome HTTP/1.1" 200 92 
0:0:0:0:0:0:0:1 -  -  [01/Jun/2016:14:00:21 +0000] "GET /openhab.app?sitemap=demo&poll=true&__async=true&__source=waHome HTTP/1.1" 200 92 
0:0:0:0:0:0:0:1 -  -  [01/Jun/2016:14:00:21 +0000] "GET /openhab.app?sitemap=dhruv&poll=true&__async=true&__source=waHome HTTP/1.1" 200 92 
0:0:0:0:0:0:0:1 -  -  [01/Jun/2016:14:00:32 +0000] "GET /openhab.app?sitemap=demo&poll=true&__async=true&__source=waHome HTTP/1.1" 200 92 
0:0:0:0:0:0:0:1 -  -  [01/Jun/2016:14:00:32 +0000] "GET /openhab.app?sitemap=dhruv&poll=true&__async=true&__source=waHome HTTP/1.1" 200 92 
0:0:0:0:0:0:0:1 -  -  [01/Jun/2016:14:00:42 +0000] "GET /openhab.app?sitemap=demo&poll=true&__async=true&__source=waHome HTTP/1.1" 200 92 
0:0:0:0:0:0:0:1 -  -  [01/Jun/2016:14:00:42 +0000] "GET /openhab.app?sitemap=dhruv&poll=true&__async=true&__source=waHome HTTP/1.1" 200 92 
0:0:0:0:0:0:0:1 -  -  [01/Jun/2016:14:00:53 +0000] "GET /openhab.app?sitemap=demo&poll=true&__async=true&__source=waHome HTTP/1.1" 200 92 
0:0:0:0:0:0:0:1 -  -  [01/Jun/2016:14:00:53 +0000] "GET /openhab.app?sitemap=dhruv&poll=true&__async=true&__source=waHome HTTP/1.1" 200 92 
0:0:0:0:0:0:0:1 -  -  [01/Jun/2016:14:01:03 +0000] "GET /openhab.app?sitemap=demo&poll=true&__async=true&__source=waHome HTTP/1.1" 200 92 
0:0:0:0:0:0:0:1 -  -  [01/Jun/2016:14:01:04 +0000] "GET /openhab.app?sitemap=dhruv&poll=true&__async=true&__source=waHome HTTP/1.1" 200 92 
0:0:0:0:0:0:0:1 -  -  [01/Jun/2016:14:01:14 +0000] "GET /openhab.app?sitemap=demo&poll=true&__async=true&__source=waHome HTTP/1.1" 200 92 
0:0:0:0:0:0:0:1 -  -  [01/Jun/2016:14:01:14 +0000] "GET /openhab.app?sitemap=dhruv&poll=true&__async=true&__source=waHome HTTP/1.1" 200 92 
0:0:0:0:0:0:0:1 -  -  [01/Jun/2016:14:01:33 +0000] "GET /openhab.app?sitemap=demo&w=0301&__async=true&__source=waHome HTTP/1.1" 200 6773 
0:0:0:0:0:0:0:1 -  -  [01/Jun/2016:14:01:33 +0000] "GET /images/switch-off.png HTTP/1.1" 200 1467 
0:0:0:0:0:0:0:1 -  -  [01/Jun/2016:14:01:33 +0000] "GET /images/sofa.png HTTP/1.1" 200 4933 
0:0:0:0:0:0:0:1 -  -  [01/Jun/2016:14:01:33 +0000] "GET /images/_down.png HTTP/1.1" 200 1690 
0:0:0:0:0:0:0:1 -  -  [01/Jun/2016:14:01:33 +0000] "GET /images/_up.png HTTP/1.1" 200 1697 
0:0:0:0:0:0:0:1 -  -  [01/Jun/2016:14:01:33 +0000] "GET /images/slider.png HTTP/1.1" 200 2076 
0:0:0:0:0:0:0:1 -  -  [01/Jun/2016:14:01:33 +0000] "GET /images/colorwheel.png HTTP/1.1" 200 1930 
0:0:0:0:0:0:0:1 -  -  [01/Jun/2016:14:01:33 +0000] "GET /images/rollershutter.png HTTP/1.1" 200 4037 
0:0:0:0:0:0:0:1 -  -  [01/Jun/2016:14:01:33 +0000] "GET /images/_stop.png HTTP/1.1" 200 1911 
0:0:0:0:0:0:0:1 -  -  [01/Jun/2016:14:01:33 +0000] "GET /classicui/WebApp/Design/Img/bg-switch.png HTTP/1.1" 200 157 
0:0:0:0:0:0:0:1 -  -  [01/Jun/2016:14:01:33 +0000] "GET /classicui/WebApp/Design/Img/bg-switch-thumb.png HTTP/1.1" 200 164 
0:0:0:0:0:0:0:1 -  -  [01/Jun/2016:14:01:33 +0000] "GET /classicui/WebApp/Design/Img/form-check-text.png HTTP/1.1" 200 122 
0:0:0:0:0:0:0:1 -  -  [01/Jun/2016:14:01:25 +0000] "GET /openhab.app?sitemap=demo&poll=true&__async=true&__source=waHome HTTP/1.1" 200 92 
0:0:0:0:0:0:0:1 -  -  [01/Jun/2016:14:01:25 +0000] "GET /openhab.app?sitemap=dhruv&poll=true&__async=true&__source=waHome HTTP/1.1" 200 92 
0:0:0:0:0:0:0:1 -  -  [01/Jun/2016:14:01:41 +0000] "GET /openhab.app?sitemap=demo&w=0003&__async=true&__source=waHome HTTP/1.1" 200 1272 
0:0:0:0:0:0:0:1 -  -  [01/Jun/2016:14:01:41 +0000] "GET /images/switch.png HTTP/1.1" 200 1467 
0:0:0:0:0:0:0:1 -  -  [01/Jun/2016:14:01:41 +0000] "GET /images/contact.png HTTP/1.1" 200 4878 
0:0:0:0:0:0:0:1 -  -  [01/Jun/2016:14:01:33 +0000] "GET /openhab.app?sitemap=demo&sitemap=demo&w=0301&poll=true&__async=true&__source=wa0301 HTTP/1.1" 200 92 
0:0:0:0:0:0:0:1 -  -  [01/Jun/2016:14:01:35 +0000] "GET /openhab.app?sitemap=dhruv&poll=true&__async=true&__source=waHome HTTP/1.1" 200 92 
0:0:0:0:0:0:0:1 -  -  [01/Jun/2016:14:01:46 +0000] "GET /openhab.app?sitemap=demo&w=0100&__async=true&__source=waHome HTTP/1.1" 200 1721 
0:0:0:0:0:0:0:1 -  -  [01/Jun/2016:14:01:46 +0000] "GET /chart?groups=Weather_Chart&period=h&t=1464789706681 HTTP/1.1" 200 3501 
0:0:0:0:0:0:0:1 -  -  [01/Jun/2016:14:01:38 +0000] "GET /openhab.app?sitemap=demo&sitemap=demo&w=&poll=true&__async=true&__source=waHome HTTP/1.1" 200 92 
0:0:0:0:0:0:0:1 -  -  [01/Jun/2016:14:01:52 +0000] "GET /chart?groups=Weather_Chart&period=h&t=1464789712764 HTTP/1.1" 200 3504 
0:0:0:0:0:0:0:1 -  -  [01/Jun/2016:14:01:42 +0000] "GET /openhab.app?sitemap=demo&sitemap=demo&w=0003&poll=true&__async=true&__source=wa0003 HTTP/1.1" 200 92 
0:0:0:0:0:0:0:1 -  -  [01/Jun/2016:14:01:45 +0000] "GET /openhab.app?sitemap=demo&sitemap=demo&w=Home&poll=true&__async=true&__source=waHome HTTP/1.1" 200 92 
0:0:0:0:0:0:0:1 -  -  [01/Jun/2016:14:01:46 +0000] "GET /openhab.app?sitemap=dhruv&poll=true&__async=true&__source=waHome HTTP/1.1" 200 92 
0:0:0:0:0:0:0:1 -  -  [01/Jun/2016:14:01:47 +0000] "GET /openhab.app?sitemap=demo&sitemap=demo&w=0100&poll=true&__async=true&__source=wa0100 HTTP/1.1" 200 92 
0:0:0:0:0:0:0:1 -  -  [01/Jun/2016:14:01:59 +0000] "GET /chart?groups=Weather_Chart&period=h&t=1464789719784 HTTP/1.1" 200 3500 
0:0:0:0:0:0:0:1 -  -  [01/Jun/2016:14:02:06 +0000] "GET /chart?groups=Weather_Chart&period=h&t=1464789726818 HTTP/1.1" 200 3501 
0:0:0:0:0:0:0:1 -  -  [01/Jun/2016:14:01:56 +0000] "GET /openhab.app?sitemap=dhruv&poll=true&__async=true&__source=waHome HTTP/1.1" 200 92 
0:0:0:0:0:0:0:1 -  -  [01/Jun/2016:14:01:57 +0000] "GET /openhab.app?sitemap=demo&sitemap=demo&w=0100&poll=true&__async=true&__source=wa0100 HTTP/1.1" 200 92 
0:0:0:0:0:0:0:1 -  -  [01/Jun/2016:14:02:14 +0000] "GET /chart?groups=Weather_Chart&period=h&t=1464789734168 HTTP/1.1" 200 3500 
0:0:0:0:0:0:0:1 -  -  [01/Jun/2016:14:02:07 +0000] "GET /openhab.app?sitemap=dhruv&poll=true&__async=true&__source=waHome HTTP/1.1" 200 92 
0:0:0:0:0:0:0:1 -  -  [01/Jun/2016:14:02:08 +0000] "GET /openhab.app?sitemap=demo&sitemap=demo&w=0100&poll=true&__async=true&__source=wa0100 HTTP/1.1" 200 92 
0:0:0:0:0:0:0:1 -  -  [01/Jun/2016:14:02:21 +0000] "GET /chart?groups=Weather_Chart&period=h&t=1464789741163 HTTP/1.1" 200 3514 
0:0:0:0:0:0:0:1 -  -  [01/Jun/2016:14:02:28 +0000] "GET /chart?groups=Weather_Chart&period=h&t=1464789748019 HTTP/1.1" 200 3517 
0:0:0:0:0:0:0:1 -  -  [01/Jun/2016:14:02:18 +0000] "GET /openhab.app?sitemap=dhruv&poll=true&__async=true&__source=waHome HTTP/1.1" 200 92 
0:0:0:0:0:0:0:1 -  -  [01/Jun/2016:14:02:18 +0000] "GET /openhab.app?sitemap=demo&sitemap=demo&w=0100&poll=true&__async=true&__source=wa0100 HTTP/1.1" 200 92 
0:0:0:0:0:0:0:1 -  -  [01/Jun/2016:14:02:34 +0000] "GET /chart?groups=Weather_Chart&period=h&t=1464789754675 HTTP/1.1" 200 3514 
0:0:0:0:0:0:0:1 -  -  [01/Jun/2016:14:02:28 +0000] "GET /openhab.app?sitemap=dhruv&poll=true&__async=true&__source=waHome HTTP/1.1" 200 92 
0:0:0:0:0:0:0:1 -  -  [01/Jun/2016:14:02:29 +0000] "GET /openhab.app?sitemap=demo&sitemap=demo&w=0100&poll=true&__async=true&__source=wa0100 HTTP/1.1" 200 92 
0:0:0:0:0:0:0:1 -  -  [01/Jun/2016:14:02:42 +0000] "GET /chart?groups=Weather_Chart&period=h&t=1464789762160 HTTP/1.1" 200 3509 
0:0:0:0:0:0:0:1 -  -  [01/Jun/2016:14:02:48 +0000] "GET /chart?groups=Weather_Chart&period=h&t=1464789768987 HTTP/1.1" 200 3507 
0:0:0:0:0:0:0:1 -  -  [01/Jun/2016:14:02:39 +0000] "GET /openhab.app?sitemap=dhruv&poll=true&__async=true&__source=waHome HTTP/1.1" 200 92 
0:0:0:0:0:0:0:1 -  -  [01/Jun/2016:14:02:40 +0000] "GET /openhab.app?sitemap=demo&sitemap=demo&w=0100&poll=true&__async=true&__source=wa0100 HTTP/1.1" 200 92 
0:0:0:0:0:0:0:1 -  -  [01/Jun/2016:14:02:56 +0000] "GET /chart?groups=Weather_Chart&period=h&t=1464789776007 HTTP/1.1" 200 3516 
0:0:0:0:0:0:0:1 -  -  [01/Jun/2016:14:02:49 +0000] "GET /openhab.app?sitemap=dhruv&poll=true&__async=true&__source=waHome HTTP/1.1" 200 92 
0:0:0:0:0:0:0:1 -  -  [01/Jun/2016:14:02:50 +0000] "GET /openhab.app?sitemap=demo&sitemap=demo&w=0100&poll=true&__async=true&__source=wa0100 HTTP/1.1" 200 92 
0:0:0:0:0:0:0:1 -  -  [01/Jun/2016:14:03:02 +0000] "GET /chart?groups=Weather_Chart&period=h&t=1464789782033 HTTP/1.1" 200 3518 
0:0:0:0:0:0:0:1 -  -  [01/Jun/2016:14:03:05 +0000] "GET /openhab.app?sitemap=dhruv HTTP/1.1" 200 9520 
0:0:0:0:0:0:0:1 -  -  [01/Jun/2016:14:03:05 +0000] "GET /classicui/WebApp/Design/Render.css HTTP/1.1" 304 0 
0:0:0:0:0:0:0:1 -  -  [01/Jun/2016:14:03:05 +0000] "GET /classicui/WebApp/Design/openHAB.css HTTP/1.1" 304 0 
0:0:0:0:0:0:0:1 -  -  [01/Jun/2016:14:03:05 +0000] "GET /classicui/WebApp/Design/RenderRTL.css HTTP/1.1" 304 0 
0:0:0:0:0:0:0:1 -  -  [01/Jun/2016:14:03:05 +0000] "GET /classicui/WebApp/Design/Firefox.css HTTP/1.1" 304 0 
0:0:0:0:0:0:0:1 -  -  [01/Jun/2016:14:03:05 +0000] "GET /classicui/jquery.miniColors.css HTTP/1.1" 304 0 
0:0:0:0:0:0:0:1 -  -  [01/Jun/2016:14:03:05 +0000] "GET /classicui/WebApp/Action/Logic.min.js HTTP/1.1" 304 0 
0:0:0:0:0:0:0:1 -  -  [01/Jun/2016:14:03:05 +0000] "GET /classicui/jquery.min.js HTTP/1.1" 304 0 
0:0:0:0:0:0:0:1 -  -  [01/Jun/2016:14:03:05 +0000] "GET /classicui/jquery.miniColors.js HTTP/1.1" 304 0 
0:0:0:0:0:0:0:1 -  -  [01/Jun/2016:14:03:05 +0000] "GET /images/temperature.png HTTP/1.1" 304 0 
0:0:0:0:0:0:0:1 -  -  [01/Jun/2016:14:03:05 +0000] "GET /images/none.png HTTP/1.1" 304 0 
0:0:0:0:0:0:0:1 -  -  [01/Jun/2016:14:03:05 +0000] "GET /images/favicon.ico HTTP/1.1" 200 1150 
0:0:0:0:0:0:0:1 -  -  [01/Jun/2016:14:03:08 +0000] "GET /chart?groups=Weather_Chart&period=h&t=1464789788676 HTTP/1.1" 200 3518 
0:0:0:0:0:0:0:1 -  -  [01/Jun/2016:14:03:00 +0000] "GET /openhab.app?sitemap=dhruv&poll=true&__async=true&__source=waHome HTTP/1.1" 200 92 
0:0:0:0:0:0:0:1 -  -  [01/Jun/2016:14:03:01 +0000] "GET /openhab.app?sitemap=demo&sitemap=demo&w=0100&poll=true&__async=true&__source=wa0100 HTTP/1.1" 200 92 
0:0:0:0:0:0:0:1 -  -  [01/Jun/2016:14:03:15 +0000] "GET /chart?groups=Weather_Chart&period=h&t=1464789795000 HTTP/1.1" 200 3520 
0:0:0:0:0:0:0:1 -  -  [01/Jun/2016:14:03:07 +0000] "GET /openhab.app?sitemap=dhruv&poll=true&__async=true&__source=waHome HTTP/1.1" 200 92 
0:0:0:0:0:0:0:1 -  -  [01/Jun/2016:14:03:22 +0000] "GET /chart?groups=Weather_Chart&period=h&t=1464789802007 HTTP/1.1" 200 3523 
0:0:0:0:0:0:0:1 -  -  [01/Jun/2016:14:03:11 +0000] "GET /openhab.app?sitemap=demo&sitemap=demo&w=0100&poll=true&__async=true&__source=wa0100 HTTP/1.1" 200 92 
0:0:0:0:0:0:0:1 -  -  [01/Jun/2016:14:03:17 +0000] "GET /openhab.app?sitemap=dhruv&poll=true&__async=true&__source=waHome HTTP/1.1" 200 92 
0:0:0:0:0:0:0:1 -  -  [01/Jun/2016:14:03:29 +0000] "GET /chart?groups=Weather_Chart&period=h&t=1464789809013 HTTP/1.1" 200 3524 
0:0:0:0:0:0:0:1 -  -  [01/Jun/2016:14:03:22 +0000] "GET /openhab.app?sitemap=demo&sitemap=demo&w=0100&poll=true&__async=true&__source=wa0100 HTTP/1.1" 200 92 
0:0:0:0:0:0:0:1 -  -  [01/Jun/2016:14:03:35 +0000] "GET /chart?groups=Weather_Chart&period=h&t=1464789815158 HTTP/1.1" 200 3516 
0:0:0:0:0:0:0:1 -  -  [01/Jun/2016:14:03:28 +0000] "GET /openhab.app?sitemap=dhruv&poll=true&__async=true&__source=waHome HTTP/1.1" 200 92 
0:0:0:0:0:0:0:1 -  -  [01/Jun/2016:14:03:42 +0000] "GET /chart?groups=Weather_Chart&period=h&t=1464789822025 HTTP/1.1" 200 3512 
0:0:0:0:0:0:0:1 -  -  [01/Jun/2016:14:03:32 +0000] "GET /openhab.app?sitemap=demo&sitemap=demo&w=0100&poll=true&__async=true&__source=wa0100 HTTP/1.1" 200 92 
0:0:0:0:0:0:0:1 -  -  [01/Jun/2016:14:03:48 +0000] "GET /chart?groups=Weather_Chart&period=h&t=1464789828173 HTTP/1.1" 200 3518 
0:0:0:0:0:0:0:1 -  -  [01/Jun/2016:14:03:39 +0000] "GET /openhab.app?sitemap=dhruv&poll=true&__async=true&__source=waHome HTTP/1.1" 200 92 
0:0:0:0:0:0:0:1 -  -  [01/Jun/2016:14:03:43 +0000] "GET /openhab.app?sitemap=demo&sitemap=demo&w=0100&poll=true&__async=true&__source=wa0100 HTTP/1.1" 200 92 
0:0:0:0:0:0:0:1 -  -  [01/Jun/2016:14:03:54 +0000] "GET /chart?groups=Weather_Chart&period=h&t=1464789834697 HTTP/1.1" 200 3525 
0:0:0:0:0:0:0:1 -  -  [01/Jun/2016:14:03:49 +0000] "GET /openhab.app?sitemap=dhruv&poll=true&__async=true&__source=waHome HTTP/1.1" 200 92 
0:0:0:0:0:0:0:1 -  -  [01/Jun/2016:14:04:00 +0000] "GET /chart?groups=Weather_Chart&period=h&t=1464789840997 HTTP/1.1" 200 3527 
0:0:0:0:0:0:0:1 -  -  [01/Jun/2016:14:03:54 +0000] "GET /openhab.app?sitemap=demo&sitemap=demo&w=0100&poll=true&__async=true&__source=wa0100 HTTP/1.1" 200 92 
0:0:0:0:0:0:0:1 -  -  [01/Jun/2016:14:04:07 +0000] "GET /chart?groups=Weather_Chart&period=h&t=1464789847678 HTTP/1.1" 200 3525 
0:0:0:0:0:0:0:1 -  -  [01/Jun/2016:14:04:00 +0000] "GET /openhab.app?sitemap=dhruv&poll=true&__async=true&__source=waHome HTTP/1.1" 200 92 
0:0:0:0:0:0:0:1 -  -  [01/Jun/2016:14:04:14 +0000] "GET /chart?groups=Weather_Chart&period=h&t=1464789854006 HTTP/1.1" 200 3524 
0:0:0:0:0:0:0:1 -  -  [01/Jun/2016:14:04:04 +0000] "GET /openhab.app?sitemap=demo&sitemap=demo&w=0100&poll=true&__async=true&__source=wa0100 HTTP/1.1" 200 92 
0:0:0:0:0:0:0:1 -  -  [01/Jun/2016:14:04:21 +0000] "GET /chart?groups=Weather_Chart&period=h&t=1464789861018 HTTP/1.1" 200 3519 
0:0:0:0:0:0:0:1 -  -  [01/Jun/2016:14:04:10 +0000] "GET /openhab.app?sitemap=dhruv&poll=true&__async=true&__source=waHome HTTP/1.1" 200 92 
0:0:0:0:0:0:0:1 -  -  [01/Jun/2016:14:04:15 +0000] "GET /openhab.app?sitemap=demo&sitemap=demo&w=0100&poll=true&__async=true&__source=wa0100 HTTP/1.1" 200 92 
0:0:0:0:0:0:0:1 -  -  [01/Jun/2016:14:04:28 +0000] "GET /chart?groups=Weather_Chart&period=h&t=1464789868161 HTTP/1.1" 200 3513 
0:0:0:0:0:0:0:1 -  -  [01/Jun/2016:14:04:21 +0000] "GET /openhab.app?sitemap=dhruv&poll=true&__async=true&__source=waHome HTTP/1.1" 200 92 
0:0:0:0:0:0:0:1 -  -  [01/Jun/2016:14:04:35 +0000] "GET /chart?groups=Weather_Chart&period=h&t=1464789875025 HTTP/1.1" 200 3510 
0:0:0:0:0:0:0:1 -  -  [01/Jun/2016:14:04:25 +0000] "GET /openhab.app?sitemap=demo&sitemap=demo&w=0100&poll=true&__async=true&__source=wa0100 HTTP/1.1" 200 92 
0:0:0:0:0:0:0:1 -  -  [01/Jun/2016:14:04:42 +0000] "GET /chart?groups=Weather_Chart&period=h&t=1464789882013 HTTP/1.1" 200 3507 
0:0:0:0:0:0:0:1 -  -  [01/Jun/2016:14:04:32 +0000] "GET /openhab.app?sitemap=dhruv&poll=true&__async=true&__source=waHome HTTP/1.1" 200 92 
0:0:0:0:0:0:0:1 -  -  [01/Jun/2016:14:04:36 +0000] "GET /openhab.app?sitemap=demo&sitemap=demo&w=0100&poll=true&__async=true&__source=wa0100 HTTP/1.1" 200 92 
0:0:0:0:0:0:0:1 -  -  [01/Jun/2016:14:04:49 +0000] "GET /chart?groups=Weather_Chart&period=h&t=1464789889162 HTTP/1.1" 200 3515 
0:0:0:0:0:0:0:1 -  -  [01/Jun/2016:14:04:42 +0000] "GET /openhab.app?sitemap=dhruv&poll=true&__async=true&__source=waHome HTTP/1.1" 200 92 
0:0:0:0:0:0:0:1 -  -  [01/Jun/2016:14:04:56 +0000] "GET /chart?groups=Weather_Chart&period=h&t=1464789896150 HTTP/1.1" 200 3511 
0:0:0:0:0:0:0:1 -  -  [01/Jun/2016:14:04:47 +0000] "GET /openhab.app?sitemap=demo&sitemap=demo&w=0100&poll=true&__async=true&__source=wa0100 HTTP/1.1" 200 92 
0:0:0:0:0:0:0:1 -  -  [01/Jun/2016:14:04:53 +0000] "GET /openhab.app?sitemap=dhruv&poll=true&__async=true&__source=waHome HTTP/1.1" 200 507 
0:0:0:0:0:0:0:1 -  -  [01/Jun/2016:14:05:03 +0000] "GET /chart?groups=Weather_Chart&period=h&t=1464789903172 HTTP/1.1" 200 3510 
0:0:0:0:0:0:0:1 -  -  [01/Jun/2016:14:04:57 +0000] "GET /openhab.app?sitemap=demo&sitemap=demo&w=0100&poll=true&__async=true&__source=wa0100 HTTP/1.1" 200 92 
0:0:0:0:0:0:0:1 -  -  [01/Jun/2016:14:05:09 +0000] "GET /chart?groups=Weather_Chart&period=h&t=1464789909679 HTTP/1.1" 200 3518 
0:0:0:0:0:0:0:1 -  -  [01/Jun/2016:14:05:00 +0000] "GET /openhab.app?sitemap=dhruv&poll=true&__async=true&__source=waHome HTTP/1.1" 200 92 
0:0:0:0:0:0:0:1 -  -  [01/Jun/2016:14:05:16 +0000] "GET /chart?groups=Weather_Chart&period=h&t=1464789916019 HTTP/1.1" 200 3507 
0:0:0:0:0:0:0:1 -  -  [01/Jun/2016:14:05:08 +0000] "GET /openhab.app?sitemap=demo&sitemap=demo&w=0100&poll=true&__async=true&__source=wa0100 HTTP/1.1" 200 92 
0:0:0:0:0:0:0:1 -  -  [01/Jun/2016:14:05:10 +0000] "GET /openhab.app?sitemap=dhruv&poll=true&__async=true&__source=waHome HTTP/1.1" 200 92 
0:0:0:0:0:0:0:1 -  -  [01/Jun/2016:14:05:22 +0000] "GET /chart?groups=Weather_Chart&period=h&t=1464789922091 HTTP/1.1" 200 3503 
0:0:0:0:0:0:0:1 -  -  [01/Jun/2016:14:05:28 +0000] "GET /chart?groups=Weather_Chart&period=h&t=1464789928929 HTTP/1.1" 200 3503 
0:0:0:0:0:0:0:1 -  -  [01/Jun/2016:14:05:18 +0000] "GET /openhab.app?sitemap=demo&sitemap=demo&w=0100&poll=true&__async=true&__source=wa0100 HTTP/1.1" 200 92 
0:0:0:0:0:0:0:1 -  -  [01/Jun/2016:14:05:21 +0000] "GET /openhab.app?sitemap=dhruv&poll=true&__async=true&__source=waHome HTTP/1.1" 200 92 
0:0:0:0:0:0:0:1 -  -  [01/Jun/2016:14:05:35 +0000] "GET /chart?groups=Weather_Chart&period=h&t=1464789935679 HTTP/1.1" 200 3513 
0:0:0:0:0:0:0:1 -  -  [01/Jun/2016:14:05:29 +0000] "GET /openhab.app?sitemap=demo&sitemap=demo&w=0100&poll=true&__async=true&__source=wa0100 HTTP/1.1" 200 92 
0:0:0:0:0:0:0:1 -  -  [01/Jun/2016:14:05:42 +0000] "GET /chart?groups=Weather_Chart&period=h&t=1464789942165 HTTP/1.1" 200 3521 
0:0:0:0:0:0:0:1 -  -  [01/Jun/2016:14:05:32 +0000] "GET /openhab.app?sitemap=dhruv&poll=true&__async=true&__source=waHome HTTP/1.1" 200 92 
0:0:0:0:0:0:0:1 -  -  [01/Jun/2016:14:05:49 +0000] "GET /chart?groups=Weather_Chart&period=h&t=1464789949004 HTTP/1.1" 200 3524 
0:0:0:0:0:0:0:1 -  -  [01/Jun/2016:14:05:39 +0000] "GET /openhab.app?sitemap=demo&sitemap=demo&w=0100&poll=true&__async=true&__source=wa0100 HTTP/1.1" 200 92 
0:0:0:0:0:0:0:1 -  -  [01/Jun/2016:14:05:42 +0000] "GET /openhab.app?sitemap=dhruv&poll=true&__async=true&__source=waHome HTTP/1.1" 200 92 
0:0:0:0:0:0:0:1 -  -  [01/Jun/2016:14:05:55 +0000] "GET /chart?groups=Weather_Chart&period=h&t=1464789955680 HTTP/1.1" 200 3521 
0:0:0:0:0:0:0:1 -  -  [01/Jun/2016:14:05:50 +0000] "GET /openhab.app?sitemap=demo&sitemap=demo&w=0100&poll=true&__async=true&__source=wa0100 HTTP/1.1" 200 92 
0:0:0:0:0:0:0:1 -  -  [01/Jun/2016:14:06:03 +0000] "GET /chart?groups=Weather_Chart&period=h&t=1464789963162 HTTP/1.1" 200 3515 
0:0:0:0:0:0:0:1 -  -  [01/Jun/2016:14:05:53 +0000] "GET /openhab.app?sitemap=dhruv&poll=true&__async=true&__source=waHome HTTP/1.1" 200 92 
0:0:0:0:0:0:0:1 -  -  [01/Jun/2016:14:06:09 +0000] "GET /chart?groups=Weather_Chart&period=h&t=1464789969680 HTTP/1.1" 200 3518 
0:0:0:0:0:0:0:1 -  -  [01/Jun/2016:14:06:01 +0000] "GET /openhab.app?sitemap=demo&sitemap=demo&w=0100&poll=true&__async=true&__source=wa0100 HTTP/1.1" 200 92 
0:0:0:0:0:0:0:1 -  -  [01/Jun/2016:14:06:03 +0000] "GET /openhab.app?sitemap=dhruv&poll=true&__async=true&__source=waHome HTTP/1.1" 200 92 
0:0:0:0:0:0:0:1 -  -  [01/Jun/2016:14:06:16 +0000] "GET /chart?groups=Weather_Chart&period=h&t=1464789976680 HTTP/1.1" 200 3510 
0:0:0:0:0:0:0:1 -  -  [01/Jun/2016:14:06:11 +0000] "GET /openhab.app?sitemap=demo&sitemap=demo&w=0100&poll=true&__async=true&__source=wa0100 HTTP/1.1" 200 92 
0:0:0:0:0:0:0:1 -  -  [01/Jun/2016:14:06:23 +0000] "GET /chart?groups=Weather_Chart&period=h&t=1464789983811 HTTP/1.1" 200 3515 
0:0:0:0:0:0:0:1 -  -  [01/Jun/2016:14:06:14 +0000] "GET /openhab.app?sitemap=dhruv&poll=true&__async=true&__source=waHome HTTP/1.1" 200 92 
0:0:0:0:0:0:0:1 -  -  [01/Jun/2016:14:06:30 +0000] "GET /chart?groups=Weather_Chart&period=h&t=1464789990019 HTTP/1.1" 200 3525 
0:0:0:0:0:0:0:1 -  -  [01/Jun/2016:14:06:22 +0000] "GET /openhab.app?sitemap=demo&sitemap=demo&w=0100&poll=true&__async=true&__source=wa0100 HTTP/1.1" 200 92 
0:0:0:0:0:0:0:1 -  -  [01/Jun/2016:14:06:25 +0000] "GET /openhab.app?sitemap=dhruv&poll=true&__async=true&__source=waHome HTTP/1.1" 200 92 
0:0:0:0:0:0:0:1 -  -  [01/Jun/2016:14:06:36 +0000] "GET /chart?groups=Weather_Chart&period=h&t=1464789996925 HTTP/1.1" 200 3525 
0:0:0:0:0:0:0:1 -  -  [01/Jun/2016:14:06:32 +0000] "GET /openhab.app?sitemap=demo&sitemap=demo&w=0100&poll=true&__async=true&__source=wa0100 HTTP/1.1" 200 92 
0:0:0:0:0:0:0:1 -  -  [01/Jun/2016:14:06:43 +0000] "GET /chart?groups=Weather_Chart&period=h&t=1464790003699 HTTP/1.1" 200 3527 
0:0:0:0:0:0:0:1 -  -  [01/Jun/2016:14:06:35 +0000] "GET /openhab.app?sitemap=dhruv&poll=true&__async=true&__source=waHome HTTP/1.1" 200 92 
0:0:0:0:0:0:0:1 -  -  [01/Jun/2016:14:06:50 +0000] "GET /chart?groups=Weather_Chart&period=h&t=1464790010924 HTTP/1.1" 200 3528 
0:0:0:0:0:0:0:1 -  -  [01/Jun/2016:14:06:43 +0000] "GET /openhab.app?sitemap=demo&sitemap=demo&w=0100&poll=true&__async=true&__source=wa0100 HTTP/1.1" 200 92 
0:0:0:0:0:0:0:1 -  -  [01/Jun/2016:14:06:46 +0000] "GET /openhab.app?sitemap=dhruv&poll=true&__async=true&__source=waHome HTTP/1.1" 200 92 
0:0:0:0:0:0:0:1 -  -  [01/Jun/2016:14:06:58 +0000] "GET /chart?groups=Weather_Chart&period=h&t=1464790018082 HTTP/1.1" 200 3522 
0:0:0:0:0:0:0:1 -  -  [01/Jun/2016:14:06:54 +0000] "GET /openhab.app?sitemap=demo&sitemap=demo&w=0100&poll=true&__async=true&__source=wa0100 HTTP/1.1" 200 92 
0:0:0:0:0:0:0:1 -  -  [01/Jun/2016:14:07:04 +0000] "GET /chart?groups=Weather_Chart&period=h&t=1464790024942 HTTP/1.1" 200 3527 
0:0:0:0:0:0:0:1 -  -  [01/Jun/2016:14:06:56 +0000] "GET /openhab.app?sitemap=dhruv&poll=true&__async=true&__source=waHome HTTP/1.1" 200 92 
0:0:0:0:0:0:0:1 -  -  [01/Jun/2016:14:07:11 +0000] "GET /chart?groups=Weather_Chart&period=h&t=1464790031682 HTTP/1.1" 200 3532 
0:0:0:0:0:0:0:1 -  -  [01/Jun/2016:14:07:04 +0000] "GET /openhab.app?sitemap=demo&sitemap=demo&w=0100&poll=true&__async=true&__source=wa0100 HTTP/1.1" 200 92 
0:0:0:0:0:0:0:1 -  -  [01/Jun/2016:14:07:17 +0000] "GET /chart?groups=Weather_Chart&period=h&t=1464790037868 HTTP/1.1" 200 3541 
0:0:0:0:0:0:0:1 -  -  [01/Jun/2016:14:07:07 +0000] "GET /openhab.app?sitemap=dhruv&poll=true&__async=true&__source=waHome HTTP/1.1" 200 92 
0:0:0:0:0:0:0:1 -  -  [01/Jun/2016:14:07:23 +0000] "GET /chart?groups=Weather_Chart&period=h&t=1464790043924 HTTP/1.1" 200 3544 
0:0:0:0:0:0:0:1 -  -  [01/Jun/2016:14:07:15 +0000] "GET /openhab.app?sitemap=demo&sitemap=demo&w=0100&poll=true&__async=true&__source=wa0100 HTTP/1.1" 200 92 
0:0:0:0:0:0:0:1 -  -  [01/Jun/2016:14:07:17 +0000] "GET /openhab.app?sitemap=dhruv&poll=true&__async=true&__source=waHome HTTP/1.1" 200 92 
0:0:0:0:0:0:0:1 -  -  [01/Jun/2016:14:07:30 +0000] "GET /chart?groups=Weather_Chart&period=h&t=1464790050009 HTTP/1.1" 200 3542 
0:0:0:0:0:0:0:1 -  -  [01/Jun/2016:14:07:36 +0000] "GET /chart?groups=Weather_Chart&period=h&t=1464790056056 HTTP/1.1" 200 3532 
0:0:0:0:0:0:0:1 -  -  [01/Jun/2016:14:07:25 +0000] "GET /openhab.app?sitemap=demo&sitemap=demo&w=0100&poll=true&__async=true&__source=wa0100 HTTP/1.1" 200 92 
0:0:0:0:0:0:0:1 -  -  [01/Jun/2016:14:07:28 +0000] "GET /openhab.app?sitemap=dhruv&poll=true&__async=true&__source=waHome HTTP/1.1" 200 92 
0:0:0:0:0:0:0:1 -  -  [01/Jun/2016:14:07:43 +0000] "GET /chart?groups=Weather_Chart&period=h&t=1464790063009 HTTP/1.1" 200 3527 
0:0:0:0:0:0:0:1 -  -  [01/Jun/2016:14:07:36 +0000] "GET /openhab.app?sitemap=demo&sitemap=demo&w=0100&poll=true&__async=true&__source=wa0100 HTTP/1.1" 200 92 
0:0:0:0:0:0:0:1 -  -  [01/Jun/2016:14:07:39 +0000] "GET /openhab.app?sitemap=dhruv&poll=true&__async=true&__source=waHome HTTP/1.1" 200 92 
0:0:0:0:0:0:0:1 -  -  [01/Jun/2016:14:07:49 +0000] "GET /chart?groups=Weather_Chart&period=h&t=1464790069936 HTTP/1.1" 200 3526 
0:0:0:0:0:0:0:1 -  -  [01/Jun/2016:14:07:56 +0000] "GET /chart?groups=Weather_Chart&period=h&t=1464790076055 HTTP/1.1" 200 3525 
0:0:0:0:0:0:0:1 -  -  [01/Jun/2016:14:07:47 +0000] "GET /openhab.app?sitemap=demo&sitemap=demo&w=0100&poll=true&__async=true&__source=wa0100 HTTP/1.1" 200 92 
0:0:0:0:0:0:0:1 -  -  [01/Jun/2016:14:07:49 +0000] "GET /openhab.app?sitemap=dhruv&poll=true&__async=true&__source=waHome HTTP/1.1" 200 92 
0:0:0:0:0:0:0:1 -  -  [01/Jun/2016:14:08:02 +0000] "GET /chart?groups=Weather_Chart&period=h&t=1464790082178 HTTP/1.1" 200 3524 
0:0:0:0:0:0:0:1 -  -  [01/Jun/2016:14:07:57 +0000] "GET /openhab.app?sitemap=demo&sitemap=demo&w=0100&poll=true&__async=true&__source=wa0100 HTTP/1.1" 200 92 
0:0:0:0:0:0:0:1 -  -  [01/Jun/2016:14:08:08 +0000] "GET /chart?groups=Weather_Chart&period=h&t=1464790088696 HTTP/1.1" 200 3531 
0:0:0:0:0:0:0:1 -  -  [01/Jun/2016:14:08:00 +0000] "GET /openhab.app?sitemap=dhruv&poll=true&__async=true&__source=waHome HTTP/1.1" 200 92 
0:0:0:0:0:0:0:1 -  -  [01/Jun/2016:14:08:14 +0000] "GET /chart?groups=Weather_Chart&period=h&t=1464790094986 HTTP/1.1" 200 3533 
0:0:0:0:0:0:0:1 -  -  [01/Jun/2016:14:08:08 +0000] "GET /openhab.app?sitemap=demo&sitemap=demo&w=0100&poll=true&__async=true&__source=wa0100 HTTP/1.1" 200 92 
0:0:0:0:0:0:0:1 -  -  [01/Jun/2016:14:08:10 +0000] "GET /openhab.app?sitemap=dhruv&poll=true&__async=true&__source=waHome HTTP/1.1" 200 92 
0:0:0:0:0:0:0:1 -  -  [01/Jun/2016:14:08:22 +0000] "GET /chart?groups=Weather_Chart&period=h&t=1464790102165 HTTP/1.1" 200 3532 
0:0:0:0:0:0:0:1 -  -  [01/Jun/2016:14:08:28 +0000] "GET /chart?groups=Weather_Chart&period=h&t=1464790108695 HTTP/1.1" 200 3524 
0:0:0:0:0:0:0:1 -  -  [01/Jun/2016:14:08:18 +0000] "GET /openhab.app?sitemap=demo&sitemap=demo&w=0100&poll=true&__async=true&__source=wa0100 HTTP/1.1" 200 92 
0:0:0:0:0:0:0:1 -  -  [01/Jun/2016:14:08:21 +0000] "GET /openhab.app?sitemap=dhruv&poll=true&__async=true&__source=waHome HTTP/1.1" 200 92 
0:0:0:0:0:0:0:1 -  -  [01/Jun/2016:14:08:35 +0000] "GET /chart?groups=Weather_Chart&period=h&t=1464790115025 HTTP/1.1" 200 3517 
0:0:0:0:0:0:0:1 -  -  [01/Jun/2016:14:08:29 +0000] "GET /openhab.app?sitemap=demo&sitemap=demo&w=0100&poll=true&__async=true&__source=wa0100 HTTP/1.1" 200 92 
0:0:0:0:0:0:0:1 -  -  [01/Jun/2016:14:08:42 +0000] "GET /chart?groups=Weather_Chart&period=h&t=1464790122169 HTTP/1.1" 200 3514 
0:0:0:0:0:0:0:1 -  -  [01/Jun/2016:14:08:31 +0000] "GET /openhab.app?sitemap=dhruv&poll=true&__async=true&__source=waHome HTTP/1.1" 200 92 
0:0:0:0:0:0:0:1 -  -  [01/Jun/2016:14:08:49 +0000] "GET /chart?groups=Weather_Chart&period=h&t=1464790129026 HTTP/1.1" 200 3518 
0:0:0:0:0:0:0:1 -  -  [01/Jun/2016:14:08:39 +0000] "GET /openhab.app?sitemap=demo&sitemap=demo&w=0100&poll=true&__async=true&__source=wa0100 HTTP/1.1" 200 92 
0:0:0:0:0:0:0:1 -  -  [01/Jun/2016:14:08:42 +0000] "GET /openhab.app?sitemap=dhruv&poll=true&__async=true&__source=waHome HTTP/1.1" 200 92 
0:0:0:0:0:0:0:1 -  -  [01/Jun/2016:14:08:56 +0000] "GET /chart?groups=Weather_Chart&period=h&t=1464790136009 HTTP/1.1" 200 3524 
0:0:0:0:0:0:0:1 -  -  [01/Jun/2016:14:08:50 +0000] "GET /openhab.app?sitemap=demo&sitemap=demo&w=0100&poll=true&__async=true&__source=wa0100 HTTP/1.1" 200 92 
0:0:0:0:0:0:0:1 -  -  [01/Jun/2016:14:09:03 +0000] "GET /chart?groups=Weather_Chart&period=h&t=1464790143169 HTTP/1.1" 200 3526 
0:0:0:0:0:0:0:1 -  -  [01/Jun/2016:14:08:53 +0000] "GET /openhab.app?sitemap=dhruv&poll=true&__async=true&__source=waHome HTTP/1.1" 200 92 
0:0:0:0:0:0:0:1 -  -  [01/Jun/2016:14:09:10 +0000] "GET /chart?groups=Weather_Chart&period=h&t=1464790150177 HTTP/1.1" 200 3520 
0:0:0:0:0:0:0:1 -  -  [01/Jun/2016:14:09:01 +0000] "GET /openhab.app?sitemap=demo&sitemap=demo&w=0100&poll=true&__async=true&__source=wa0100 HTTP/1.1" 200 92 
0:0:0:0:0:0:0:1 -  -  [01/Jun/2016:14:09:03 +0000] "GET /openhab.app?sitemap=dhruv&poll=true&__async=true&__source=waHome HTTP/1.1" 200 92 
0:0:0:0:0:0:0:1 -  -  [01/Jun/2016:14:09:17 +0000] "GET /chart?groups=Weather_Chart&period=h&t=1464790157054 HTTP/1.1" 200 3515 
0:0:0:0:0:0:0:1 -  -  [01/Jun/2016:14:09:11 +0000] "GET /openhab.app?sitemap=demo&sitemap=demo&w=0100&poll=true&__async=true&__source=wa0100 HTTP/1.1" 200 92 
0:0:0:0:0:0:0:1 -  -  [01/Jun/2016:14:09:24 +0000] "GET /chart?groups=Weather_Chart&period=h&t=1464790164166 HTTP/1.1" 200 3516 
0:0:0:0:0:0:0:1 -  -  [01/Jun/2016:14:09:14 +0000] "GET /openhab.app?sitemap=dhruv&poll=true&__async=true&__source=waHome HTTP/1.1" 200 92 
0:0:0:0:0:0:0:1 -  -  [01/Jun/2016:14:09:30 +0000] "GET /chart?groups=Weather_Chart&period=h&t=1464790170934 HTTP/1.1" 200 3508 
0:0:0:0:0:0:0:1 -  -  [01/Jun/2016:14:09:22 +0000] "GET /openhab.app?sitemap=demo&sitemap=demo&w=0100&poll=true&__async=true&__source=wa0100 HTTP/1.1" 200 92 
0:0:0:0:0:0:0:1 -  -  [01/Jun/2016:14:09:24 +0000] "GET /openhab.app?sitemap=dhruv&poll=true&__async=true&__source=waHome HTTP/1.1" 200 92 
0:0:0:0:0:0:0:1 -  -  [01/Jun/2016:14:09:37 +0000] "GET /chart?groups=Weather_Chart&period=h&t=1464790177017 HTTP/1.1" 200 3509 
0:0:0:0:0:0:0:1 -  -  [01/Jun/2016:14:09:32 +0000] "GET /openhab.app?sitemap=demo&sitemap=demo&w=0100&poll=true&__async=true&__source=wa0100 HTTP/1.1" 200 92 
0:0:0:0:0:0:0:1 -  -  [01/Jun/2016:14:09:43 +0000] "GET /chart?groups=Weather_Chart&period=h&t=1464790183705 HTTP/1.1" 200 3509 
0:0:0:0:0:0:0:1 -  -  [01/Jun/2016:14:09:35 +0000] "GET /openhab.app?sitemap=dhruv&poll=true&__async=true&__source=waHome HTTP/1.1" 200 92 
0:0:0:0:0:0:0:1 -  -  [01/Jun/2016:14:09:50 +0000] "GET /chart?groups=Weather_Chart&period=h&t=1464790190000 HTTP/1.1" 200 3519 
0:0:0:0:0:0:0:1 -  -  [01/Jun/2016:14:09:43 +0000] "GET /openhab.app?sitemap=demo&sitemap=demo&w=0100&poll=true&__async=true&__source=wa0100 HTTP/1.1" 200 92 
0:0:0:0:0:0:0:1 -  -  [01/Jun/2016:14:09:56 +0000] "GET /chart?groups=Weather_Chart&period=h&t=1464790196171 HTTP/1.1" 200 3521 
0:0:0:0:0:0:0:1 -  -  [01/Jun/2016:14:09:45 +0000] "GET /openhab.app?sitemap=dhruv&poll=true&__async=true&__source=waHome HTTP/1.1" 200 92 
0:0:0:0:0:0:0:1 -  -  [01/Jun/2016:14:09:56 +0000] "GET /openhab.app?sitemap=dhruv&poll=true&__async=true&__source=waHome HTTP/1.1" 200 507 
0:0:0:0:0:0:0:1 -  -  [01/Jun/2016:14:10:03 +0000] "GET /chart?groups=Weather_Chart&period=h&t=1464790203030 HTTP/1.1" 200 3482 
0:0:0:0:0:0:0:1 -  -  [01/Jun/2016:14:09:53 +0000] "GET /openhab.app?sitemap=demo&sitemap=demo&w=0100&poll=true&__async=true&__source=wa0100 HTTP/1.1" 200 92 
0:0:0:0:0:0:0:1 -  -  [01/Jun/2016:14:10:10 +0000] "GET /chart?groups=Weather_Chart&period=h&t=1464790210037 HTTP/1.1" 200 3479 
0:0:0:0:0:0:0:1 -  -  [01/Jun/2016:14:10:00 +0000] "GET /openhab.app?sitemap=dhruv&poll=true&__async=true&__source=waHome HTTP/1.1" 200 92 
0:0:0:0:0:0:0:1 -  -  [01/Jun/2016:14:10:04 +0000] "GET /openhab.app?sitemap=demo&sitemap=demo&w=0100&poll=true&__async=true&__source=wa0100 HTTP/1.1" 200 92 
0:0:0:0:0:0:0:1 -  -  [01/Jun/2016:14:10:17 +0000] "GET /chart?groups=Weather_Chart&period=h&t=1464790217171 HTTP/1.1" 200 3512 
0:0:0:0:0:0:0:1 -  -  [01/Jun/2016:14:10:10 +0000] "GET /openhab.app?sitemap=dhruv&poll=true&__async=true&__source=waHome HTTP/1.1" 200 92 
0:0:0:0:0:0:0:1 -  -  [01/Jun/2016:14:10:24 +0000] "GET /chart?groups=Weather_Chart&period=h&t=1464790224027 HTTP/1.1" 200 3513 
0:0:0:0:0:0:0:1 -  -  [01/Jun/2016:14:10:15 +0000] "GET /openhab.app?sitemap=demo&sitemap=demo&w=0100&poll=true&__async=true&__source=wa0100 HTTP/1.1" 200 92 
0:0:0:0:0:0:0:1 -  -  [01/Jun/2016:14:10:30 +0000] "GET /chart?groups=Weather_Chart&period=h&t=1464790230146 HTTP/1.1" 200 3522 
0:0:0:0:0:0:0:1 -  -  [01/Jun/2016:14:10:21 +0000] "GET /openhab.app?sitemap=dhruv&poll=true&__async=true&__source=waHome HTTP/1.1" 200 92 
0:0:0:0:0:0:0:1 -  -  [01/Jun/2016:14:10:25 +0000] "GET /openhab.app?sitemap=demo&sitemap=demo&w=0100&poll=true&__async=true&__source=wa0100 HTTP/1.1" 200 92 
0:0:0:0:0:0:0:1 -  -  [01/Jun/2016:14:10:36 +0000] "GET /chart?groups=Weather_Chart&period=h&t=1464790236702 HTTP/1.1" 200 3483 
0:0:0:0:0:0:0:1 -  -  [01/Jun/2016:14:10:31 +0000] "GET /openhab.app?sitemap=dhruv&poll=true&__async=true&__source=waHome HTTP/1.1" 200 92 
0:0:0:0:0:0:0:1 -  -  [01/Jun/2016:14:10:43 +0000] "GET /chart?groups=Weather_Chart&period=h&t=1464790243048 HTTP/1.1" 200 3521 
0:0:0:0:0:0:0:1 -  -  [01/Jun/2016:14:10:36 +0000] "GET /openhab.app?sitemap=demo&sitemap=demo&w=0100&poll=true&__async=true&__source=wa0100 HTTP/1.1" 200 92 
0:0:0:0:0:0:0:1 -  -  [01/Jun/2016:14:10:49 +0000] "GET /chart?groups=Weather_Chart&period=h&t=1464790249173 HTTP/1.1" 200 3521 
0:0:0:0:0:0:0:1 -  -  [01/Jun/2016:14:10:42 +0000] "GET /openhab.app?sitemap=dhruv&poll=true&__async=true&__source=waHome HTTP/1.1" 200 92 
0:0:0:0:0:0:0:1 -  -  [01/Jun/2016:14:10:56 +0000] "GET /chart?groups=Weather_Chart&period=h&t=1464790256011 HTTP/1.1" 200 3530 
0:0:0:0:0:0:0:1 -  -  [01/Jun/2016:14:10:46 +0000] "GET /openhab.app?sitemap=demo&sitemap=demo&w=0100&poll=true&__async=true&__source=wa0100 HTTP/1.1" 200 92 
0:0:0:0:0:0:0:1 -  -  [01/Jun/2016:14:11:03 +0000] "GET /chart?groups=Weather_Chart&period=h&t=1464790263004 HTTP/1.1" 200 3525 
0:0:0:0:0:0:0:1 -  -  [01/Jun/2016:14:10:52 +0000] "GET /openhab.app?sitemap=dhruv&poll=true&__async=true&__source=waHome HTTP/1.1" 200 92 
0:0:0:0:0:0:0:1 -  -  [01/Jun/2016:14:10:57 +0000] "GET /openhab.app?sitemap=demo&sitemap=demo&w=0100&poll=true&__async=true&__source=wa0100 HTTP/1.1" 200 92 
0:0:0:0:0:0:0:1 -  -  [01/Jun/2016:14:11:10 +0000] "GET /chart?groups=Weather_Chart&period=h&t=1464790270168 HTTP/1.1" 200 3479 
0:0:0:0:0:0:0:1 -  -  [01/Jun/2016:14:11:03 +0000] "GET /openhab.app?sitemap=dhruv&poll=true&__async=true&__source=waHome HTTP/1.1" 200 92 
0:0:0:0:0:0:0:1 -  -  [01/Jun/2016:14:11:17 +0000] "GET /chart?groups=Weather_Chart&period=h&t=1464790277054 HTTP/1.1" 200 3493 
0:0:0:0:0:0:0:1 -  -  [01/Jun/2016:14:11:07 +0000] "GET /openhab.app?sitemap=demo&sitemap=demo&w=0100&poll=true&__async=true&__source=wa0100 HTTP/1.1" 200 92 
0:0:0:0:0:0:0:1 -  -  [01/Jun/2016:14:11:24 +0000] "GET /chart?groups=Weather_Chart&period=h&t=1464790284030 HTTP/1.1" 200 3528 
0:0:0:0:0:0:0:1 -  -  [01/Jun/2016:14:11:14 +0000] "GET /openhab.app?sitemap=dhruv&poll=true&__async=true&__source=waHome HTTP/1.1" 200 92 
0:0:0:0:0:0:0:1 -  -  [01/Jun/2016:14:11:18 +0000] "GET /openhab.app?sitemap=demo&sitemap=demo&w=0100&poll=true&__async=true&__source=wa0100 HTTP/1.1" 200 92 
0:0:0:0:0:0:0:1 -  -  [01/Jun/2016:14:11:31 +0000] "GET /chart?groups=Weather_Chart&period=h&t=1464790291175 HTTP/1.1" 200 3532 
0:0:0:0:0:0:0:1 -  -  [01/Jun/2016:14:11:24 +0000] "GET /openhab.app?sitemap=dhruv&poll=true&__async=true&__source=waHome HTTP/1.1" 200 92 
0:0:0:0:0:0:0:1 -  -  [01/Jun/2016:14:11:38 +0000] "GET /chart?groups=Weather_Chart&period=h&t=1464790298031 HTTP/1.1" 200 3534 
0:0:0:0:0:0:0:1 -  -  [01/Jun/2016:14:11:29 +0000] "GET /openhab.app?sitemap=demo&sitemap=demo&w=0100&poll=true&__async=true&__source=wa0100 HTTP/1.1" 200 92 
0:0:0:0:0:0:0:1 -  -  [01/Jun/2016:14:11:45 +0000] "GET /chart?groups=Weather_Chart&period=h&t=1464790305043 HTTP/1.1" 200 3528 
0:0:0:0:0:0:0:1 -  -  [01/Jun/2016:14:11:35 +0000] "GET /openhab.app?sitemap=dhruv&poll=true&__async=true&__source=waHome HTTP/1.1" 200 92 
0:0:0:0:0:0:0:1 -  -  [01/Jun/2016:14:11:39 +0000] "GET /openhab.app?sitemap=demo&sitemap=demo&w=0100&poll=true&__async=true&__source=wa0100 HTTP/1.1" 200 92 
0:0:0:0:0:0:0:1 -  -  [01/Jun/2016:14:11:52 +0000] "GET /chart?groups=Weather_Chart&period=h&t=1464790312170 HTTP/1.1" 200 3490 
0:0:0:0:0:0:0:1 -  -  [01/Jun/2016:14:11:45 +0000] "GET /openhab.app?sitemap=dhruv&poll=true&__async=true&__source=waHome HTTP/1.1" 200 92 
0:0:0:0:0:0:0:1 -  -  [01/Jun/2016:14:11:59 +0000] "GET /chart?groups=Weather_Chart&period=h&t=1464790319035 HTTP/1.1" 200 3486 
0:0:0:0:0:0:0:1 -  -  [01/Jun/2016:14:11:50 +0000] "GET /openhab.app?sitemap=demo&sitemap=demo&w=0100&poll=true&__async=true&__source=wa0100 HTTP/1.1" 200 92 
0:0:0:0:0:0:0:1 -  -  [01/Jun/2016:14:12:06 +0000] "GET /chart?groups=Weather_Chart&period=h&t=1464790326013 HTTP/1.1" 200 3521 
0:0:0:0:0:0:0:1 -  -  [01/Jun/2016:14:11:56 +0000] "GET /openhab.app?sitemap=dhruv&poll=true&__async=true&__source=waHome HTTP/1.1" 200 92 
0:0:0:0:0:0:0:1 -  -  [01/Jun/2016:14:12:00 +0000] "GET /openhab.app?sitemap=demo&sitemap=demo&w=0100&poll=true&__async=true&__source=wa0100 HTTP/1.1" 200 92 
0:0:0:0:0:0:0:1 -  -  [01/Jun/2016:14:12:13 +0000] "GET /chart?groups=Weather_Chart&period=h&t=1464790333131 HTTP/1.1" 200 3521 
0:0:0:0:0:0:0:1 -  -  [01/Jun/2016:14:12:06 +0000] "GET /openhab.app?sitemap=dhruv&poll=true&__async=true&__source=waHome HTTP/1.1" 200 92 
0:0:0:0:0:0:0:1 -  -  [01/Jun/2016:14:12:20 +0000] "GET /chart?groups=Weather_Chart&period=h&t=1464790340027 HTTP/1.1" 200 3538 
0:0:0:0:0:0:0:1 -  -  [01/Jun/2016:14:12:11 +0000] "GET /openhab.app?sitemap=demo&sitemap=demo&w=0100&poll=true&__async=true&__source=wa0100 HTTP/1.1" 200 92 
0:0:0:0:0:0:0:1 -  -  [01/Jun/2016:14:12:27 +0000] "GET /chart?groups=Weather_Chart&period=h&t=1464790347017 HTTP/1.1" 200 3544 
0:0:0:0:0:0:0:1 -  -  [01/Jun/2016:14:12:17 +0000] "GET /openhab.app?sitemap=dhruv&poll=true&__async=true&__source=waHome HTTP/1.1" 200 92 
0:0:0:0:0:0:0:1 -  -  [01/Jun/2016:14:12:21 +0000] "GET /openhab.app?sitemap=demo&sitemap=demo&w=0100&poll=true&__async=true&__source=wa0100 HTTP/1.1" 200 92 
0:0:0:0:0:0:0:1 -  -  [01/Jun/2016:14:12:34 +0000] "GET /chart?groups=Weather_Chart&period=h&t=1464790354168 HTTP/1.1" 200 3501 
0:0:0:0:0:0:0:1 -  -  [01/Jun/2016:14:12:28 +0000] "GET /openhab.app?sitemap=dhruv&poll=true&__async=true&__source=waHome HTTP/1.1" 200 92 
0:0:0:0:0:0:0:1 -  -  [01/Jun/2016:14:12:41 +0000] "GET /chart?groups=Weather_Chart&period=h&t=1464790361027 HTTP/1.1" 200 3498 
0:0:0:0:0:0:0:1 -  -  [01/Jun/2016:14:12:32 +0000] "GET /openhab.app?sitemap=demo&sitemap=demo&w=0100&poll=true&__async=true&__source=wa0100 HTTP/1.1" 200 92 
0:0:0:0:0:0:0:1 -  -  [01/Jun/2016:14:12:48 +0000] "GET /chart?groups=Weather_Chart&period=h&t=1464790368007 HTTP/1.1" 200 3538 
0:0:0:0:0:0:0:1 -  -  [01/Jun/2016:14:12:38 +0000] "GET /openhab.app?sitemap=dhruv&poll=true&__async=true&__source=waHome HTTP/1.1" 200 92 
0:0:0:0:0:0:0:1 -  -  [01/Jun/2016:14:12:43 +0000] "GET /openhab.app?sitemap=demo&sitemap=demo&w=0100&poll=true&__async=true&__source=wa0100 HTTP/1.1" 200 92 
0:0:0:0:0:0:0:1 -  -  [01/Jun/2016:14:12:55 +0000] "GET /chart?groups=Weather_Chart&period=h&t=1464790375175 HTTP/1.1" 200 3541 
0:0:0:0:0:0:0:1 -  -  [01/Jun/2016:14:12:49 +0000] "GET /openhab.app?sitemap=dhruv&poll=true&__async=true&__source=waHome HTTP/1.1" 200 92 
0:0:0:0:0:0:0:1 -  -  [01/Jun/2016:14:13:02 +0000] "GET /chart?groups=Weather_Chart&period=h&t=1464790382024 HTTP/1.1" 200 3550 
0:0:0:0:0:0:0:1 -  -  [01/Jun/2016:14:12:53 +0000] "GET /openhab.app?sitemap=demo&sitemap=demo&w=0100&poll=true&__async=true&__source=wa0100 HTTP/1.1" 200 92 
0:0:0:0:0:0:0:1 -  -  [01/Jun/2016:14:13:09 +0000] "GET /chart?groups=Weather_Chart&period=h&t=1464790389045 HTTP/1.1" 200 3552 
0:0:0:0:0:0:0:1 -  -  [01/Jun/2016:14:12:59 +0000] "GET /openhab.app?sitemap=dhruv&poll=true&__async=true&__source=waHome HTTP/1.1" 200 92 
0:0:0:0:0:0:0:1 -  -  [01/Jun/2016:14:13:04 +0000] "GET /openhab.app?sitemap=demo&sitemap=demo&w=0100&poll=true&__async=true&__source=wa0100 HTTP/1.1" 200 92 
0:0:0:0:0:0:0:1 -  -  [01/Jun/2016:14:13:16 +0000] "GET /chart?groups=Weather_Chart&period=h&t=1464790396120 HTTP/1.1" 200 3509 
0:0:0:0:0:0:0:1 -  -  [01/Jun/2016:14:13:10 +0000] "GET /openhab.app?sitemap=dhruv&poll=true&__async=true&__source=waHome HTTP/1.1" 200 92 
0:0:0:0:0:0:0:1 -  -  [01/Jun/2016:14:13:23 +0000] "GET /chart?groups=Weather_Chart&period=h&t=1464790403028 HTTP/1.1" 200 3511 
0:0:0:0:0:0:0:1 -  -  [01/Jun/2016:14:13:14 +0000] "GET /openhab.app?sitemap=demo&sitemap=demo&w=0100&poll=true&__async=true&__source=wa0100 HTTP/1.1" 200 92 
0:0:0:0:0:0:0:1 -  -  [01/Jun/2016:14:13:30 +0000] "GET /chart?groups=Weather_Chart&period=h&t=1464790410187 HTTP/1.1" 200 3546 
0:0:0:0:0:0:0:1 -  -  [01/Jun/2016:14:13:20 +0000] "GET /openhab.app?sitemap=dhruv&poll=true&__async=true&__source=waHome HTTP/1.1" 200 92 
0:0:0:0:0:0:0:1 -  -  [01/Jun/2016:14:13:25 +0000] "GET /openhab.app?sitemap=demo&sitemap=demo&w=0100&poll=true&__async=true&__source=wa0100 HTTP/1.1" 200 92 
0:0:0:0:0:0:0:1 -  -  [01/Jun/2016:14:13:36 +0000] "GET /chart?groups=Weather_Chart&period=h&t=1464790416710 HTTP/1.1" 200 3538 
0:0:0:0:0:0:0:1 -  -  [01/Jun/2016:14:13:31 +0000] "GET /openhab.app?sitemap=dhruv&poll=true&__async=true&__source=waHome HTTP/1.1" 200 92 
0:0:0:0:0:0:0:1 -  -  [01/Jun/2016:14:13:43 +0000] "GET /chart?groups=Weather_Chart&period=h&t=1464790423015 HTTP/1.1" 200 3542 
0:0:0:0:0:0:0:1 -  -  [01/Jun/2016:14:13:35 +0000] "GET /openhab.app?sitemap=demo&sitemap=demo&w=0100&poll=true&__async=true&__source=wa0100 HTTP/1.1" 200 92 
0:0:0:0:0:0:0:1 -  -  [01/Jun/2016:14:13:50 +0000] "GET /chart?groups=Weather_Chart&period=h&t=1464790430169 HTTP/1.1" 200 3504 
0:0:0:0:0:0:0:1 -  -  [01/Jun/2016:14:13:42 +0000] "GET /openhab.app?sitemap=dhruv&poll=true&__async=true&__source=waHome HTTP/1.1" 200 92 
0:0:0:0:0:0:0:1 -  -  [01/Jun/2016:14:13:56 +0000] "GET /chart?groups=Weather_Chart&period=h&t=1464790436691 HTTP/1.1" 200 3517 
0:0:0:0:0:0:0:1 -  -  [01/Jun/2016:14:13:46 +0000] "GET /openhab.app?sitemap=demo&sitemap=demo&w=0100&poll=true&__async=true&__source=wa0100 HTTP/1.1" 200 92 
0:0:0:0:0:0:0:1 -  -  [01/Jun/2016:14:14:03 +0000] "GET /chart?groups=Weather_Chart&period=h&t=1464790443003 HTTP/1.1" 200 3553 
0:0:0:0:0:0:0:1 -  -  [01/Jun/2016:14:13:52 +0000] "GET /openhab.app?sitemap=dhruv&poll=true&__async=true&__source=waHome HTTP/1.1" 200 92 
0:0:0:0:0:0:0:1 -  -  [01/Jun/2016:14:13:57 +0000] "GET /openhab.app?sitemap=demo&sitemap=demo&w=0100&poll=true&__async=true&__source=wa0100 HTTP/1.1" 200 92 
0:0:0:0:0:0:0:1 -  -  [01/Jun/2016:14:14:09 +0000] "GET /chart?groups=Weather_Chart&period=h&t=1464790449713 HTTP/1.1" 200 3555 
0:0:0:0:0:0:0:1 -  -  [01/Jun/2016:14:14:03 +0000] "GET /openhab.app?sitemap=dhruv&poll=true&__async=true&__source=waHome HTTP/1.1" 200 92 
0:0:0:0:0:0:0:1 -  -  [01/Jun/2016:14:14:16 +0000] "GET /chart?groups=Weather_Chart&period=h&t=1464790456096 HTTP/1.1" 200 3546 
0:0:0:0:0:0:0:1 -  -  [01/Jun/2016:14:14:07 +0000] "GET /openhab.app?sitemap=demo&sitemap=demo&w=0100&poll=true&__async=true&__source=wa0100 HTTP/1.1" 200 92 
0:0:0:0:0:0:0:1 -  -  [01/Jun/2016:14:14:22 +0000] "GET /chart?groups=Weather_Chart&period=h&t=1464790462142 HTTP/1.1" 200 3507 
0:0:0:0:0:0:0:1 -  -  [01/Jun/2016:14:14:13 +0000] "GET /openhab.app?sitemap=dhruv&poll=true&__async=true&__source=waHome HTTP/1.1" 200 92 
0:0:0:0:0:0:0:1 -  -  [01/Jun/2016:14:14:18 +0000] "GET /openhab.app?sitemap=demo&sitemap=demo&w=0100&poll=true&__async=true&__source=wa0100 HTTP/1.1" 200 92 
0:0:0:0:0:0:0:1 -  -  [01/Jun/2016:14:14:28 +0000] "GET /chart?groups=Weather_Chart&period=h&t=1464790468796 HTTP/1.1" 200 3536 
0:0:0:0:0:0:0:1 -  -  [01/Jun/2016:14:14:24 +0000] "GET /openhab.app?sitemap=dhruv&poll=true&__async=true&__source=waHome HTTP/1.1" 200 92 
0:0:0:0:0:0:0:1 -  -  [01/Jun/2016:14:14:36 +0000] "GET /chart?groups=Weather_Chart&period=h&t=1464790476189 HTTP/1.1" 200 3532 
0:0:0:0:0:0:0:1 -  -  [01/Jun/2016:14:14:36 +0000] "GET /openhab.app?sitemap=dhruv HTTP/1.1" 200 9520 
0:0:0:0:0:0:0:1 -  -  [01/Jun/2016:14:14:37 +0000] "GET /classicui/WebApp/Design/RenderRTL.css HTTP/1.1" 304 0 
0:0:0:0:0:0:0:1 -  -  [01/Jun/2016:14:14:37 +0000] "GET /classicui/WebApp/Design/Render.css HTTP/1.1" 304 0 
0:0:0:0:0:0:0:1 -  -  [01/Jun/2016:14:14:37 +0000] "GET /classicui/WebApp/Design/Firefox.css HTTP/1.1" 304 0 
0:0:0:0:0:0:0:1 -  -  [01/Jun/2016:14:14:37 +0000] "GET /classicui/WebApp/Design/openHAB.css HTTP/1.1" 304 0 
0:0:0:0:0:0:0:1 -  -  [01/Jun/2016:14:14:37 +0000] "GET /classicui/jquery.miniColors.css HTTP/1.1" 304 0 
0:0:0:0:0:0:0:1 -  -  [01/Jun/2016:14:14:37 +0000] "GET /classicui/WebApp/Action/Logic.min.js HTTP/1.1" 304 0 
0:0:0:0:0:0:0:1 -  -  [01/Jun/2016:14:14:37 +0000] "GET /classicui/jquery.miniColors.js HTTP/1.1" 304 0 
0:0:0:0:0:0:0:1 -  -  [01/Jun/2016:14:14:37 +0000] "GET /classicui/jquery.min.js HTTP/1.1" 304 0 
0:0:0:0:0:0:0:1 -  -  [01/Jun/2016:14:14:37 +0000] "GET /images/temperature.png HTTP/1.1" 304 0 
0:0:0:0:0:0:0:1 -  -  [01/Jun/2016:14:14:37 +0000] "GET /images/none.png HTTP/1.1" 304 0 
0:0:0:0:0:0:0:1 -  -  [01/Jun/2016:14:14:37 +0000] "GET /classicui/WebApp/Design/Img/bg.png HTTP/1.1" 304 0 
0:0:0:0:0:0:0:1 -  -  [01/Jun/2016:14:14:37 +0000] "GET /classicui/WebApp/Design/Img/select.png HTTP/1.1" 304 0 
0:0:0:0:0:0:0:1 -  -  [01/Jun/2016:14:14:37 +0000] "GET /classicui/WebApp/Design/Img/loader-white-100x12x1.png HTTP/1.1" 304 0 
0:0:0:0:0:0:0:1 -  -  [01/Jun/2016:14:14:37 +0000] "GET /classicui/WebApp/Design/Img/loader-white-100x12x2.png HTTP/1.1" 304 0 
0:0:0:0:0:0:0:1 -  -  [01/Jun/2016:14:14:37 +0000] "GET /classicui/WebApp/Design/Img/loader-white-100x12x3.png HTTP/1.1" 304 0 
0:0:0:0:0:0:0:1 -  -  [01/Jun/2016:14:14:37 +0000] "GET /classicui/WebApp/Design/Img/loader-white-100x12x4.png HTTP/1.1" 304 0 
0:0:0:0:0:0:0:1 -  -  [01/Jun/2016:14:14:37 +0000] "GET /classicui/WebApp/Design/Img/bg-head.png HTTP/1.1" 304 0 
0:0:0:0:0:0:0:1 -  -  [01/Jun/2016:14:14:37 +0000] "GET /classicui/WebApp/Design/Img/loader-gray-100x12x1.png HTTP/1.1" 304 0 
0:0:0:0:0:0:0:1 -  -  [01/Jun/2016:14:14:37 +0000] "GET /classicui/WebApp/Design/Img/loader-gray-100x12x2.png HTTP/1.1" 304 0 
0:0:0:0:0:0:0:1 -  -  [01/Jun/2016:14:14:37 +0000] "GET /classicui/WebApp/Design/Img/loader-white-100x12x9.png HTTP/1.1" 304 0 
0:0:0:0:0:0:0:1 -  -  [01/Jun/2016:14:14:37 +0000] "GET /classicui/WebApp/Design/Img/loader-big-white-100x12x5.png HTTP/1.1" 304 0 
0:0:0:0:0:0:0:1 -  -  [01/Jun/2016:14:14:37 +0000] "GET /classicui/WebApp/Design/Img/loader-white-100x12x6.png HTTP/1.1" 304 0 
0:0:0:0:0:0:0:1 -  -  [01/Jun/2016:14:14:37 +0000] "GET /classicui/WebApp/Design/Img/loader-big-white-100x12x3.png HTTP/1.1" 304 0 
0:0:0:0:0:0:0:1 -  -  [01/Jun/2016:14:14:37 +0000] "GET /classicui/WebApp/Design/Img/loader-white-100x12x10.png HTTP/1.1" 304 0 
0:0:0:0:0:0:0:1 -  -  [01/Jun/2016:14:14:37 +0000] "GET /classicui/WebApp/Design/Img/loader-gray-100x12x9.png HTTP/1.1" 304 0 
0:0:0:0:0:0:0:1 -  -  [01/Jun/2016:14:14:37 +0000] "GET /classicui/WebApp/Design/Img/loader-white-100x12x5.png HTTP/1.1" 304 0 
0:0:0:0:0:0:0:1 -  -  [01/Jun/2016:14:14:37 +0000] "GET /classicui/WebApp/Design/Img/loader-white-100x12x7.png HTTP/1.1" 304 0 
0:0:0:0:0:0:0:1 -  -  [01/Jun/2016:14:14:37 +0000] "GET /classicui/WebApp/Design/Img/loader-white-100x12x8.png HTTP/1.1" 304 0 
0:0:0:0:0:0:0:1 -  -  [01/Jun/2016:14:14:37 +0000] "GET /classicui/WebApp/Design/Img/loader-big-white-100x12x9.png HTTP/1.1" 304 0 
0:0:0:0:0:0:0:1 -  -  [01/Jun/2016:14:14:37 +0000] "GET /classicui/WebApp/Design/Img/loader-white-100x12x11.png HTTP/1.1" 304 0 
0:0:0:0:0:0:0:1 -  -  [01/Jun/2016:14:14:37 +0000] "GET /classicui/WebApp/Design/Img/loader-gray-100x12x10.png HTTP/1.1" 304 0 
0:0:0:0:0:0:0:1 -  -  [01/Jun/2016:14:14:37 +0000] "GET /classicui/WebApp/Design/Img/loader-big-white-100x12x11.png HTTP/1.1" 304 0 
0:0:0:0:0:0:0:1 -  -  [01/Jun/2016:14:14:37 +0000] "GET /classicui/WebApp/Design/Img/loader-big-white-100x12x10.png HTTP/1.1" 304 0 
0:0:0:0:0:0:0:1 -  -  [01/Jun/2016:14:14:37 +0000] "GET /classicui/WebApp/Design/Img/button-back-touch.png HTTP/1.1" 304 0 
0:0:0:0:0:0:0:1 -  -  [01/Jun/2016:14:14:37 +0000] "GET /classicui/WebApp/Design/Img/loader-big-white-100x12x12.png HTTP/1.1" 304 0 
0:0:0:0:0:0:0:1 -  -  [01/Jun/2016:14:14:37 +0000] "GET /classicui/WebApp/Design/Img/loader-big-white-100x12x7.png HTTP/1.1" 304 0 
0:0:0:0:0:0:0:1 -  -  [01/Jun/2016:14:14:37 +0000] "GET /classicui/WebApp/Design/Img/loader-white-100x12x12.png HTTP/1.1" 304 0 
0:0:0:0:0:0:0:1 -  -  [01/Jun/2016:14:14:37 +0000] "GET /classicui/WebApp/Design/Img/loader-big-white-100x12x4.png HTTP/1.1" 304 0 
0:0:0:0:0:0:0:1 -  -  [01/Jun/2016:14:14:37 +0000] "GET /classicui/WebApp/Design/Img/loader-big-white-100x12x6.png HTTP/1.1" 304 0 
0:0:0:0:0:0:0:1 -  -  [01/Jun/2016:14:14:37 +0000] "GET /classicui/WebApp/Design/Img/loader-gray-100x12x5.png HTTP/1.1" 304 0 
0:0:0:0:0:0:0:1 -  -  [01/Jun/2016:14:14:37 +0000] "GET /classicui/WebApp/Design/Img/check-sel.png HTTP/1.1" 304 0 
0:0:0:0:0:0:0:1 -  -  [01/Jun/2016:14:14:37 +0000] "GET /classicui/WebApp/Design/Img/loader-gray-100x12x12.png HTTP/1.1" 304 0 
0:0:0:0:0:0:0:1 -  -  [01/Jun/2016:14:14:37 +0000] "GET /classicui/WebApp/Design/Img/loader-gray-100x12x3.png HTTP/1.1" 304 0 
0:0:0:0:0:0:0:1 -  -  [01/Jun/2016:14:14:37 +0000] "GET /classicui/WebApp/Design/Img/loader-gray-100x12x6.png HTTP/1.1" 304 0 
0:0:0:0:0:0:0:1 -  -  [01/Jun/2016:14:14:37 +0000] "GET /classicui/WebApp/Design/Img/loader-gray-100x12x7.png HTTP/1.1" 304 0 
0:0:0:0:0:0:0:1 -  -  [01/Jun/2016:14:14:37 +0000] "GET /classicui/WebApp/Design/Img/button-simple-touch.png HTTP/1.1" 304 0 
0:0:0:0:0:0:0:1 -  -  [01/Jun/2016:14:14:37 +0000] "GET /classicui/WebApp/Design/Img/loader-gray-100x12x8.png HTTP/1.1" 304 0 
0:0:0:0:0:0:0:1 -  -  [01/Jun/2016:14:14:37 +0000] "GET /classicui/WebApp/Design/Img/loader-big-white-100x12x8.png HTTP/1.1" 304 0 
0:0:0:0:0:0:0:1 -  -  [01/Jun/2016:14:14:37 +0000] "GET /classicui/WebApp/Design/Img/loader-gray-100x12x4.png HTTP/1.1" 304 0 
0:0:0:0:0:0:0:1 -  -  [01/Jun/2016:14:14:37 +0000] "GET /classicui/WebApp/Design/Img/chevron-select.png HTTP/1.1" 304 0 
0:0:0:0:0:0:0:1 -  -  [01/Jun/2016:14:14:37 +0000] "GET /classicui/WebApp/Design/Img/loader-big-white-100x12x2.png HTTP/1.1" 304 0 
0:0:0:0:0:0:0:1 -  -  [01/Jun/2016:14:14:37 +0000] "GET /classicui/WebApp/Design/Img/loader-big-white-100x12x1.png HTTP/1.1" 304 0 
0:0:0:0:0:0:0:1 -  -  [01/Jun/2016:14:14:37 +0000] "GET /classicui/WebApp/Design/Img/loader-gray-100x12x11.png HTTP/1.1" 304 0 
0:0:0:0:0:0:0:1 -  -  [01/Jun/2016:14:14:37 +0000] "GET /classicui/WebApp/Design/Img/button-back.png HTTP/1.1" 304 0 
0:0:0:0:0:0:0:1 -  -  [01/Jun/2016:14:14:37 +0000] "GET /classicui/WebApp/Design/Img/button-simple.png HTTP/1.1" 304 0 
0:0:0:0:0:0:0:1 -  -  [01/Jun/2016:14:14:37 +0000] "GET /classicui/jquery.minicolors.png HTTP/1.1" 304 0 
0:0:0:0:0:0:0:1 -  -  [01/Jun/2016:14:14:37 +0000] "GET /images/favicon.ico HTTP/1.1" 200 1150 
0:0:0:0:0:0:0:1 -  -  [01/Jun/2016:14:14:28 +0000] "GET /openhab.app?sitemap=demo&sitemap=demo&w=0100&poll=true&__async=true&__source=wa0100 HTTP/1.1" 200 92 
0:0:0:0:0:0:0:1 -  -  [01/Jun/2016:14:14:42 +0000] "GET /chart?groups=Weather_Chart&period=h&t=1464790482800 HTTP/1.1" 200 3536 
0:0:0:0:0:0:0:1 -  -  [01/Jun/2016:14:14:35 +0000] "GET /openhab.app?sitemap=dhruv&poll=true&__async=true&__source=waHome HTTP/1.1" 200 92 
0:0:0:0:0:0:0:1 -  -  [01/Jun/2016:14:14:48 +0000] "GET /chart?groups=Weather_Chart&period=h&t=1464790488938 HTTP/1.1" 200 3545 
0:0:0:0:0:0:0:1 -  -  [01/Jun/2016:14:14:39 +0000] "GET /openhab.app?sitemap=dhruv&poll=true&__async=true&__source=waHome HTTP/1.1" 200 92 
0:0:0:0:0:0:0:1 -  -  [01/Jun/2016:14:14:39 +0000] "GET /openhab.app?sitemap=demo&sitemap=demo&w=0100&poll=true&__async=true&__source=wa0100 HTTP/1.1" 200 92 
0:0:0:0:0:0:0:1 -  -  [01/Jun/2016:14:14:55 +0000] "GET /chart?groups=Weather_Chart&period=h&t=1464790495023 HTTP/1.1" 200 3502 
0:0:0:0:0:0:0:1 -  -  [01/Jun/2016:14:14:49 +0000] "GET /openhab.app?sitemap=dhruv&poll=true&__async=true&__source=waHome HTTP/1.1" 200 92 
0:0:0:0:0:0:0:1 -  -  [01/Jun/2016:14:14:49 +0000] "GET /openhab.app?sitemap=demo&sitemap=demo&w=0100&poll=true&__async=true&__source=wa0100 HTTP/1.1" 200 92 
0:0:0:0:0:0:0:1 -  -  [01/Jun/2016:14:15:01 +0000] "GET /chart?groups=Weather_Chart&period=h&t=1464790501692 HTTP/1.1" 200 3545 
0:0:0:0:0:0:0:1 -  -  [01/Jun/2016:14:15:07 +0000] "GET /chart?groups=Weather_Chart&period=h&t=1464790507979 HTTP/1.1" 200 3542 
0:0:0:0:0:0:0:1 -  -  [01/Jun/2016:14:15:00 +0000] "GET /openhab.app?sitemap=dhruv&poll=true&__async=true&__source=waHome HTTP/1.1" 200 92 
0:0:0:0:0:0:0:1 -  -  [01/Jun/2016:14:15:00 +0000] "GET /openhab.app?sitemap=demo&sitemap=demo&w=0100&poll=true&__async=true&__source=wa0100 HTTP/1.1" 200 92 
0:0:0:0:0:0:0:1 -  -  [01/Jun/2016:14:15:15 +0000] "GET /chart?groups=Weather_Chart&period=h&t=1464790515075 HTTP/1.1" 200 3536 
0:0:0:0:0:0:0:1 -  -  [01/Jun/2016:14:15:10 +0000] "GET /openhab.app?sitemap=dhruv&poll=true&__async=true&__source=waHome HTTP/1.1" 200 92 
0:0:0:0:0:0:0:1 -  -  [01/Jun/2016:14:15:11 +0000] "GET /openhab.app?sitemap=demo&sitemap=demo&w=0100&poll=true&__async=true&__source=wa0100 HTTP/1.1" 200 92 
0:0:0:0:0:0:0:1 -  -  [01/Jun/2016:14:15:21 +0000] "GET /chart?groups=Weather_Chart&period=h&t=1464790521701 HTTP/1.1" 200 3496 
0:0:0:0:0:0:0:1 -  -  [01/Jun/2016:14:15:28 +0000] "GET /chart?groups=Weather_Chart&period=h&t=1464790528064 HTTP/1.1" 200 3493 
0:0:0:0:0:0:0:1 -  -  [01/Jun/2016:14:15:21 +0000] "GET /openhab.app?sitemap=dhruv&poll=true&__async=true&__source=waHome HTTP/1.1" 200 92 
0:0:0:0:0:0:0:1 -  -  [01/Jun/2016:14:15:21 +0000] "GET /openhab.app?sitemap=demo&sitemap=demo&w=0100&poll=true&__async=true&__source=wa0100 HTTP/1.1" 200 92 
0:0:0:0:0:0:0:1 -  -  [01/Jun/2016:14:15:34 +0000] "GET /chart?groups=Weather_Chart&period=h&t=1464790534175 HTTP/1.1" 200 3538 
0:0:0:0:0:0:0:1 -  -  [01/Jun/2016:14:15:41 +0000] "GET /chart?groups=Weather_Chart&period=h&t=1464790541035 HTTP/1.1" 200 3549 
0:0:0:0:0:0:0:1 -  -  [01/Jun/2016:14:15:31 +0000] "GET /openhab.app?sitemap=dhruv&poll=true&__async=true&__source=waHome HTTP/1.1" 200 92 
0:0:0:0:0:0:0:1 -  -  [01/Jun/2016:14:15:32 +0000] "GET /openhab.app?sitemap=demo&sitemap=demo&w=0100&poll=true&__async=true&__source=wa0100 HTTP/1.1" 200 92 
0:0:0:0:0:0:0:1 -  -  [01/Jun/2016:14:15:47 +0000] "GET /openhab.app?sitemap=dhruv HTTP/1.1" 200 9565 
0:0:0:0:0:0:0:1 -  -  [01/Jun/2016:14:15:47 +0000] "GET /classicui/WebApp/Design/Render.css HTTP/1.1" 304 0 
0:0:0:0:0:0:0:1 -  -  [01/Jun/2016:14:15:47 +0000] "GET /classicui/WebApp/Design/RenderRTL.css HTTP/1.1" 304 0 
0:0:0:0:0:0:0:1 -  -  [01/Jun/2016:14:15:47 +0000] "GET /classicui/WebApp/Design/Firefox.css HTTP/1.1" 304 0 
0:0:0:0:0:0:0:1 -  -  [01/Jun/2016:14:15:47 +0000] "GET /classicui/WebApp/Design/openHAB.css HTTP/1.1" 304 0 
0:0:0:0:0:0:0:1 -  -  [01/Jun/2016:14:15:47 +0000] "GET /classicui/jquery.miniColors.css HTTP/1.1" 304 0 
0:0:0:0:0:0:0:1 -  -  [01/Jun/2016:14:15:47 +0000] "GET /classicui/WebApp/Action/Logic.min.js HTTP/1.1" 304 0 
0:0:0:0:0:0:0:1 -  -  [01/Jun/2016:14:15:47 +0000] "GET /classicui/jquery.min.js HTTP/1.1" 304 0 
0:0:0:0:0:0:0:1 -  -  [01/Jun/2016:14:15:47 +0000] "GET /classicui/jquery.miniColors.js HTTP/1.1" 304 0 
0:0:0:0:0:0:0:1 -  -  [01/Jun/2016:14:15:47 +0000] "GET /images/temperature.png HTTP/1.1" 304 0 
0:0:0:0:0:0:0:1 -  -  [01/Jun/2016:14:15:47 +0000] "GET /images/none.png HTTP/1.1" 304 0 
0:0:0:0:0:0:0:1 -  -  [01/Jun/2016:14:15:47 +0000] "GET /chart?groups=Weather_Chart&period=h&t=1464790547694 HTTP/1.1" 200 3554 
0:0:0:0:0:0:0:1 -  -  [01/Jun/2016:14:15:47 +0000] "GET /images/favicon.ico HTTP/1.1" 200 1150 
0:0:0:0:0:0:0:1 -  -  [01/Jun/2016:14:15:42 +0000] "GET /openhab.app?sitemap=dhruv&poll=true&__async=true&__source=waHome HTTP/1.1" 200 92 
0:0:0:0:0:0:0:1 -  -  [01/Jun/2016:14:15:42 +0000] "GET /openhab.app?sitemap=demo&sitemap=demo&w=0100&poll=true&__async=true&__source=wa0100 HTTP/1.1" 200 92 
0:0:0:0:0:0:0:1 -  -  [01/Jun/2016:14:15:55 +0000] "GET /chart?groups=Weather_Chart&period=h&t=1464790555180 HTTP/1.1" 200 3509 
0:0:0:0:0:0:0:1 -  -  [01/Jun/2016:14:15:49 +0000] "GET /openhab.app?sitemap=dhruv&poll=true&__async=true&__source=waHome HTTP/1.1" 200 92 
0:0:0:0:0:0:0:1 -  -  [01/Jun/2016:14:16:02 +0000] "GET /chart?groups=Weather_Chart&period=h&t=1464790562030 HTTP/1.1" 200 3505 
0:0:0:0:0:0:0:1 -  -  [01/Jun/2016:14:15:53 +0000] "GET /openhab.app?sitemap=demo&sitemap=demo&w=0100&poll=true&__async=true&__source=wa0100 HTTP/1.1" 200 92 
0:0:0:0:0:0:0:1 -  -  [01/Jun/2016:14:16:09 +0000] "GET /chart?groups=Weather_Chart&period=h&t=1464790569043 HTTP/1.1" 200 3543 
0:0:0:0:0:0:0:1 -  -  [01/Jun/2016:14:15:59 +0000] "GET /openhab.app?sitemap=dhruv&poll=true&__async=true&__source=waHome HTTP/1.1" 200 92 
0:0:0:0:0:0:0:1 -  -  [01/Jun/2016:14:16:03 +0000] "GET /openhab.app?sitemap=demo&sitemap=demo&w=0100&poll=true&__async=true&__source=wa0100 HTTP/1.1" 200 92 
0:0:0:0:0:0:0:1 -  -  [01/Jun/2016:14:16:15 +0000] "GET /chart?groups=Weather_Chart&period=h&t=1464790575693 HTTP/1.1" 200 3538 
0:0:0:0:0:0:0:1 -  -  [01/Jun/2016:14:16:10 +0000] "GET /openhab.app?sitemap=dhruv&poll=true&__async=true&__source=waHome HTTP/1.1" 200 92 
0:0:0:0:0:0:0:1 -  -  [01/Jun/2016:14:16:22 +0000] "GET /chart?groups=Weather_Chart&period=h&t=1464790582025 HTTP/1.1" 200 3546 
0:0:0:0:0:0:0:1 -  -  [01/Jun/2016:14:16:14 +0000] "GET /openhab.app?sitemap=demo&sitemap=demo&w=0100&poll=true&__async=true&__source=wa0100 HTTP/1.1" 200 92 
0:0:0:0:0:0:0:1 -  -  [01/Jun/2016:14:16:29 +0000] "GET /chart?groups=Weather_Chart&period=h&t=1464790589064 HTTP/1.1" 200 3518 
0:0:0:0:0:0:0:1 -  -  [01/Jun/2016:14:16:20 +0000] "GET /openhab.app?sitemap=dhruv&poll=true&__async=true&__source=waHome HTTP/1.1" 200 92 
0:0:0:0:0:0:0:1 -  -  [01/Jun/2016:14:16:25 +0000] "GET /openhab.app?sitemap=demo&sitemap=demo&w=0100&poll=true&__async=true&__source=wa0100 HTTP/1.1" 200 92 
0:0:0:0:0:0:0:1 -  -  [01/Jun/2016:14:16:35 +0000] "GET /chart?groups=Weather_Chart&period=h&t=1464790595700 HTTP/1.1" 200 3516 
0:0:0:0:0:0:0:1 -  -  [01/Jun/2016:14:16:42 +0000] "GET /chart?groups=Weather_Chart&period=h&t=1464790602010 HTTP/1.1" 200 3549 
0:0:0:0:0:0:0:1 -  -  [01/Jun/2016:14:16:31 +0000] "GET /openhab.app?sitemap=dhruv&poll=true&__async=true&__source=waHome HTTP/1.1" 200 92 
0:0:0:0:0:0:0:1 -  -  [01/Jun/2016:14:16:35 +0000] "GET /openhab.app?sitemap=demo&sitemap=demo&w=0100&poll=true&__async=true&__source=wa0100 HTTP/1.1" 200 92 
0:0:0:0:0:0:0:1 -  -  [01/Jun/2016:14:16:48 +0000] "GET /chart?groups=Weather_Chart&period=h&t=1464790608181 HTTP/1.1" 200 3556 
0:0:0:0:0:0:0:1 -  -  [01/Jun/2016:14:16:42 +0000] "GET /openhab.app?sitemap=dhruv&poll=true&__async=true&__source=waHome HTTP/1.1" 200 92 
0:0:0:0:0:0:0:1 -  -  [01/Jun/2016:14:16:55 +0000] "GET /chart?groups=Weather_Chart&period=h&t=1464790615026 HTTP/1.1" 200 3552 
0:0:0:0:0:0:0:1 -  -  [01/Jun/2016:14:16:46 +0000] "GET /openhab.app?sitemap=demo&sitemap=demo&w=0100&poll=true&__async=true&__source=wa0100 HTTP/1.1" 200 92 
0:0:0:0:0:0:0:1 -  -  [01/Jun/2016:14:17:02 +0000] "GET /chart?groups=Weather_Chart&period=h&t=1464790622032 HTTP/1.1" 200 3520 
0:0:0:0:0:0:0:1 -  -  [01/Jun/2016:14:16:52 +0000] "GET /openhab.app?sitemap=dhruv&poll=true&__async=true&__source=waHome HTTP/1.1" 200 92 
0:0:0:0:0:0:0:1 -  -  [01/Jun/2016:14:16:56 +0000] "GET /openhab.app?sitemap=demo&sitemap=demo&w=0100&poll=true&__async=true&__source=wa0100 HTTP/1.1" 200 92 
0:0:0:0:0:0:0:1 -  -  [01/Jun/2016:14:17:09 +0000] "GET /chart?groups=Weather_Chart&period=h&t=1464790629184 HTTP/1.1" 200 3525 
0:0:0:0:0:0:0:1 -  -  [01/Jun/2016:14:17:03 +0000] "GET /openhab.app?sitemap=dhruv&poll=true&__async=true&__source=waHome HTTP/1.1" 200 92 
0:0:0:0:0:0:0:1 -  -  [01/Jun/2016:14:17:16 +0000] "GET /chart?groups=Weather_Chart&period=h&t=1464790636028 HTTP/1.1" 200 3559 
0:0:0:0:0:0:0:1 -  -  [01/Jun/2016:14:17:07 +0000] "GET /openhab.app?sitemap=demo&sitemap=demo&w=0100&poll=true&__async=true&__source=wa0100 HTTP/1.1" 200 92 
0:0:0:0:0:0:0:1 -  -  [01/Jun/2016:14:17:23 +0000] "GET /chart?groups=Weather_Chart&period=h&t=1464790643025 HTTP/1.1" 200 3568 
0:0:0:0:0:0:0:1 -  -  [01/Jun/2016:14:17:13 +0000] "GET /openhab.app?sitemap=dhruv&poll=true&__async=true&__source=waHome HTTP/1.1" 200 92 
0:0:0:0:0:0:0:1 -  -  [01/Jun/2016:14:17:17 +0000] "GET /openhab.app?sitemap=demo&sitemap=demo&w=0100&poll=true&__async=true&__source=wa0100 HTTP/1.1" 200 92 
0:0:0:0:0:0:0:1 -  -  [01/Jun/2016:14:17:30 +0000] "GET /chart?groups=Weather_Chart&period=h&t=1464790650181 HTTP/1.1" 200 3573 
0:0:0:0:0:0:0:1 -  -  [01/Jun/2016:14:17:24 +0000] "GET /openhab.app?sitemap=dhruv&poll=true&__async=true&__source=waHome HTTP/1.1" 200 92 
0:0:0:0:0:0:0:1 -  -  [01/Jun/2016:14:17:37 +0000] "GET /chart?groups=Weather_Chart&period=h&t=1464790657034 HTTP/1.1" 200 3556 
0:0:0:0:0:0:0:1 -  -  [01/Jun/2016:14:17:28 +0000] "GET /openhab.app?sitemap=demo&sitemap=demo&w=0100&poll=true&__async=true&__source=wa0100 HTTP/1.1" 200 92 
0:0:0:0:0:0:0:1 -  -  [01/Jun/2016:14:17:44 +0000] "GET /chart?groups=Weather_Chart&period=h&t=1464790664020 HTTP/1.1" 200 3519 
0:0:0:0:0:0:0:1 -  -  [01/Jun/2016:14:17:35 +0000] "GET /openhab.app?sitemap=dhruv&poll=true&__async=true&__source=waHome HTTP/1.1" 200 92 
0:0:0:0:0:0:0:1 -  -  [01/Jun/2016:14:17:39 +0000] "GET /openhab.app?sitemap=demo&sitemap=demo&w=0100&poll=true&__async=true&__source=wa0100 HTTP/1.1" 200 92 
0:0:0:0:0:0:0:1 -  -  [01/Jun/2016:14:17:51 +0000] "GET /chart?groups=Weather_Chart&period=h&t=1464790671044 HTTP/1.1" 200 3511 
0:0:0:0:0:0:0:1 -  -  [01/Jun/2016:14:17:45 +0000] "GET /openhab.app?sitemap=dhruv&poll=true&__async=true&__source=waHome HTTP/1.1" 200 92 
0:0:0:0:0:0:0:1 -  -  [01/Jun/2016:14:17:58 +0000] "GET /chart?groups=Weather_Chart&period=h&t=1464790678028 HTTP/1.1" 200 3549 
0:0:0:0:0:0:0:1 -  -  [01/Jun/2016:14:17:49 +0000] "GET /openhab.app?sitemap=demo&sitemap=demo&w=0100&poll=true&__async=true&__source=wa0100 HTTP/1.1" 200 92 
0:0:0:0:0:0:0:1 -  -  [01/Jun/2016:14:18:04 +0000] "GET /chart?groups=Weather_Chart&period=h&t=1464790684071 HTTP/1.1" 200 3556 
0:0:0:0:0:0:0:1 -  -  [01/Jun/2016:14:17:56 +0000] "GET /openhab.app?sitemap=dhruv&poll=true&__async=true&__source=waHome HTTP/1.1" 200 92 
0:0:0:0:0:0:0:1 -  -  [01/Jun/2016:14:18:00 +0000] "GET /openhab.app?sitemap=demo&sitemap=demo&w=0100&poll=true&__async=true&__source=wa0100 HTTP/1.1" 200 92 
0:0:0:0:0:0:0:1 -  -  [01/Jun/2016:14:18:10 +0000] "GET /chart?groups=Weather_Chart&period=h&t=1464790690779 HTTP/1.1" 200 3562 
0:0:0:0:0:0:0:1 -  -  [01/Jun/2016:14:18:17 +0000] "GET /chart?groups=Weather_Chart&period=h&t=1464790697022 HTTP/1.1" 200 3524 
0:0:0:0:0:0:0:1 -  -  [01/Jun/2016:14:18:06 +0000] "GET /openhab.app?sitemap=dhruv&poll=true&__async=true&__source=waHome HTTP/1.1" 200 92 
0:0:0:0:0:0:0:1 -  -  [01/Jun/2016:14:18:10 +0000] "GET /openhab.app?sitemap=demo&sitemap=demo&w=0100&poll=true&__async=true&__source=wa0100 HTTP/1.1" 200 92 
0:0:0:0:0:0:0:1 -  -  [01/Jun/2016:14:18:23 +0000] "GET /chart?groups=Weather_Chart&period=h&t=1464790703048 HTTP/1.1" 200 3555 
0:0:0:0:0:0:0:1 -  -  [01/Jun/2016:14:18:17 +0000] "GET /openhab.app?sitemap=dhruv&poll=true&__async=true&__source=waHome HTTP/1.1" 200 92 
0:0:0:0:0:0:0:1 -  -  [01/Jun/2016:14:18:30 +0000] "GET /chart?groups=Weather_Chart&period=h&t=1464790710031 HTTP/1.1" 200 3550 
0:0:0:0:0:0:0:1 -  -  [01/Jun/2016:14:18:21 +0000] "GET /openhab.app?sitemap=demo&sitemap=demo&w=0100&poll=true&__async=true&__source=wa0100 HTTP/1.1" 200 92 
0:0:0:0:0:0:0:1 -  -  [01/Jun/2016:14:18:37 +0000] "GET /chart?groups=Weather_Chart&period=h&t=1464790717024 HTTP/1.1" 200 3549 
0:0:0:0:0:0:0:1 -  -  [01/Jun/2016:14:18:27 +0000] "GET /openhab.app?sitemap=dhruv&poll=true&__async=true&__source=waHome HTTP/1.1" 200 92 
0:0:0:0:0:0:0:1 -  -  [01/Jun/2016:14:18:31 +0000] "GET /openhab.app?sitemap=demo&sitemap=demo&w=0100&poll=true&__async=true&__source=wa0100 HTTP/1.1" 200 92 
0:0:0:0:0:0:0:1 -  -  [01/Jun/2016:14:18:44 +0000] "GET /chart?groups=Weather_Chart&period=h&t=1464790724184 HTTP/1.1" 200 3543 
0:0:0:0:0:0:0:1 -  -  [01/Jun/2016:14:18:38 +0000] "GET /openhab.app?sitemap=dhruv&poll=true&__async=true&__source=waHome HTTP/1.1" 200 92 
0:0:0:0:0:0:0:1 -  -  [01/Jun/2016:14:18:51 +0000] "GET /chart?groups=Weather_Chart&period=h&t=1464790731036 HTTP/1.1" 200 3509 
0:0:0:0:0:0:0:1 -  -  [01/Jun/2016:14:18:42 +0000] "GET /openhab.app?sitemap=demo&sitemap=demo&w=0100&poll=true&__async=true&__source=wa0100 HTTP/1.1" 200 92 
0:0:0:0:0:0:0:1 -  -  [01/Jun/2016:14:18:58 +0000] "GET /chart?groups=Weather_Chart&period=h&t=1464790738024 HTTP/1.1" 200 3517 
0:0:0:0:0:0:0:1 -  -  [01/Jun/2016:14:18:49 +0000] "GET /openhab.app?sitemap=dhruv&poll=true&__async=true&__source=waHome HTTP/1.1" 200 92 
0:0:0:0:0:0:0:1 -  -  [01/Jun/2016:14:18:53 +0000] "GET /openhab.app?sitemap=demo&sitemap=demo&w=0100&poll=true&__async=true&__source=wa0100 HTTP/1.1" 200 92 
0:0:0:0:0:0:0:1 -  -  [01/Jun/2016:14:19:05 +0000] "GET /chart?groups=Weather_Chart&period=h&t=1464790745181 HTTP/1.1" 200 3549 
0:0:0:0:0:0:0:1 -  -  [01/Jun/2016:14:18:59 +0000] "GET /openhab.app?sitemap=dhruv&poll=true&__async=true&__source=waHome HTTP/1.1" 200 92 
0:0:0:0:0:0:0:1 -  -  [01/Jun/2016:14:19:12 +0000] "GET /chart?groups=Weather_Chart&period=h&t=1464790752031 HTTP/1.1" 200 3546 
0:0:0:0:0:0:0:1 -  -  [01/Jun/2016:14:19:03 +0000] "GET /openhab.app?sitemap=demo&sitemap=demo&w=0100&poll=true&__async=true&__source=wa0100 HTTP/1.1" 200 92 
0:0:0:0:0:0:0:1 -  -  [01/Jun/2016:14:19:19 +0000] "GET /chart?groups=Weather_Chart&period=h&t=1464790759044 HTTP/1.1" 200 3547 
0:0:0:0:0:0:0:1 -  -  [01/Jun/2016:14:19:10 +0000] "GET /openhab.app?sitemap=dhruv&poll=true&__async=true&__source=waHome HTTP/1.1" 200 92 
0:0:0:0:0:0:0:1 -  -  [01/Jun/2016:14:19:14 +0000] "GET /openhab.app?sitemap=demo&sitemap=demo&w=0100&poll=true&__async=true&__source=wa0100 HTTP/1.1" 200 92 
0:0:0:0:0:0:0:1 -  -  [01/Jun/2016:14:19:26 +0000] "GET /chart?groups=Weather_Chart&period=h&t=1464790766144 HTTP/1.1" 200 3540 
0:0:0:0:0:0:0:1 -  -  [01/Jun/2016:14:19:20 +0000] "GET /openhab.app?sitemap=dhruv&poll=true&__async=true&__source=waHome HTTP/1.1" 200 92 
0:0:0:0:0:0:0:1 -  -  [01/Jun/2016:14:19:33 +0000] "GET /chart?groups=Weather_Chart&period=h&t=1464790773034 HTTP/1.1" 200 3496 
0:0:0:0:0:0:0:1 -  -  [01/Jun/2016:14:19:24 +0000] "GET /openhab.app?sitemap=demo&sitemap=demo&w=0100&poll=true&__async=true&__source=wa0100 HTTP/1.1" 200 92 
0:0:0:0:0:0:0:1 -  -  [01/Jun/2016:14:19:40 +0000] "GET /chart?groups=Weather_Chart&period=h&t=1464790780053 HTTP/1.1" 200 3501 
0:0:0:0:0:0:0:1 -  -  [01/Jun/2016:14:19:31 +0000] "GET /openhab.app?sitemap=dhruv&poll=true&__async=true&__source=waHome HTTP/1.1" 200 92 
0:0:0:0:0:0:0:1 -  -  [01/Jun/2016:14:19:35 +0000] "GET /openhab.app?sitemap=demo&sitemap=demo&w=0100&poll=true&__async=true&__source=wa0100 HTTP/1.1" 200 92 
0:0:0:0:0:0:0:1 -  -  [01/Jun/2016:14:19:46 +0000] "GET /chart?groups=Weather_Chart&period=h&t=1464790786721 HTTP/1.1" 200 3536 
0:0:0:0:0:0:0:1 -  -  [01/Jun/2016:14:19:41 +0000] "GET /openhab.app?sitemap=dhruv&poll=true&__async=true&__source=waHome HTTP/1.1" 200 92 
0:0:0:0:0:0:0:1 -  -  [01/Jun/2016:14:19:53 +0000] "GET /chart?groups=Weather_Chart&period=h&t=1464790793731 HTTP/1.1" 200 3544 
0:0:0:0:0:0:0:1 -  -  [01/Jun/2016:14:19:45 +0000] "GET /openhab.app?sitemap=demo&sitemap=demo&w=0100&poll=true&__async=true&__source=wa0100 HTTP/1.1" 200 92 
