0:0:0:0:0:0:0:1 -  -  [31/May/2016:20:57:22 +0000] "GET /openhab.app?sitemap=dhruv HTTP/1.1" 200 9520 
0:0:0:0:0:0:0:1 -  -  [31/May/2016:20:57:23 +0000] "GET /classicui/WebApp/Design/RenderRTL.css HTTP/1.1" 200 2903 
0:0:0:0:0:0:0:1 -  -  [31/May/2016:20:57:23 +0000] "GET /classicui/WebApp/Design/Firefox.css HTTP/1.1" 200 3594 
0:0:0:0:0:0:0:1 -  -  [31/May/2016:20:57:23 +0000] "GET /classicui/WebApp/Design/Render.css HTTP/1.1" 200 16830 
0:0:0:0:0:0:0:1 -  -  [31/May/2016:20:57:23 +0000] "GET /classicui/WebApp/Design/openHAB.css HTTP/1.1" 200 101 
0:0:0:0:0:0:0:1 -  -  [31/May/2016:20:57:23 +0000] "GET /classicui/jquery.miniColors.css HTTP/1.1" 200 3525 
0:0:0:0:0:0:0:1 -  -  [31/May/2016:20:57:23 +0000] "GET /classicui/WebApp/Action/Logic.min.js HTTP/1.1" 200 25268 
0:0:0:0:0:0:0:1 -  -  [31/May/2016:20:57:23 +0000] "GET /classicui/jquery.min.js HTTP/1.1" 200 93637 
0:0:0:0:0:0:0:1 -  -  [31/May/2016:20:57:23 +0000] "GET /classicui/jquery.miniColors.js HTTP/1.1" 200 20436 
0:0:0:0:0:0:0:1 -  -  [31/May/2016:20:57:23 +0000] "GET /images/temperature.png HTTP/1.1" 200 4361 
0:0:0:0:0:0:0:1 -  -  [31/May/2016:20:57:23 +0000] "GET /images/none.png HTTP/1.1" 200 132 
0:0:0:0:0:0:0:1 -  -  [31/May/2016:20:57:23 +0000] "GET /classicui/WebApp/Design/Img/select.png HTTP/1.1" 200 135 
0:0:0:0:0:0:0:1 -  -  [31/May/2016:20:57:23 +0000] "GET /classicui/WebApp/Design/Img/bg.png HTTP/1.1" 200 115 
0:0:0:0:0:0:0:1 -  -  [31/May/2016:20:57:23 +0000] "GET /classicui/WebApp/Design/Img/loader-white-100x12x1.png HTTP/1.1" 200 608 
0:0:0:0:0:0:0:1 -  -  [31/May/2016:20:57:23 +0000] "GET /classicui/WebApp/Design/Img/loader-white-100x12x2.png HTTP/1.1" 200 621 
0:0:0:0:0:0:0:1 -  -  [31/May/2016:20:57:23 +0000] "GET /classicui/WebApp/Design/Img/loader-white-100x12x3.png HTTP/1.1" 200 615 
0:0:0:0:0:0:0:1 -  -  [31/May/2016:20:57:23 +0000] "GET /classicui/WebApp/Design/Img/loader-white-100x12x4.png HTTP/1.1" 200 615 
0:0:0:0:0:0:0:1 -  -  [31/May/2016:20:57:23 +0000] "GET /classicui/WebApp/Design/Img/loader-white-100x12x5.png HTTP/1.1" 200 608 
0:0:0:0:0:0:0:1 -  -  [31/May/2016:20:57:23 +0000] "GET /classicui/WebApp/Design/Img/loader-white-100x12x6.png HTTP/1.1" 200 601 
0:0:0:0:0:0:0:1 -  -  [31/May/2016:20:57:23 +0000] "GET /classicui/WebApp/Design/Img/loader-white-100x12x7.png HTTP/1.1" 200 607 
0:0:0:0:0:0:0:1 -  -  [31/May/2016:20:57:23 +0000] "GET /classicui/WebApp/Design/Img/loader-white-100x12x9.png HTTP/1.1" 200 604 
0:0:0:0:0:0:0:1 -  -  [31/May/2016:20:57:23 +0000] "GET /classicui/WebApp/Design/Img/loader-white-100x12x8.png HTTP/1.1" 200 616 
0:0:0:0:0:0:0:1 -  -  [31/May/2016:20:57:23 +0000] "GET /classicui/WebApp/Design/Img/loader-white-100x12x10.png HTTP/1.1" 200 608 
0:0:0:0:0:0:0:1 -  -  [31/May/2016:20:57:23 +0000] "GET /classicui/WebApp/Design/Img/loader-white-100x12x11.png HTTP/1.1" 200 606 
0:0:0:0:0:0:0:1 -  -  [31/May/2016:20:57:23 +0000] "GET /classicui/WebApp/Design/Img/loader-white-100x12x12.png HTTP/1.1" 200 616 
0:0:0:0:0:0:0:1 -  -  [31/May/2016:20:57:23 +0000] "GET /classicui/WebApp/Design/Img/loader-gray-100x12x1.png HTTP/1.1" 200 701 
0:0:0:0:0:0:0:1 -  -  [31/May/2016:20:57:23 +0000] "GET /classicui/WebApp/Design/Img/loader-gray-100x12x3.png HTTP/1.1" 200 700 
0:0:0:0:0:0:0:1 -  -  [31/May/2016:20:57:23 +0000] "GET /classicui/WebApp/Design/Img/loader-gray-100x12x2.png HTTP/1.1" 200 693 
0:0:0:0:0:0:0:1 -  -  [31/May/2016:20:57:23 +0000] "GET /classicui/WebApp/Design/Img/loader-gray-100x12x4.png HTTP/1.1" 200 689 
0:0:0:0:0:0:0:1 -  -  [31/May/2016:20:57:23 +0000] "GET /classicui/WebApp/Design/Img/loader-gray-100x12x5.png HTTP/1.1" 200 699 
0:0:0:0:0:0:0:1 -  -  [31/May/2016:20:57:23 +0000] "GET /classicui/WebApp/Design/Img/loader-gray-100x12x6.png HTTP/1.1" 200 689 
0:0:0:0:0:0:0:1 -  -  [31/May/2016:20:57:23 +0000] "GET /classicui/WebApp/Design/Img/loader-gray-100x12x7.png HTTP/1.1" 200 689 
0:0:0:0:0:0:0:1 -  -  [31/May/2016:20:57:23 +0000] "GET /classicui/WebApp/Design/Img/loader-gray-100x12x8.png HTTP/1.1" 200 688 
0:0:0:0:0:0:0:1 -  -  [31/May/2016:20:57:23 +0000] "GET /classicui/WebApp/Design/Img/loader-gray-100x12x9.png HTTP/1.1" 200 692 
0:0:0:0:0:0:0:1 -  -  [31/May/2016:20:57:23 +0000] "GET /classicui/WebApp/Design/Img/loader-gray-100x12x10.png HTTP/1.1" 200 692 
0:0:0:0:0:0:0:1 -  -  [31/May/2016:20:57:23 +0000] "GET /classicui/WebApp/Design/Img/loader-gray-100x12x11.png HTTP/1.1" 200 688 
0:0:0:0:0:0:0:1 -  -  [31/May/2016:20:57:23 +0000] "GET /classicui/WebApp/Design/Img/loader-gray-100x12x12.png HTTP/1.1" 200 694 
0:0:0:0:0:0:0:1 -  -  [31/May/2016:20:57:23 +0000] "GET /classicui/WebApp/Design/Img/loader-big-white-100x12x1.png HTTP/1.1" 200 1873 
0:0:0:0:0:0:0:1 -  -  [31/May/2016:20:57:23 +0000] "GET /classicui/WebApp/Design/Img/loader-big-white-100x12x3.png HTTP/1.1" 200 1849 
0:0:0:0:0:0:0:1 -  -  [31/May/2016:20:57:23 +0000] "GET /classicui/WebApp/Design/Img/loader-big-white-100x12x2.png HTTP/1.1" 200 1870 
0:0:0:0:0:0:0:1 -  -  [31/May/2016:20:57:23 +0000] "GET /classicui/WebApp/Design/Img/loader-big-white-100x12x4.png HTTP/1.1" 200 1923 
0:0:0:0:0:0:0:1 -  -  [31/May/2016:20:57:23 +0000] "GET /classicui/WebApp/Design/Img/loader-big-white-100x12x5.png HTTP/1.1" 200 1914 
0:0:0:0:0:0:0:1 -  -  [31/May/2016:20:57:23 +0000] "GET /classicui/WebApp/Design/Img/bg-head.png HTTP/1.1" 200 152 
0:0:0:0:0:0:0:1 -  -  [31/May/2016:20:57:23 +0000] "GET /classicui/WebApp/Design/Img/loader-big-white-100x12x9.png HTTP/1.1" 200 1876 
0:0:0:0:0:0:0:1 -  -  [31/May/2016:20:57:23 +0000] "GET /classicui/WebApp/Design/Img/loader-big-white-100x12x11.png HTTP/1.1" 200 1889 
0:0:0:0:0:0:0:1 -  -  [31/May/2016:20:57:23 +0000] "GET /classicui/WebApp/Design/Img/loader-big-white-100x12x10.png HTTP/1.1" 200 1893 
0:0:0:0:0:0:0:1 -  -  [31/May/2016:20:57:23 +0000] "GET /classicui/WebApp/Design/Img/button-back-touch.png HTTP/1.1" 200 932 
0:0:0:0:0:0:0:1 -  -  [31/May/2016:20:57:23 +0000] "GET /classicui/WebApp/Design/Img/loader-big-white-100x12x12.png HTTP/1.1" 200 1873 
0:0:0:0:0:0:0:1 -  -  [31/May/2016:20:57:23 +0000] "GET /classicui/WebApp/Design/Img/loader-big-white-100x12x7.png HTTP/1.1" 200 1859 
0:0:0:0:0:0:0:1 -  -  [31/May/2016:20:57:23 +0000] "GET /classicui/WebApp/Design/Img/loader-big-white-100x12x6.png HTTP/1.1" 200 1901 
0:0:0:0:0:0:0:1 -  -  [31/May/2016:20:57:23 +0000] "GET /classicui/WebApp/Design/Img/check-sel.png HTTP/1.1" 200 290 
0:0:0:0:0:0:0:1 -  -  [31/May/2016:20:57:23 +0000] "GET /classicui/WebApp/Design/Img/button-simple-touch.png HTTP/1.1" 200 665 
0:0:0:0:0:0:0:1 -  -  [31/May/2016:20:57:23 +0000] "GET /classicui/WebApp/Design/Img/loader-big-white-100x12x8.png HTTP/1.1" 200 1897 
0:0:0:0:0:0:0:1 -  -  [31/May/2016:20:57:23 +0000] "GET /classicui/WebApp/Design/Img/chevron-select.png HTTP/1.1" 200 196 
0:0:0:0:0:0:0:1 -  -  [31/May/2016:20:57:23 +0000] "GET /classicui/WebApp/Design/Img/button-back.png HTTP/1.1" 200 940 
0:0:0:0:0:0:0:1 -  -  [31/May/2016:20:57:23 +0000] "GET /classicui/WebApp/Design/Img/button-simple.png HTTP/1.1" 200 670 
0:0:0:0:0:0:0:1 -  -  [31/May/2016:20:57:23 +0000] "GET /classicui/jquery.minicolors.png HTTP/1.1" 200 50867 
0:0:0:0:0:0:0:1 -  -  [31/May/2016:20:57:24 +0000] "GET /openhab.app?sitemap=dhruv&poll=true&__async=true&__source=waHome HTTP/1.1" 200 507 
0:0:0:0:0:0:0:1 -  -  [31/May/2016:20:57:29 +0000] "GET /openhab.app?sitemap=dhruv&poll=true&__async=true&__source=waHome HTTP/1.1" 200 92 
0:0:0:0:0:0:0:1 -  -  [31/May/2016:20:57:40 +0000] "GET /openhab.app?sitemap=dhruv&poll=true&__async=true&__source=waHome HTTP/1.1" 200 92 
0:0:0:0:0:0:0:1 -  -  [31/May/2016:20:57:50 +0000] "GET /openhab.app?sitemap=dhruv&poll=true&__async=true&__source=waHome HTTP/1.1" 200 92 
0:0:0:0:0:0:0:1 -  -  [31/May/2016:20:58:01 +0000] "GET /openhab.app?sitemap=dhruv&poll=true&__async=true&__source=waHome HTTP/1.1" 200 92 
0:0:0:0:0:0:0:1 -  -  [31/May/2016:20:58:11 +0000] "GET /openhab.app?sitemap=dhruv&poll=true&__async=true&__source=waHome HTTP/1.1" 200 92 
0:0:0:0:0:0:0:1 -  -  [31/May/2016:20:58:22 +0000] "GET /openhab.app?sitemap=dhruv&poll=true&__async=true&__source=waHome HTTP/1.1" 200 92 
0:0:0:0:0:0:0:1 -  -  [31/May/2016:20:58:32 +0000] "GET /openhab.app?sitemap=dhruv&poll=true&__async=true&__source=waHome HTTP/1.1" 200 92 
0:0:0:0:0:0:0:1 -  -  [31/May/2016:20:58:43 +0000] "GET /openhab.app?sitemap=dhruv&poll=true&__async=true&__source=waHome HTTP/1.1" 200 92 
0:0:0:0:0:0:0:1 -  -  [31/May/2016:20:58:54 +0000] "GET /openhab.app?sitemap=dhruv&poll=true&__async=true&__source=waHome HTTP/1.1" 200 92 
0:0:0:0:0:0:0:1 -  -  [31/May/2016:20:59:04 +0000] "GET /openhab.app?sitemap=dhruv&poll=true&__async=true&__source=waHome HTTP/1.1" 200 92 
0:0:0:0:0:0:0:1 -  -  [31/May/2016:20:59:15 +0000] "GET /openhab.app?sitemap=dhruv&poll=true&__async=true&__source=waHome HTTP/1.1" 200 92 
0:0:0:0:0:0:0:1 -  -  [31/May/2016:20:59:25 +0000] "GET /openhab.app?sitemap=dhruv&poll=true&__async=true&__source=waHome HTTP/1.1" 200 92 
0:0:0:0:0:0:0:1 -  -  [31/May/2016:20:59:36 +0000] "GET /openhab.app?sitemap=dhruv&poll=true&__async=true&__source=waHome HTTP/1.1" 200 92 
0:0:0:0:0:0:0:1 -  -  [31/May/2016:20:59:46 +0000] "GET /openhab.app?sitemap=dhruv&poll=true&__async=true&__source=waHome HTTP/1.1" 200 92 
0:0:0:0:0:0:0:1 -  -  [31/May/2016:20:59:57 +0000] "GET /openhab.app?sitemap=dhruv&poll=true&__async=true&__source=waHome HTTP/1.1" 200 507 
0:0:0:0:0:0:0:1 -  -  [31/May/2016:21:00:00 +0000] "GET /openhab.app?sitemap=dhruv&poll=true&__async=true&__source=waHome HTTP/1.1" 200 92 
0:0:0:0:0:0:0:1 -  -  [31/May/2016:21:00:11 +0000] "GET /openhab.app?sitemap=dhruv&poll=true&__async=true&__source=waHome HTTP/1.1" 200 92 
0:0:0:0:0:0:0:1 -  -  [31/May/2016:21:00:21 +0000] "GET /openhab.app?sitemap=dhruv&poll=true&__async=true&__source=waHome HTTP/1.1" 200 92 
0:0:0:0:0:0:0:1 -  -  [31/May/2016:21:00:32 +0000] "GET /openhab.app?sitemap=dhruv&poll=true&__async=true&__source=waHome HTTP/1.1" 200 92 
0:0:0:0:0:0:0:1 -  -  [31/May/2016:21:00:42 +0000] "GET /openhab.app?sitemap=dhruv&poll=true&__async=true&__source=waHome HTTP/1.1" 200 92 
0:0:0:0:0:0:0:1 -  -  [31/May/2016:21:00:53 +0000] "GET /openhab.app?sitemap=dhruv&poll=true&__async=true&__source=waHome HTTP/1.1" 200 92 
0:0:0:0:0:0:0:1 -  -  [31/May/2016:21:01:03 +0000] "GET /openhab.app?sitemap=dhruv&poll=true&__async=true&__source=waHome HTTP/1.1" 200 92 
0:0:0:0:0:0:0:1 -  -  [31/May/2016:21:01:14 +0000] "GET /openhab.app?sitemap=dhruv&poll=true&__async=true&__source=waHome HTTP/1.1" 200 92 
0:0:0:0:0:0:0:1 -  -  [31/May/2016:21:01:25 +0000] "GET /openhab.app?sitemap=dhruv&poll=true&__async=true&__source=waHome HTTP/1.1" 200 92 
0:0:0:0:0:0:0:1 -  -  [31/May/2016:21:01:35 +0000] "GET /openhab.app?sitemap=dhruv&poll=true&__async=true&__source=waHome HTTP/1.1" 200 92 
0:0:0:0:0:0:0:1 -  -  [31/May/2016:21:01:46 +0000] "GET /openhab.app?sitemap=dhruv&poll=true&__async=true&__source=waHome HTTP/1.1" 200 92 
0:0:0:0:0:0:0:1 -  -  [31/May/2016:21:01:56 +0000] "GET /openhab.app?sitemap=dhruv&poll=true&__async=true&__source=waHome HTTP/1.1" 200 92 
0:0:0:0:0:0:0:1 -  -  [31/May/2016:21:02:07 +0000] "GET /openhab.app?sitemap=dhruv&poll=true&__async=true&__source=waHome HTTP/1.1" 200 92 
0:0:0:0:0:0:0:1 -  -  [31/May/2016:21:02:17 +0000] "GET /openhab.app?sitemap=dhruv&poll=true&__async=true&__source=waHome HTTP/1.1" 200 92 
0:0:0:0:0:0:0:1 -  -  [31/May/2016:21:02:28 +0000] "GET /openhab.app?sitemap=dhruv&poll=true&__async=true&__source=waHome HTTP/1.1" 200 92 
0:0:0:0:0:0:0:1 -  -  [01/Jun/2016:13:34:01 +0000] "GET /openhab.app?sitemap=demo HTTP/1.1" 200 10923 
0:0:0:0:0:0:0:1 -  -  [01/Jun/2016:13:34:01 +0000] "GET /images/firstfloor.png HTTP/1.1" 200 4473 
0:0:0:0:0:0:0:1 -  -  [01/Jun/2016:13:34:01 +0000] "GET /images/groundfloor.png HTTP/1.1" 200 5194 
0:0:0:0:0:0:0:1 -  -  [01/Jun/2016:13:34:01 +0000] "GET /images/cellar.png HTTP/1.1" 200 5294 
0:0:0:0:0:0:0:1 -  -  [01/Jun/2016:13:34:01 +0000] "GET /images/garden.png HTTP/1.1" 200 5237 
0:0:0:0:0:0:0:1 -  -  [01/Jun/2016:13:34:01 +0000] "GET /images/calendar.png HTTP/1.1" 200 4333 
0:0:0:0:0:0:0:1 -  -  [01/Jun/2016:13:34:01 +0000] "GET /images/chart.png HTTP/1.1" 200 3772 
0:0:0:0:0:0:0:1 -  -  [01/Jun/2016:13:34:01 +0000] "GET /images/video.png HTTP/1.1" 200 5269 
0:0:0:0:0:0:0:1 -  -  [01/Jun/2016:13:34:01 +0000] "GET /classicui/WebApp/Design/Img/chevron.png HTTP/1.1" 200 254 
0:0:0:0:0:0:0:1 -  -  [01/Jun/2016:13:34:03 +0000] "GET /openhab.app?sitemap=demo&w=0100&__async=true&__source=waHome HTTP/1.1" 200 1721 
0:0:0:0:0:0:0:1 -  -  [01/Jun/2016:13:34:03 +0000] "GET /classicui/WebApp/Design/Img/button-blue.png HTTP/1.1" 200 741 
0:0:0:0:0:0:0:1 -  -  [01/Jun/2016:13:34:03 +0000] "GET /chart?groups=Weather_Chart&period=h&t=1464788043743 HTTP/1.1" 200 3691 
0:0:0:0:0:0:0:1 -  -  [01/Jun/2016:13:34:11 +0000] "GET /chart?groups=Weather_Chart&period=h&t=1464788051943 HTTP/1.1" 200 3686 
0:0:0:0:0:0:0:1 -  -  [01/Jun/2016:13:34:03 +0000] "GET /openhab.app?sitemap=demo&poll=true&__async=true&__source=waHome HTTP/1.1" 200 92 
0:0:0:0:0:0:0:1 -  -  [01/Jun/2016:13:34:04 +0000] "GET /openhab.app?sitemap=demo&sitemap=demo&w=0100&poll=true&__async=true&__source=wa0100 HTTP/1.1" 200 92 
0:0:0:0:0:0:0:1 -  -  [01/Jun/2016:13:34:18 +0000] "GET /chart?groups=Weather_Chart&period=h&t=1464788058006 HTTP/1.1" 200 3689 
0:0:0:0:0:0:0:1 -  -  [01/Jun/2016:13:34:18 +0000] "GET /openhab.app?sitemap=home HTTP/1.1" 500 3902 
0:0:0:0:0:0:0:1 -  -  [01/Jun/2016:13:34:18 +0000] "GET /favicon.ico HTTP/1.1" 404 1410 
0:0:0:0:0:0:0:1 -  -  [01/Jun/2016:13:34:24 +0000] "GET /chart?groups=Weather_Chart&period=h&t=1464788064898 HTTP/1.1" 200 3681 
0:0:0:0:0:0:0:1 -  -  [01/Jun/2016:13:34:15 +0000] "GET /openhab.app?sitemap=demo&sitemap=demo&w=0100&poll=true&__async=true&__source=wa0100 HTTP/1.1" 200 92 
0:0:0:0:0:0:0:1 -  -  [01/Jun/2016:13:34:26 +0000] "GET /openhab.app?sitemap=dhruv HTTP/1.1" 200 9520 
0:0:0:0:0:0:0:1 -  -  [01/Jun/2016:13:34:30 +0000] "GET /chart?groups=Weather_Chart&period=h&t=1464788070992 HTTP/1.1" 200 3647 
0:0:0:0:0:0:0:1 -  -  [01/Jun/2016:13:34:25 +0000] "GET /openhab.app?sitemap=demo&sitemap=demo&w=0100&poll=true&__async=true&__source=wa0100 HTTP/1.1" 200 92 
0:0:0:0:0:0:0:1 -  -  [01/Jun/2016:13:34:38 +0000] "GET /chart?groups=Weather_Chart&period=h&t=1464788078123 HTTP/1.1" 200 3648 
0:0:0:0:0:0:0:1 -  -  [01/Jun/2016:13:34:28 +0000] "GET /openhab.app?sitemap=dhruv&poll=true&__async=true&__source=waHome HTTP/1.1" 200 92 
0:0:0:0:0:0:0:1 -  -  [01/Jun/2016:13:34:44 +0000] "GET /chart?groups=Weather_Chart&period=h&t=1464788084972 HTTP/1.1" 200 3661 
0:0:0:0:0:0:0:1 -  -  [01/Jun/2016:13:34:36 +0000] "GET /openhab.app?sitemap=demo&sitemap=demo&w=0100&poll=true&__async=true&__source=wa0100 HTTP/1.1" 200 92 
0:0:0:0:0:0:0:1 -  -  [01/Jun/2016:13:34:38 +0000] "GET /openhab.app?sitemap=dhruv&poll=true&__async=true&__source=waHome HTTP/1.1" 200 92 
0:0:0:0:0:0:0:1 -  -  [01/Jun/2016:13:34:51 +0000] "GET /chart?groups=Weather_Chart&period=h&t=1464788091969 HTTP/1.1" 200 3678 
0:0:0:0:0:0:0:1 -  -  [01/Jun/2016:13:34:46 +0000] "GET /openhab.app?sitemap=demo&sitemap=demo&w=0100&poll=true&__async=true&__source=wa0100 HTTP/1.1" 200 92 
0:0:0:0:0:0:0:1 -  -  [01/Jun/2016:13:34:59 +0000] "GET /chart?groups=Weather_Chart&period=h&t=1464788099127 HTTP/1.1" 200 3687 
0:0:0:0:0:0:0:1 -  -  [01/Jun/2016:13:34:49 +0000] "GET /openhab.app?sitemap=dhruv&poll=true&__async=true&__source=waHome HTTP/1.1" 200 92 
0:0:0:0:0:0:0:1 -  -  [01/Jun/2016:13:34:59 +0000] "GET /openhab.app?sitemap=dhruv&poll=true&__async=true&__source=waHome HTTP/1.1" 200 507 
0:0:0:0:0:0:0:1 -  -  [01/Jun/2016:13:35:05 +0000] "GET /chart?groups=Weather_Chart&period=h&t=1464788105970 HTTP/1.1" 200 3675 
0:0:0:0:0:0:0:1 -  -  [01/Jun/2016:13:34:57 +0000] "GET /openhab.app?sitemap=demo&sitemap=demo&w=0100&poll=true&__async=true&__source=wa0100 HTTP/1.1" 200 92 
0:0:0:0:0:0:0:1 -  -  [01/Jun/2016:13:35:00 +0000] "GET /openhab.app?sitemap=dhruv&poll=true&__async=true&__source=waHome HTTP/1.1" 200 92 
0:0:0:0:0:0:0:1 -  -  [01/Jun/2016:13:35:13 +0000] "GET /chart?groups=Weather_Chart&period=h&t=1464788113130 HTTP/1.1" 200 3651 
0:0:0:0:0:0:0:1 -  -  [01/Jun/2016:13:35:07 +0000] "GET /openhab.app?sitemap=demo&sitemap=demo&w=0100&poll=true&__async=true&__source=wa0100 HTTP/1.1" 200 92 
0:0:0:0:0:0:0:1 -  -  [01/Jun/2016:13:35:19 +0000] "GET /chart?groups=Weather_Chart&period=h&t=1464788119974 HTTP/1.1" 200 3643 
0:0:0:0:0:0:0:1 -  -  [01/Jun/2016:13:35:10 +0000] "GET /openhab.app?sitemap=dhruv&poll=true&__async=true&__source=waHome HTTP/1.1" 200 92 
0:0:0:0:0:0:0:1 -  -  [01/Jun/2016:13:35:26 +0000] "GET /chart?groups=Weather_Chart&period=h&t=1464788126968 HTTP/1.1" 200 3665 
0:0:0:0:0:0:0:1 -  -  [01/Jun/2016:13:35:18 +0000] "GET /openhab.app?sitemap=demo&sitemap=demo&w=0100&poll=true&__async=true&__source=wa0100 HTTP/1.1" 200 92 
0:0:0:0:0:0:0:1 -  -  [01/Jun/2016:13:35:21 +0000] "GET /openhab.app?sitemap=dhruv&poll=true&__async=true&__source=waHome HTTP/1.1" 200 92 
0:0:0:0:0:0:0:1 -  -  [01/Jun/2016:13:35:33 +0000] "GET /chart?groups=Weather_Chart&period=h&t=1464788133952 HTTP/1.1" 200 3672 
0:0:0:0:0:0:0:1 -  -  [01/Jun/2016:13:35:29 +0000] "GET /openhab.app?sitemap=demo&sitemap=demo&w=0100&poll=true&__async=true&__source=wa0100 HTTP/1.1" 200 92 
0:0:0:0:0:0:0:1 -  -  [01/Jun/2016:13:35:41 +0000] "GET /chart?groups=Weather_Chart&period=h&t=1464788140998 HTTP/1.1" 200 3688 
0:0:0:0:0:0:0:1 -  -  [01/Jun/2016:13:35:32 +0000] "GET /openhab.app?sitemap=dhruv&poll=true&__async=true&__source=waHome HTTP/1.1" 200 92 
0:0:0:0:0:0:0:1 -  -  [01/Jun/2016:13:35:48 +0000] "GET /chart?groups=Weather_Chart&period=h&t=1464788148138 HTTP/1.1" 200 3697 
0:0:0:0:0:0:0:1 -  -  [01/Jun/2016:13:35:39 +0000] "GET /openhab.app?sitemap=demo&sitemap=demo&w=0100&poll=true&__async=true&__source=wa0100 HTTP/1.1" 200 92 
0:0:0:0:0:0:0:1 -  -  [01/Jun/2016:13:35:42 +0000] "GET /openhab.app?sitemap=dhruv&poll=true&__async=true&__source=waHome HTTP/1.1" 200 92 
0:0:0:0:0:0:0:1 -  -  [01/Jun/2016:13:35:54 +0000] "GET /chart?groups=Weather_Chart&period=h&t=1464788154989 HTTP/1.1" 200 3665 
0:0:0:0:0:0:0:1 -  -  [01/Jun/2016:13:35:50 +0000] "GET /openhab.app?sitemap=demo&sitemap=demo&w=0100&poll=true&__async=true&__source=wa0100 HTTP/1.1" 200 92 
0:0:0:0:0:0:0:1 -  -  [01/Jun/2016:13:36:02 +0000] "GET /chart?groups=Weather_Chart&period=h&t=1464788162054 HTTP/1.1" 200 3657 
0:0:0:0:0:0:0:1 -  -  [01/Jun/2016:13:35:53 +0000] "GET /openhab.app?sitemap=dhruv&poll=true&__async=true&__source=waHome HTTP/1.1" 200 92 
0:0:0:0:0:0:0:1 -  -  [01/Jun/2016:13:36:08 +0000] "GET /chart?groups=Weather_Chart&period=h&t=1464788168136 HTTP/1.1" 200 3677 
0:0:0:0:0:0:0:1 -  -  [01/Jun/2016:13:36:00 +0000] "GET /openhab.app?sitemap=demo&sitemap=demo&w=0100&poll=true&__async=true&__source=wa0100 HTTP/1.1" 200 92 
0:0:0:0:0:0:0:1 -  -  [01/Jun/2016:13:36:03 +0000] "GET /openhab.app?sitemap=dhruv&poll=true&__async=true&__source=waHome HTTP/1.1" 200 92 
0:0:0:0:0:0:0:1 -  -  [01/Jun/2016:13:36:15 +0000] "GET /chart?groups=Weather_Chart&period=h&t=1464788175136 HTTP/1.1" 200 3683 
0:0:0:0:0:0:0:1 -  -  [01/Jun/2016:13:36:21 +0000] "GET /chart?groups=Weather_Chart&period=h&t=1464788181709 HTTP/1.1" 200 3688 
0:0:0:0:0:0:0:1 -  -  [01/Jun/2016:13:36:11 +0000] "GET /openhab.app?sitemap=demo&sitemap=demo&w=0100&poll=true&__async=true&__source=wa0100 HTTP/1.1" 200 92 
0:0:0:0:0:0:0:1 -  -  [01/Jun/2016:13:36:14 +0000] "GET /openhab.app?sitemap=dhruv&poll=true&__async=true&__source=waHome HTTP/1.1" 200 92 
0:0:0:0:0:0:0:1 -  -  [01/Jun/2016:13:36:27 +0000] "GET /chart?groups=Weather_Chart&period=h&t=1464788187980 HTTP/1.1" 200 3674 
0:0:0:0:0:0:0:1 -  -  [01/Jun/2016:13:36:21 +0000] "GET /openhab.app?sitemap=demo&sitemap=demo&w=0100&poll=true&__async=true&__source=wa0100 HTTP/1.1" 200 92 
0:0:0:0:0:0:0:1 -  -  [01/Jun/2016:13:36:34 +0000] "GET /chart?groups=Weather_Chart&period=h&t=1464788194826 HTTP/1.1" 200 3683 
0:0:0:0:0:0:0:1 -  -  [01/Jun/2016:13:36:24 +0000] "GET /openhab.app?sitemap=dhruv&poll=true&__async=true&__source=waHome HTTP/1.1" 200 92 
0:0:0:0:0:0:0:1 -  -  [01/Jun/2016:13:36:41 +0000] "GET /chart?groups=Weather_Chart&period=h&t=1464788201994 HTTP/1.1" 200 3684 
0:0:0:0:0:0:0:1 -  -  [01/Jun/2016:13:36:32 +0000] "GET /openhab.app?sitemap=demo&sitemap=demo&w=0100&poll=true&__async=true&__source=wa0100 HTTP/1.1" 200 92 
0:0:0:0:0:0:0:1 -  -  [01/Jun/2016:13:36:35 +0000] "GET /openhab.app?sitemap=dhruv&poll=true&__async=true&__source=waHome HTTP/1.1" 200 92 
0:0:0:0:0:0:0:1 -  -  [01/Jun/2016:13:36:48 +0000] "GET /chart?groups=Weather_Chart&period=h&t=1464788208640 HTTP/1.1" 200 3702 
0:0:0:0:0:0:0:1 -  -  [01/Jun/2016:13:36:43 +0000] "GET /openhab.app?sitemap=demo&sitemap=demo&w=0100&poll=true&__async=true&__source=wa0100 HTTP/1.1" 200 92 
0:0:0:0:0:0:0:1 -  -  [01/Jun/2016:13:36:56 +0000] "GET /chart?groups=Weather_Chart&period=h&t=1464788216030 HTTP/1.1" 200 3697 
0:0:0:0:0:0:0:1 -  -  [01/Jun/2016:13:36:46 +0000] "GET /openhab.app?sitemap=dhruv&poll=true&__async=true&__source=waHome HTTP/1.1" 200 92 
0:0:0:0:0:0:0:1 -  -  [01/Jun/2016:13:37:03 +0000] "GET /chart?groups=Weather_Chart&period=h&t=1464788223008 HTTP/1.1" 200 3702 
0:0:0:0:0:0:0:1 -  -  [01/Jun/2016:13:36:53 +0000] "GET /openhab.app?sitemap=demo&sitemap=demo&w=0100&poll=true&__async=true&__source=wa0100 HTTP/1.1" 200 92 
0:0:0:0:0:0:0:1 -  -  [01/Jun/2016:13:36:56 +0000] "GET /openhab.app?sitemap=dhruv&poll=true&__async=true&__source=waHome HTTP/1.1" 200 92 
0:0:0:0:0:0:0:1 -  -  [01/Jun/2016:13:37:09 +0000] "GET /chart?groups=Weather_Chart&period=h&t=1464788229642 HTTP/1.1" 200 3677 
0:0:0:0:0:0:0:1 -  -  [01/Jun/2016:13:37:04 +0000] "GET /openhab.app?sitemap=demo&sitemap=demo&w=0100&poll=true&__async=true&__source=wa0100 HTTP/1.1" 200 92 
0:0:0:0:0:0:0:1 -  -  [01/Jun/2016:13:37:16 +0000] "GET /chart?groups=Weather_Chart&period=h&t=1464788236642 HTTP/1.1" 200 3701 
0:0:0:0:0:0:0:1 -  -  [01/Jun/2016:13:37:07 +0000] "GET /openhab.app?sitemap=dhruv&poll=true&__async=true&__source=waHome HTTP/1.1" 200 92 
0:0:0:0:0:0:0:1 -  -  [01/Jun/2016:13:37:22 +0000] "GET /chart?groups=Weather_Chart&period=h&t=1464788242949 HTTP/1.1" 200 3695 
0:0:0:0:0:0:0:1 -  -  [01/Jun/2016:13:37:14 +0000] "GET /openhab.app?sitemap=demo&sitemap=demo&w=0100&poll=true&__async=true&__source=wa0100 HTTP/1.1" 200 92 
0:0:0:0:0:0:0:1 -  -  [01/Jun/2016:13:37:17 +0000] "GET /openhab.app?sitemap=dhruv&poll=true&__async=true&__source=waHome HTTP/1.1" 200 92 
0:0:0:0:0:0:0:1 -  -  [01/Jun/2016:13:37:29 +0000] "GET /chart?groups=Weather_Chart&period=h&t=1464788249642 HTTP/1.1" 200 3722 
0:0:0:0:0:0:0:1 -  -  [01/Jun/2016:13:37:35 +0000] "GET /chart?groups=Weather_Chart&period=h&t=1464788255686 HTTP/1.1" 200 3679 
0:0:0:0:0:0:0:1 -  -  [01/Jun/2016:13:37:25 +0000] "GET /openhab.app?sitemap=demo&sitemap=demo&w=0100&poll=true&__async=true&__source=wa0100 HTTP/1.1" 200 92 
0:0:0:0:0:0:0:1 -  -  [01/Jun/2016:13:37:28 +0000] "GET /openhab.app?sitemap=dhruv&poll=true&__async=true&__source=waHome HTTP/1.1" 200 92 
0:0:0:0:0:0:0:1 -  -  [01/Jun/2016:13:37:41 +0000] "GET /chart?groups=Weather_Chart&period=h&t=1464788261892 HTTP/1.1" 200 3673 
0:0:0:0:0:0:0:1 -  -  [01/Jun/2016:13:37:35 +0000] "GET /openhab.app?sitemap=demo&sitemap=demo&w=0100&poll=true&__async=true&__source=wa0100 HTTP/1.1" 200 92 
0:0:0:0:0:0:0:1 -  -  [01/Jun/2016:13:37:48 +0000] "GET /chart?groups=Weather_Chart&period=h&t=1464788268723 HTTP/1.1" 200 3686 
0:0:0:0:0:0:0:1 -  -  [01/Jun/2016:13:37:38 +0000] "GET /openhab.app?sitemap=dhruv&poll=true&__async=true&__source=waHome HTTP/1.1" 200 92 
0:0:0:0:0:0:0:1 -  -  [01/Jun/2016:13:37:55 +0000] "GET /chart?groups=Weather_Chart&period=h&t=1464788275051 HTTP/1.1" 200 3696 
0:0:0:0:0:0:0:1 -  -  [01/Jun/2016:13:37:46 +0000] "GET /openhab.app?sitemap=demo&sitemap=demo&w=0100&poll=true&__async=true&__source=wa0100 HTTP/1.1" 200 92 
0:0:0:0:0:0:0:1 -  -  [01/Jun/2016:13:37:49 +0000] "GET /openhab.app?sitemap=dhruv&poll=true&__async=true&__source=waHome HTTP/1.1" 200 92 
0:0:0:0:0:0:0:1 -  -  [01/Jun/2016:13:38:01 +0000] "GET /chart?groups=Weather_Chart&period=h&t=1464788281979 HTTP/1.1" 200 3704 
0:0:0:0:0:0:0:1 -  -  [01/Jun/2016:13:37:56 +0000] "GET /openhab.app?sitemap=demo&sitemap=demo&w=0100&poll=true&__async=true&__source=wa0100 HTTP/1.1" 200 92 
0:0:0:0:0:0:0:1 -  -  [01/Jun/2016:13:38:09 +0000] "GET /chart?groups=Weather_Chart&period=h&t=1464788289127 HTTP/1.1" 200 3678 
0:0:0:0:0:0:0:1 -  -  [01/Jun/2016:13:38:00 +0000] "GET /openhab.app?sitemap=dhruv&poll=true&__async=true&__source=waHome HTTP/1.1" 200 92 
0:0:0:0:0:0:0:1 -  -  [01/Jun/2016:13:38:15 +0000] "GET /chart?groups=Weather_Chart&period=h&t=1464788295972 HTTP/1.1" 200 3677 
0:0:0:0:0:0:0:1 -  -  [01/Jun/2016:13:38:07 +0000] "GET /openhab.app?sitemap=demo&sitemap=demo&w=0100&poll=true&__async=true&__source=wa0100 HTTP/1.1" 200 92 
0:0:0:0:0:0:0:1 -  -  [01/Jun/2016:13:38:10 +0000] "GET /openhab.app?sitemap=dhruv&poll=true&__async=true&__source=waHome HTTP/1.1" 200 92 
0:0:0:0:0:0:0:1 -  -  [01/Jun/2016:13:38:22 +0000] "GET /chart?groups=Weather_Chart&period=h&t=1464788302007 HTTP/1.1" 200 3691 
0:0:0:0:0:0:0:1 -  -  [01/Jun/2016:13:38:18 +0000] "GET /openhab.app?sitemap=demo&sitemap=demo&w=0100&poll=true&__async=true&__source=wa0100 HTTP/1.1" 200 92 
0:0:0:0:0:0:0:1 -  -  [01/Jun/2016:13:38:28 +0000] "GET /chart?groups=Weather_Chart&period=h&t=1464788308671 HTTP/1.1" 200 3702 
0:0:0:0:0:0:0:1 -  -  [01/Jun/2016:13:38:21 +0000] "GET /openhab.app?sitemap=dhruv&poll=true&__async=true&__source=waHome HTTP/1.1" 200 92 
0:0:0:0:0:0:0:1 -  -  [01/Jun/2016:13:38:34 +0000] "GET /chart?groups=Weather_Chart&period=h&t=1464788314865 HTTP/1.1" 200 3665 
0:0:0:0:0:0:0:1 -  -  [01/Jun/2016:13:38:28 +0000] "GET /openhab.app?sitemap=demo&sitemap=demo&w=0100&poll=true&__async=true&__source=wa0100 HTTP/1.1" 200 92 
0:0:0:0:0:0:0:1 -  -  [01/Jun/2016:13:38:41 +0000] "GET /chart?groups=Weather_Chart&period=h&t=1464788321643 HTTP/1.1" 200 3657 
0:0:0:0:0:0:0:1 -  -  [01/Jun/2016:13:38:31 +0000] "GET /openhab.app?sitemap=dhruv&poll=true&__async=true&__source=waHome HTTP/1.1" 200 92 
0:0:0:0:0:0:0:1 -  -  [01/Jun/2016:13:38:48 +0000] "GET /chart?groups=Weather_Chart&period=h&t=1464788328006 HTTP/1.1" 200 3678 
0:0:0:0:0:0:0:1 -  -  [01/Jun/2016:13:38:39 +0000] "GET /openhab.app?sitemap=demo&sitemap=demo&w=0100&poll=true&__async=true&__source=wa0100 HTTP/1.1" 200 92 
0:0:0:0:0:0:0:1 -  -  [01/Jun/2016:13:38:42 +0000] "GET /openhab.app?sitemap=dhruv&poll=true&__async=true&__source=waHome HTTP/1.1" 200 92 
0:0:0:0:0:0:0:1 -  -  [01/Jun/2016:13:38:54 +0000] "GET /chart?groups=Weather_Chart&period=h&t=1464788334080 HTTP/1.1" 200 3688 
0:0:0:0:0:0:0:1 -  -  [01/Jun/2016:13:38:49 +0000] "GET /openhab.app?sitemap=demo&sitemap=demo&w=0100&poll=true&__async=true&__source=wa0100 HTTP/1.1" 200 92 
0:0:0:0:0:0:0:1 -  -  [01/Jun/2016:13:39:00 +0000] "GET /chart?groups=Weather_Chart&period=h&t=1464788340666 HTTP/1.1" 200 3702 
0:0:0:0:0:0:0:1 -  -  [01/Jun/2016:13:38:52 +0000] "GET /openhab.app?sitemap=dhruv&poll=true&__async=true&__source=waHome HTTP/1.1" 200 92 
0:0:0:0:0:0:0:1 -  -  [01/Jun/2016:13:39:06 +0000] "GET /chart?groups=Weather_Chart&period=h&t=1464788346745 HTTP/1.1" 200 3666 
0:0:0:0:0:0:0:1 -  -  [01/Jun/2016:13:39:00 +0000] "GET /openhab.app?sitemap=demo&sitemap=demo&w=0100&poll=true&__async=true&__source=wa0100 HTTP/1.1" 200 92 
0:0:0:0:0:0:0:1 -  -  [01/Jun/2016:13:39:13 +0000] "GET /chart?groups=Weather_Chart&period=h&t=1464788353131 HTTP/1.1" 200 3679 
0:0:0:0:0:0:0:1 -  -  [01/Jun/2016:13:39:03 +0000] "GET /openhab.app?sitemap=dhruv&poll=true&__async=true&__source=waHome HTTP/1.1" 200 92 
0:0:0:0:0:0:0:1 -  -  [01/Jun/2016:13:39:19 +0000] "GET /chart?groups=Weather_Chart&period=h&t=1464788359959 HTTP/1.1" 200 3680 
0:0:0:0:0:0:0:1 -  -  [01/Jun/2016:13:39:10 +0000] "GET /openhab.app?sitemap=demo&sitemap=demo&w=0100&poll=true&__async=true&__source=wa0100 HTTP/1.1" 200 92 
0:0:0:0:0:0:0:1 -  -  [01/Jun/2016:13:39:13 +0000] "GET /openhab.app?sitemap=dhruv&poll=true&__async=true&__source=waHome HTTP/1.1" 200 92 
0:0:0:0:0:0:0:1 -  -  [01/Jun/2016:13:39:25 +0000] "GET /chart?groups=Weather_Chart&period=h&t=1464788365985 HTTP/1.1" 200 3688 
0:0:0:0:0:0:0:1 -  -  [01/Jun/2016:13:39:21 +0000] "GET /openhab.app?sitemap=demo&sitemap=demo&w=0100&poll=true&__async=true&__source=wa0100 HTTP/1.1" 200 92 
0:0:0:0:0:0:0:1 -  -  [01/Jun/2016:13:39:32 +0000] "GET /chart?groups=Weather_Chart&period=h&t=1464788372664 HTTP/1.1" 200 3645 
0:0:0:0:0:0:0:1 -  -  [01/Jun/2016:13:39:24 +0000] "GET /openhab.app?sitemap=dhruv&poll=true&__async=true&__source=waHome HTTP/1.1" 200 92 
0:0:0:0:0:0:0:1 -  -  [01/Jun/2016:13:39:39 +0000] "GET /chart?groups=Weather_Chart&period=h&t=1464788379015 HTTP/1.1" 200 3660 
0:0:0:0:0:0:0:1 -  -  [01/Jun/2016:13:39:32 +0000] "GET /openhab.app?sitemap=demo&sitemap=demo&w=0100&poll=true&__async=true&__source=wa0100 HTTP/1.1" 200 92 
0:0:0:0:0:0:0:1 -  -  [01/Jun/2016:13:39:35 +0000] "GET /openhab.app?sitemap=dhruv&poll=true&__async=true&__source=waHome HTTP/1.1" 200 92 
0:0:0:0:0:0:0:1 -  -  [01/Jun/2016:13:39:46 +0000] "GET /chart?groups=Weather_Chart&period=h&t=1464788386140 HTTP/1.1" 200 3671 
0:0:0:0:0:0:0:1 -  -  [01/Jun/2016:13:39:52 +0000] "GET /chart?groups=Weather_Chart&period=h&t=1464788392860 HTTP/1.1" 200 3690 
0:0:0:0:0:0:0:1 -  -  [01/Jun/2016:13:39:42 +0000] "GET /openhab.app?sitemap=demo&sitemap=demo&w=0100&poll=true&__async=true&__source=wa0100 HTTP/1.1" 200 92 
0:0:0:0:0:0:0:1 -  -  [01/Jun/2016:13:39:45 +0000] "GET /openhab.app?sitemap=dhruv&poll=true&__async=true&__source=waHome HTTP/1.1" 200 92 
0:0:0:0:0:0:0:1 -  -  [01/Jun/2016:13:39:58 +0000] "GET /chart?groups=Weather_Chart&period=h&t=1464788398986 HTTP/1.1" 200 3698 
0:0:0:0:0:0:0:1 -  -  [01/Jun/2016:13:39:56 +0000] "GET /openhab.app?sitemap=dhruv&poll=true&__async=true&__source=waHome HTTP/1.1" 200 507 
0:0:0:0:0:0:0:1 -  -  [01/Jun/2016:13:39:53 +0000] "GET /openhab.app?sitemap=demo&sitemap=demo&w=0100&poll=true&__async=true&__source=wa0100 HTTP/1.1" 200 92 
0:0:0:0:0:0:0:1 -  -  [01/Jun/2016:13:40:05 +0000] "GET /chart?groups=Weather_Chart&period=h&t=1464788405057 HTTP/1.1" 200 3647 
0:0:0:0:0:0:0:1 -  -  [01/Jun/2016:13:40:00 +0000] "GET /openhab.app?sitemap=dhruv&poll=true&__async=true&__source=waHome HTTP/1.1" 200 92 
0:0:0:0:0:0:0:1 -  -  [01/Jun/2016:13:40:11 +0000] "GET /chart?groups=Weather_Chart&period=h&t=1464788411976 HTTP/1.1" 200 3617 
0:0:0:0:0:0:0:1 -  -  [01/Jun/2016:13:40:03 +0000] "GET /openhab.app?sitemap=demo&sitemap=demo&w=0100&poll=true&__async=true&__source=wa0100 HTTP/1.1" 200 92 
0:0:0:0:0:0:0:1 -  -  [01/Jun/2016:13:40:18 +0000] "GET /chart?groups=Weather_Chart&period=h&t=1464788418066 HTTP/1.1" 200 3636 
0:0:0:0:0:0:0:1 -  -  [01/Jun/2016:13:40:10 +0000] "GET /openhab.app?sitemap=dhruv&poll=true&__async=true&__source=waHome HTTP/1.1" 200 92 
0:0:0:0:0:0:0:1 -  -  [01/Jun/2016:13:40:24 +0000] "GET /chart?groups=Weather_Chart&period=h&t=1464788424645 HTTP/1.1" 200 3641 
0:0:0:0:0:0:0:1 -  -  [01/Jun/2016:13:40:14 +0000] "GET /openhab.app?sitemap=demo&sitemap=demo&w=0100&poll=true&__async=true&__source=wa0100 HTTP/1.1" 200 92 
0:0:0:0:0:0:0:1 -  -  [01/Jun/2016:13:40:21 +0000] "GET /openhab.app?sitemap=dhruv&poll=true&__async=true&__source=waHome HTTP/1.1" 200 92 
0:0:0:0:0:0:0:1 -  -  [01/Jun/2016:13:40:32 +0000] "GET /chart?groups=Weather_Chart&period=h&t=1464788432139 HTTP/1.1" 200 3642 
0:0:0:0:0:0:0:1 -  -  [01/Jun/2016:13:40:24 +0000] "GET /openhab.app?sitemap=demo&sitemap=demo&w=0100&poll=true&__async=true&__source=wa0100 HTTP/1.1" 200 92 
0:0:0:0:0:0:0:1 -  -  [01/Jun/2016:13:40:39 +0000] "GET /chart?groups=Weather_Chart&period=h&t=1464788439109 HTTP/1.1" 200 3653 
0:0:0:0:0:0:0:1 -  -  [01/Jun/2016:13:40:32 +0000] "GET /openhab.app?sitemap=dhruv&poll=true&__async=true&__source=waHome HTTP/1.1" 200 92 
0:0:0:0:0:0:0:1 -  -  [01/Jun/2016:13:40:45 +0000] "GET /chart?groups=Weather_Chart&period=h&t=1464788445662 HTTP/1.1" 200 3624 
0:0:0:0:0:0:0:1 -  -  [01/Jun/2016:13:40:35 +0000] "GET /openhab.app?sitemap=demo&sitemap=demo&w=0100&poll=true&__async=true&__source=wa0100 HTTP/1.1" 200 92 
0:0:0:0:0:0:0:1 -  -  [01/Jun/2016:13:40:52 +0000] "GET /chart?groups=Weather_Chart&period=h&t=1464788452142 HTTP/1.1" 200 3633 
0:0:0:0:0:0:0:1 -  -  [01/Jun/2016:13:40:42 +0000] "GET /openhab.app?sitemap=dhruv&poll=true&__async=true&__source=waHome HTTP/1.1" 200 92 
0:0:0:0:0:0:0:1 -  -  [01/Jun/2016:13:40:45 +0000] "GET /openhab.app?sitemap=demo&sitemap=demo&w=0100&poll=true&__async=true&__source=wa0100 HTTP/1.1" 200 92 
0:0:0:0:0:0:0:1 -  -  [01/Jun/2016:13:40:58 +0000] "GET /chart?groups=Weather_Chart&period=h&t=1464788458696 HTTP/1.1" 200 3647 
0:0:0:0:0:0:0:1 -  -  [01/Jun/2016:13:40:53 +0000] "GET /openhab.app?sitemap=dhruv&poll=true&__async=true&__source=waHome HTTP/1.1" 200 92 
0:0:0:0:0:0:0:1 -  -  [01/Jun/2016:13:41:04 +0000] "GET /chart?groups=Weather_Chart&period=h&t=1464788464970 HTTP/1.1" 200 3651 
0:0:0:0:0:0:0:1 -  -  [01/Jun/2016:13:40:56 +0000] "GET /openhab.app?sitemap=demo&sitemap=demo&w=0100&poll=true&__async=true&__source=wa0100 HTTP/1.1" 200 92 
0:0:0:0:0:0:0:1 -  -  [01/Jun/2016:13:41:11 +0000] "GET /chart?groups=Weather_Chart&period=h&t=1464788471017 HTTP/1.1" 200 3616 
0:0:0:0:0:0:0:1 -  -  [01/Jun/2016:13:41:03 +0000] "GET /openhab.app?sitemap=dhruv&poll=true&__async=true&__source=waHome HTTP/1.1" 200 92 
0:0:0:0:0:0:0:1 -  -  [01/Jun/2016:13:41:07 +0000] "GET /openhab.app?sitemap=demo&sitemap=demo&w=0100&poll=true&__async=true&__source=wa0100 HTTP/1.1" 200 92 
0:0:0:0:0:0:0:1 -  -  [01/Jun/2016:13:41:17 +0000] "GET /chart?groups=Weather_Chart&period=h&t=1464788477699 HTTP/1.1" 200 3633 
0:0:0:0:0:0:0:1 -  -  [01/Jun/2016:13:41:14 +0000] "GET /openhab.app?sitemap=dhruv&poll=true&__async=true&__source=waHome HTTP/1.1" 200 92 
0:0:0:0:0:0:0:1 -  -  [01/Jun/2016:13:41:17 +0000] "GET /openhab.app?sitemap=demo&sitemap=demo&w=0100&poll=true&__async=true&__source=wa0100 HTTP/1.1" 200 92 
