0:0:0:0:0:0:0:1 -  -  [29/May/2016:16:58:08 +0000] "GET /openhab.app?sitemap=demo HTTP/1.1" 200 10920 
0:0:0:0:0:0:0:1 -  -  [29/May/2016:16:58:09 +0000] "GET /images/firstfloor.png HTTP/1.1" 304 0 
0:0:0:0:0:0:0:1 -  -  [29/May/2016:16:58:09 +0000] "GET /images/groundfloor.png HTTP/1.1" 304 0 
0:0:0:0:0:0:0:1 -  -  [29/May/2016:16:58:09 +0000] "GET /images/cellar.png HTTP/1.1" 304 0 
0:0:0:0:0:0:0:1 -  -  [29/May/2016:16:58:09 +0000] "GET /images/garden.png HTTP/1.1" 304 0 
0:0:0:0:0:0:0:1 -  -  [29/May/2016:16:58:09 +0000] "GET /images/temperature.png HTTP/1.1" 304 0 
0:0:0:0:0:0:0:1 -  -  [29/May/2016:16:58:09 +0000] "GET /images/calendar.png HTTP/1.1" 304 0 
0:0:0:0:0:0:0:1 -  -  [29/May/2016:16:58:09 +0000] "GET /images/chart.png HTTP/1.1" 304 0 
0:0:0:0:0:0:0:1 -  -  [29/May/2016:16:58:09 +0000] "GET /images/video.png HTTP/1.1" 304 0 
0:0:0:0:0:0:0:1 -  -  [29/May/2016:16:58:09 +0000] "GET /classicui/WebApp/Design/Img/loader-white-100x12x1.png HTTP/1.1" 304 0 
0:0:0:0:0:0:0:1 -  -  [29/May/2016:16:58:09 +0000] "GET /classicui/WebApp/Design/Img/loader-white-100x12x2.png HTTP/1.1" 304 0 
0:0:0:0:0:0:0:1 -  -  [29/May/2016:16:58:09 +0000] "GET /classicui/WebApp/Design/Img/loader-white-100x12x3.png HTTP/1.1" 304 0 
0:0:0:0:0:0:0:1 -  -  [29/May/2016:16:58:09 +0000] "GET /classicui/WebApp/Design/Img/select.png HTTP/1.1" 304 0 
0:0:0:0:0:0:0:1 -  -  [29/May/2016:16:58:09 +0000] "GET /classicui/WebApp/Design/Img/loader-white-100x12x4.png HTTP/1.1" 304 0 
0:0:0:0:0:0:0:1 -  -  [29/May/2016:16:58:09 +0000] "GET /classicui/WebApp/Design/Img/bg.png HTTP/1.1" 304 0 
0:0:0:0:0:0:0:1 -  -  [29/May/2016:16:58:09 +0000] "GET /classicui/WebApp/Design/Img/loader-white-100x12x5.png HTTP/1.1" 304 0 
0:0:0:0:0:0:0:1 -  -  [29/May/2016:16:58:09 +0000] "GET /classicui/WebApp/Design/Img/loader-white-100x12x7.png HTTP/1.1" 304 0 
0:0:0:0:0:0:0:1 -  -  [29/May/2016:16:58:09 +0000] "GET /classicui/WebApp/Design/Img/loader-white-100x12x6.png HTTP/1.1" 304 0 
0:0:0:0:0:0:0:1 -  -  [29/May/2016:16:58:09 +0000] "GET /classicui/WebApp/Design/Img/loader-white-100x12x9.png HTTP/1.1" 304 0 
0:0:0:0:0:0:0:1 -  -  [29/May/2016:16:58:09 +0000] "GET /classicui/WebApp/Design/Img/loader-white-100x12x8.png HTTP/1.1" 304 0 
0:0:0:0:0:0:0:1 -  -  [29/May/2016:16:58:09 +0000] "GET /classicui/WebApp/Design/Img/loader-white-100x12x10.png HTTP/1.1" 304 0 
0:0:0:0:0:0:0:1 -  -  [29/May/2016:16:58:09 +0000] "GET /classicui/WebApp/Design/Img/loader-white-100x12x11.png HTTP/1.1" 304 0 
0:0:0:0:0:0:0:1 -  -  [29/May/2016:16:58:09 +0000] "GET /classicui/WebApp/Design/Img/loader-white-100x12x12.png HTTP/1.1" 304 0 
0:0:0:0:0:0:0:1 -  -  [29/May/2016:16:58:09 +0000] "GET /classicui/WebApp/Design/Img/loader-gray-100x12x1.png HTTP/1.1" 304 0 
0:0:0:0:0:0:0:1 -  -  [29/May/2016:16:58:09 +0000] "GET /classicui/WebApp/Design/Img/loader-gray-100x12x2.png HTTP/1.1" 304 0 
0:0:0:0:0:0:0:1 -  -  [29/May/2016:16:58:09 +0000] "GET /classicui/WebApp/Design/Img/loader-gray-100x12x3.png HTTP/1.1" 304 0 
0:0:0:0:0:0:0:1 -  -  [29/May/2016:16:58:09 +0000] "GET /classicui/WebApp/Design/Img/loader-gray-100x12x4.png HTTP/1.1" 304 0 
0:0:0:0:0:0:0:1 -  -  [29/May/2016:16:58:09 +0000] "GET /classicui/WebApp/Design/Img/loader-gray-100x12x5.png HTTP/1.1" 304 0 
0:0:0:0:0:0:0:1 -  -  [29/May/2016:16:58:09 +0000] "GET /classicui/WebApp/Design/Img/loader-gray-100x12x6.png HTTP/1.1" 304 0 
0:0:0:0:0:0:0:1 -  -  [29/May/2016:16:58:09 +0000] "GET /classicui/WebApp/Design/Img/loader-gray-100x12x7.png HTTP/1.1" 304 0 
0:0:0:0:0:0:0:1 -  -  [29/May/2016:16:58:09 +0000] "GET /classicui/WebApp/Design/Img/loader-gray-100x12x10.png HTTP/1.1" 304 0 
0:0:0:0:0:0:0:1 -  -  [29/May/2016:16:58:09 +0000] "GET /classicui/WebApp/Design/Img/loader-gray-100x12x9.png HTTP/1.1" 304 0 
0:0:0:0:0:0:0:1 -  -  [29/May/2016:16:58:09 +0000] "GET /classicui/WebApp/Design/Img/loader-gray-100x12x8.png HTTP/1.1" 304 0 
0:0:0:0:0:0:0:1 -  -  [29/May/2016:16:58:09 +0000] "GET /classicui/WebApp/Design/Img/loader-gray-100x12x11.png HTTP/1.1" 304 0 
0:0:0:0:0:0:0:1 -  -  [29/May/2016:16:58:09 +0000] "GET /classicui/WebApp/Design/Img/loader-gray-100x12x12.png HTTP/1.1" 304 0 
0:0:0:0:0:0:0:1 -  -  [29/May/2016:16:58:09 +0000] "GET /classicui/WebApp/Design/Img/loader-big-white-100x12x1.png HTTP/1.1" 304 0 
0:0:0:0:0:0:0:1 -  -  [29/May/2016:16:58:09 +0000] "GET /classicui/WebApp/Design/Img/loader-big-white-100x12x3.png HTTP/1.1" 304 0 
0:0:0:0:0:0:0:1 -  -  [29/May/2016:16:58:09 +0000] "GET /classicui/WebApp/Design/Img/loader-big-white-100x12x2.png HTTP/1.1" 304 0 
0:0:0:0:0:0:0:1 -  -  [29/May/2016:16:58:09 +0000] "GET /classicui/WebApp/Design/Img/loader-big-white-100x12x4.png HTTP/1.1" 304 0 
0:0:0:0:0:0:0:1 -  -  [29/May/2016:16:58:09 +0000] "GET /classicui/WebApp/Design/Img/loader-big-white-100x12x5.png HTTP/1.1" 304 0 
0:0:0:0:0:0:0:1 -  -  [29/May/2016:16:58:09 +0000] "GET /classicui/WebApp/Design/Img/loader-big-white-100x12x6.png HTTP/1.1" 304 0 
0:0:0:0:0:0:0:1 -  -  [29/May/2016:16:58:09 +0000] "GET /classicui/WebApp/Design/Img/loader-big-white-100x12x7.png HTTP/1.1" 304 0 
0:0:0:0:0:0:0:1 -  -  [29/May/2016:16:58:09 +0000] "GET /classicui/WebApp/Design/Img/loader-big-white-100x12x8.png HTTP/1.1" 304 0 
0:0:0:0:0:0:0:1 -  -  [29/May/2016:16:58:09 +0000] "GET /classicui/WebApp/Design/Img/loader-big-white-100x12x9.png HTTP/1.1" 304 0 
0:0:0:0:0:0:0:1 -  -  [29/May/2016:16:58:09 +0000] "GET /classicui/WebApp/Design/Img/loader-big-white-100x12x10.png HTTP/1.1" 304 0 
0:0:0:0:0:0:0:1 -  -  [29/May/2016:16:58:09 +0000] "GET /classicui/WebApp/Design/Img/loader-big-white-100x12x11.png HTTP/1.1" 304 0 
0:0:0:0:0:0:0:1 -  -  [29/May/2016:16:58:09 +0000] "GET /classicui/WebApp/Design/Img/loader-big-white-100x12x12.png HTTP/1.1" 304 0 
0:0:0:0:0:0:0:1 -  -  [29/May/2016:16:58:09 +0000] "GET /classicui/WebApp/Design/Img/button-back-touch.png HTTP/1.1" 304 0 
0:0:0:0:0:0:0:1 -  -  [29/May/2016:16:58:09 +0000] "GET /classicui/WebApp/Design/Img/check-sel.png HTTP/1.1" 304 0 
0:0:0:0:0:0:0:1 -  -  [29/May/2016:16:58:09 +0000] "GET /classicui/WebApp/Design/Img/chevron-select.png HTTP/1.1" 304 0 
0:0:0:0:0:0:0:1 -  -  [29/May/2016:16:58:09 +0000] "GET /classicui/WebApp/Design/Img/button-simple-touch.png HTTP/1.1" 304 0 
0:0:0:0:0:0:0:1 -  -  [29/May/2016:16:58:09 +0000] "GET /classicui/WebApp/Design/Img/bg-head.png HTTP/1.1" 304 0 
0:0:0:0:0:0:0:1 -  -  [29/May/2016:16:58:09 +0000] "GET /classicui/WebApp/Design/Img/button-back.png HTTP/1.1" 304 0 
0:0:0:0:0:0:0:1 -  -  [29/May/2016:16:58:09 +0000] "GET /classicui/WebApp/Design/Img/button-simple.png HTTP/1.1" 304 0 
0:0:0:0:0:0:0:1 -  -  [29/May/2016:16:58:09 +0000] "GET /classicui/WebApp/Design/Img/chevron.png HTTP/1.1" 304 0 
0:0:0:0:0:0:0:1 -  -  [29/May/2016:16:58:09 +0000] "GET /classicui/jquery.minicolors.png HTTP/1.1" 304 0 
0:0:0:0:0:0:0:1 -  -  [29/May/2016:16:59:58 +0000] "GET /openhab.app?sitemap=demo HTTP/1.1" 404 1410 
0:0:0:0:0:0:0:1 -  -  [29/May/2016:17:00:10 +0000] "GET /openhab.app?sitemap=demo HTTP/1.1" 200 10920 
0:0:0:0:0:0:0:1 -  -  [29/May/2016:17:00:12 +0000] "GET /openhab.app?sitemap=demo&poll=true&__async=true&__source=waHome HTTP/1.1" 200 1913 
0:0:0:0:0:0:0:1 -  -  [29/May/2016:17:00:13 +0000] "GET /openhab.app?sitemap=demo&poll=true&__async=true&__source=waHome HTTP/1.1" 200 92 
0:0:0:0:0:0:0:1 -  -  [29/May/2016:17:00:24 +0000] "GET /openhab.app?sitemap=demo&poll=true&__async=true&__source=waHome HTTP/1.1" 200 92 
0:0:0:0:0:0:0:1 -  -  [29/May/2016:17:00:34 +0000] "GET /openhab.app?sitemap=demo&poll=true&__async=true&__source=waHome HTTP/1.1" 200 92 
0:0:0:0:0:0:0:1 -  -  [29/May/2016:17:00:45 +0000] "GET /openhab.app?sitemap=demo&poll=true&__async=true&__source=waHome HTTP/1.1" 200 92 
0:0:0:0:0:0:0:1 -  -  [29/May/2016:17:00:56 +0000] "GET /openhab.app?sitemap=demo&poll=true&__async=true&__source=waHome HTTP/1.1" 200 92 
0:0:0:0:0:0:0:1 -  -  [29/May/2016:17:01:06 +0000] "GET /openhab.app?sitemap=demo&poll=true&__async=true&__source=waHome HTTP/1.1" 200 92 
0:0:0:0:0:0:0:1 -  -  [29/May/2016:17:01:17 +0000] "GET /openhab.app?sitemap=demo&poll=true&__async=true&__source=waHome HTTP/1.1" 200 92 
0:0:0:0:0:0:0:1 -  -  [29/May/2016:17:01:27 +0000] "GET /openhab.app?sitemap=demo&poll=true&__async=true&__source=waHome HTTP/1.1" 200 92 
0:0:0:0:0:0:0:1 -  -  [29/May/2016:17:01:38 +0000] "GET /openhab.app?sitemap=demo&poll=true&__async=true&__source=waHome HTTP/1.1" 200 92 
0:0:0:0:0:0:0:1 -  -  [29/May/2016:17:01:49 +0000] "GET /openhab.app?sitemap=demo&poll=true&__async=true&__source=waHome HTTP/1.1" 200 92 
0:0:0:0:0:0:0:1 -  -  [29/May/2016:17:01:59 +0000] "GET /openhab.app?sitemap=demo&poll=true&__async=true&__source=waHome HTTP/1.1" 200 92 
0:0:0:0:0:0:0:1 -  -  [29/May/2016:17:02:10 +0000] "GET /openhab.app?sitemap=demo&poll=true&__async=true&__source=waHome HTTP/1.1" 200 92 
0:0:0:0:0:0:0:1 -  -  [29/May/2016:17:02:20 +0000] "GET /openhab.app?sitemap=demo&poll=true&__async=true&__source=waHome HTTP/1.1" 200 92 
0:0:0:0:0:0:0:1 -  -  [29/May/2016:17:02:31 +0000] "GET /openhab.app?sitemap=demo&poll=true&__async=true&__source=waHome HTTP/1.1" 200 92 
0:0:0:0:0:0:0:1 -  -  [29/May/2016:17:02:42 +0000] "GET /openhab.app?sitemap=demo&poll=true&__async=true&__source=waHome HTTP/1.1" 200 92 
0:0:0:0:0:0:0:1 -  -  [29/May/2016:17:02:52 +0000] "GET /openhab.app?sitemap=demo&poll=true&__async=true&__source=waHome HTTP/1.1" 200 92 
0:0:0:0:0:0:0:1 -  -  [29/May/2016:17:03:03 +0000] "GET /openhab.app?sitemap=demo&poll=true&__async=true&__source=waHome HTTP/1.1" 200 92 
0:0:0:0:0:0:0:1 -  -  [29/May/2016:17:03:14 +0000] "GET /openhab.app?sitemap=demo&poll=true&__async=true&__source=waHome HTTP/1.1" 200 92 
0:0:0:0:0:0:0:1 -  -  [29/May/2016:17:03:24 +0000] "GET /openhab.app?sitemap=demo&poll=true&__async=true&__source=waHome HTTP/1.1" 200 92 
0:0:0:0:0:0:0:1 -  -  [29/May/2016:17:03:35 +0000] "GET /openhab.app?sitemap=demo&poll=true&__async=true&__source=waHome HTTP/1.1" 200 92 
0:0:0:0:0:0:0:1 -  -  [29/May/2016:17:03:45 +0000] "GET /openhab.app?sitemap=demo&poll=true&__async=true&__source=waHome HTTP/1.1" 200 92 
0:0:0:0:0:0:0:1 -  -  [29/May/2016:17:03:56 +0000] "GET /openhab.app?sitemap=demo&poll=true&__async=true&__source=waHome HTTP/1.1" 200 92 
