2016-05-29 12:57:48 - Date state updated to 2016-05-29T12:57:48
2016-05-29 12:57:49 - Weather_Humidity state updated to 

2016-05-29 12:57:49 - Weather_Temperature state updated to 

2016-05-29 12:57:54 - DemoLocation state updated to 52.5200066,13.4049540
2016-05-29 13:00:04 - Date state updated to 2016-05-29T13:00:04
2016-05-29 13:00:05 - Weather_Humidity state updated to 

2016-05-29 13:00:05 - Weather_Temperature state updated to 

2016-05-29 13:00:13 - Light_GF_Living_Table state updated to ON
2016-05-29 13:00:13 - Light_GF_Corridor_Ceiling state updated to OFF
2016-05-29 13:00:13 - Light_GF_Kitchen_Ceiling state updated to ON
2016-05-29 13:00:13 - Light_GF_Kitchen_Table state updated to OFF
2016-05-29 13:00:13 - Light_GF_Corridor_Wardrobe state updated to OFF
2016-05-29 13:00:13 - Light_GF_Toilet_Ceiling state updated to OFF
2016-05-29 13:00:13 - Light_GF_Toilet_Mirror state updated to OFF
2016-05-29 13:00:13 - Light_FF_Bath_Ceiling state updated to ON
2016-05-29 13:00:13 - Light_FF_Bath_Mirror state updated to OFF
2016-05-29 13:00:13 - Light_FF_Corridor_Ceiling state updated to OFF
2016-05-29 13:00:13 - Light_FF_Office_Ceiling state updated to ON
2016-05-29 13:00:13 - Light_FF_Child_Ceiling state updated to ON
2016-05-29 13:00:13 - Light_FF_Bed_Ceiling state updated to ON
2016-05-29 13:00:13 - Light_C_Corridor_Ceiling state updated to OFF
2016-05-29 13:00:13 - Light_C_Staircase state updated to ON
2016-05-29 13:00:13 - Light_C_Washing_Ceiling state updated to OFF
2016-05-29 13:00:13 - Light_C_Workshop state updated to OFF
2016-05-29 13:00:13 - Light_Outdoor_Garage state updated to OFF
2016-05-29 13:00:13 - Light_Outdoor_Terrace state updated to OFF
2016-05-29 13:00:13 - Light_Outdoor_Frontdoor state updated to ON
2016-05-29 13:00:13 - Heating_GF_Corridor state updated to OFF
2016-05-29 13:00:13 - Heating_GF_Toilet state updated to OFF
2016-05-29 13:00:13 - Heating_GF_Living state updated to OFF
2016-05-29 13:00:13 - Heating_GF_Kitchen state updated to OFF
2016-05-29 13:00:13 - Heating_FF_Bath state updated to OFF
2016-05-29 13:00:13 - Heating_FF_Office state updated to OFF
2016-05-29 13:00:13 - Heating_FF_Child state updated to ON
2016-05-29 13:00:13 - Heating_FF_Bed state updated to OFF
2016-05-29 13:00:13 - Temperature_Setpoint state updated to 22
2016-05-29 13:00:13 - Window_GF_Frontdoor state updated to CLOSED
2016-05-29 13:00:13 - Window_GF_Kitchen state updated to OPEN
2016-05-29 13:00:13 - Window_GF_Living state updated to CLOSED
2016-05-29 13:00:13 - Window_GF_Toilet state updated to OPEN
2016-05-29 13:00:13 - Window_FF_Bath state updated to OPEN
2016-05-29 13:00:13 - Window_FF_Bed state updated to CLOSED
2016-05-29 13:00:13 - Window_FF_Office_Window state updated to OPEN
2016-05-29 13:00:13 - Window_FF_Office_Door state updated to CLOSED
2016-05-29 13:00:13 - Garage_Door state updated to CLOSED
2016-05-29 13:00:13 - DemoLocation state updated to 52.5200066,13.4049540
2016-05-29 13:01:05 - Weather_Humidity state updated to 

2016-05-29 13:01:05 - Weather_Temperature state updated to 

2016-05-29 13:02:06 - Weather_Humidity state updated to 

2016-05-29 13:02:06 - Weather_Temperature state updated to 

2016-05-29 13:03:07 - Weather_Humidity state updated to 

2016-05-29 13:03:07 - Weather_Temperature state updated to 

2016-05-29 13:04:07 - Weather_Humidity state updated to 

2016-05-29 13:04:07 - Weather_Temperature state updated to 

