2016-05-31 16:57:29,222 - Temperature_GF_Corridor  : 20.30000000
2016-05-31 16:57:29,225 - Temperature_GF_Toilet    : 20.70000000
2016-05-31 16:57:29,228 - Temperature_GF_Living    : 21.40000000
2016-05-31 16:57:29,232 - Temperature_GF_Kitchen   : 19.10000000
2016-05-31 16:57:29,239 - Temperature_FF_Bath      : 21.10000000
2016-05-31 16:57:29,243 - Temperature_FF_Office    : 19.80000000
2016-05-31 16:57:29,246 - Temperature_FF_Child     : 22.00000000
2016-05-31 16:57:29,250 - Temperature_FF_Bed       : 19.70000000
2016-05-31 17:00:00,086 - Temperature_GF_Corridor  : 22.30000000
2016-05-31 17:00:00,302 - Temperature_GF_Living    : 19.00000000
2016-05-31 17:00:00,307 - Temperature_GF_Kitchen   : 17.80000000
2016-05-31 17:00:00,320 - Temperature_FF_Bath      : 19.60000000
2016-05-31 17:00:00,323 - Temperature_FF_Office    : 21.20000000
2016-05-31 17:00:00,328 - Temperature_FF_Child     : 17.70000000
2016-05-31 17:00:00,331 - Temperature_FF_Bed       : 19.10000000
2016-05-31 17:10:20,005 - Temperature_GF_Corridor  : 19.60000000
2016-05-31 17:10:20,008 - Temperature_GF_Toilet    : 19.60000000
2016-05-31 17:10:20,010 - Temperature_GF_Living    : 17.90000000
2016-05-31 17:10:20,013 - Temperature_GF_Kitchen   : 18.50000000
2016-05-31 17:10:20,015 - Temperature_FF_Bath      : 19.00000000
2016-05-31 17:10:20,018 - Temperature_FF_Office    : 17.90000000
2016-05-31 17:10:20,021 - Temperature_FF_Child     : 20.10000000
2016-05-31 17:10:20,024 - Temperature_FF_Bed       : 18.00000000
2016-05-31 17:24:19,031 - Temperature_GF_Corridor  : 22.10000000
2016-05-31 17:24:19,037 - Temperature_GF_Toilet    : 19.50000000
2016-05-31 17:24:19,040 - Temperature_GF_Living    : 21.40000000
2016-05-31 17:24:19,041 - Temperature_GF_Kitchen   : 18.70000000
2016-05-31 17:24:19,045 - Temperature_FF_Bath      : 22.20000000
2016-05-31 17:24:19,047 - Temperature_FF_Office    : 22.10000000
2016-05-31 17:24:19,049 - Temperature_FF_Child     : 19.40000000
2016-05-31 17:24:19,052 - Temperature_FF_Bed       : 19.90000000
2016-05-31 17:26:07,944 - Temperature_GF_Corridor  : 21.30000000
2016-05-31 17:26:07,948 - Temperature_GF_Toilet    : 20.80000000
2016-05-31 17:26:07,950 - Temperature_GF_Living    : 19.80000000
2016-05-31 17:26:07,953 - Temperature_GF_Kitchen   : 20.80000000
2016-05-31 17:26:07,955 - Temperature_FF_Bath      : 22.00000000
2016-05-31 17:26:07,957 - Temperature_FF_Office    : 19.20000000
2016-05-31 17:26:07,959 - Temperature_FF_Child     : 18.30000000
2016-05-31 17:26:07,961 - Temperature_FF_Bed       : 20.50000000
2016-05-31 17:30:00,444 - Temperature_GF_Corridor  : 21.00000000
2016-05-31 17:30:00,447 - Temperature_GF_Toilet    : 19.50000000
2016-05-31 17:30:00,450 - Temperature_GF_Living    : 19.50000000
2016-05-31 17:30:00,452 - Temperature_GF_Kitchen   : 19.00000000
2016-05-31 17:30:00,454 - Temperature_FF_Bath      : 19.60000000
2016-05-31 17:30:00,457 - Temperature_FF_Office    : 20.60000000
2016-05-31 17:30:00,459 - Temperature_FF_Child     : 21.90000000
2016-05-31 17:30:00,462 - Temperature_FF_Bed       : 19.90000000
2016-05-31 17:35:05,610 - Temperature_GF_Corridor  : 22.30000000
2016-05-31 17:35:05,612 - Temperature_GF_Toilet    : 19.00000000
2016-05-31 17:35:05,617 - Temperature_GF_Living    : 22.20000000
2016-05-31 17:35:05,619 - Temperature_GF_Kitchen   : 19.90000000
2016-05-31 17:35:05,621 - Temperature_FF_Bath      : 17.70000000
2016-05-31 17:35:05,623 - Temperature_FF_Office    : 19.20000000
2016-05-31 17:35:05,625 - Temperature_FF_Child     : 20.60000000
2016-05-31 17:35:05,626 - Temperature_FF_Bed       : 20.90000000
2016-05-31 17:59:10,475 - Temperature_GF_Corridor  : 20.40000000
2016-05-31 17:59:10,478 - Temperature_GF_Toilet    : 21.00000000
2016-05-31 17:59:10,479 - Temperature_GF_Living    : 21.60000000
2016-05-31 17:59:10,481 - Temperature_GF_Kitchen   : 22.00000000
2016-05-31 17:59:10,483 - Temperature_FF_Bath      : 21.00000000
2016-05-31 17:59:10,485 - Temperature_FF_Office    : 21.10000000
2016-05-31 17:59:10,486 - Temperature_FF_Child     : 22.50000000
2016-05-31 17:59:10,487 - Temperature_FF_Bed       : 18.70000000
2016-05-31 18:26:12,179 - Temperature_GF_Corridor  : 17.70000000
2016-05-31 18:26:12,182 - Temperature_GF_Toilet    : 19.70000000
2016-05-31 18:26:12,184 - Temperature_GF_Living    : 20.50000000
2016-05-31 18:26:12,186 - Temperature_GF_Kitchen   : 20.90000000
2016-05-31 18:26:12,188 - Temperature_FF_Bath      : 22.30000000
2016-05-31 18:26:12,189 - Temperature_FF_Office    : 20.30000000
2016-05-31 18:26:12,193 - Temperature_FF_Child     : 19.50000000
2016-05-31 18:26:12,195 - Temperature_FF_Bed       : 18.90000000
2016-05-31 18:33:36,013 - Temperature_GF_Corridor  : 22.30000000
2016-05-31 18:33:36,015 - Temperature_GF_Toilet    : 19.10000000
2016-05-31 18:33:36,017 - Temperature_GF_Living    : 19.90000000
2016-05-31 18:33:36,020 - Temperature_GF_Kitchen   : 17.60000000
2016-05-31 18:33:36,022 - Temperature_FF_Bath      : 18.90000000
2016-05-31 18:33:36,023 - Temperature_FF_Office    : 18.40000000
2016-05-31 18:33:36,026 - Temperature_FF_Child     : 20.50000000
2016-05-31 18:33:36,028 - Temperature_FF_Bed       : 20.70000000
2016-05-31 19:07:32,815 - Temperature_GF_Corridor  : 19.60000000
2016-05-31 19:07:32,817 - Temperature_GF_Toilet    : 21.20000000
2016-05-31 19:07:32,819 - Temperature_GF_Living    : 20.00000000
2016-05-31 19:07:32,821 - Temperature_GF_Kitchen   : 19.60000000
2016-05-31 19:07:32,823 - Temperature_FF_Bath      : 19.60000000
2016-05-31 19:07:32,825 - Temperature_FF_Office    : 19.90000000
2016-05-31 19:07:32,826 - Temperature_FF_Child     : 18.00000000
2016-05-31 19:07:32,827 - Temperature_FF_Bed       : 18.20000000
2016-05-31 19:40:14,489 - Temperature_GF_Corridor  : 20.10000000
2016-05-31 19:40:14,491 - Temperature_GF_Toilet    : 19.10000000
2016-05-31 19:40:14,492 - Temperature_GF_Living    : 20.70000000
2016-05-31 19:40:14,494 - Temperature_GF_Kitchen   : 20.20000000
2016-05-31 19:40:14,495 - Temperature_FF_Bath      : 21.00000000
2016-05-31 19:40:14,496 - Temperature_FF_Office    : 21.30000000
2016-05-31 19:40:14,497 - Temperature_FF_Child     : 19.30000000
2016-05-31 19:40:14,499 - Temperature_FF_Bed       : 20.90000000
2016-05-31 20:03:00,581 - Temperature_GF_Corridor  : 20.70000000
2016-05-31 20:03:00,585 - Temperature_GF_Toilet    : 17.90000000
2016-05-31 20:03:00,586 - Temperature_GF_Kitchen   : 17.90000000
2016-05-31 20:03:00,589 - Temperature_FF_Bath      : 19.90000000
2016-05-31 20:03:00,590 - Temperature_FF_Office    : 21.20000000
2016-05-31 20:03:00,592 - Temperature_FF_Child     : 20.70000000
2016-05-31 20:03:00,593 - Temperature_FF_Bed       : 18.30000000
2016-05-31 20:14:13,477 - Temperature_GF_Corridor  : 21.60000000
2016-05-31 20:14:13,479 - Temperature_GF_Toilet    : 19.90000000
2016-05-31 20:14:13,481 - Temperature_GF_Living    : 21.10000000
2016-05-31 20:14:13,483 - Temperature_GF_Kitchen   : 18.00000000
2016-05-31 20:14:13,485 - Temperature_FF_Bath      : 22.00000000
2016-05-31 20:14:13,486 - Temperature_FF_Office    : 19.50000000
2016-05-31 20:14:13,487 - Temperature_FF_Child     : 19.90000000
2016-05-31 20:14:13,489 - Temperature_FF_Bed       : 21.40000000
2016-05-31 20:16:32,982 - Temperature_GF_Corridor  : 18.90000000
2016-05-31 20:16:32,986 - Temperature_GF_Toilet    : 21.60000000
2016-05-31 20:16:32,987 - Temperature_GF_Living    : 22.00000000
2016-05-31 20:16:32,988 - Temperature_GF_Kitchen   : 21.50000000
2016-05-31 20:16:32,989 - Temperature_FF_Bath      : 18.60000000
2016-05-31 20:16:33,029 - Temperature_FF_Office    : 18.70000000
2016-05-31 20:16:33,031 - Temperature_FF_Child     : 20.20000000
2016-05-31 20:16:33,032 - Temperature_FF_Bed       : 20.20000000
2016-05-31 20:34:11,005 - Temperature_GF_Corridor  : 17.80000000
2016-05-31 20:34:11,007 - Temperature_GF_Toilet    : 20.60000000
2016-05-31 20:34:11,012 - Temperature_GF_Living    : 17.60000000
2016-05-31 20:34:11,024 - Temperature_GF_Kitchen   : 21.90000000
2016-05-31 20:34:11,028 - Temperature_FF_Bath      : 22.30000000
2016-05-31 20:34:11,030 - Temperature_FF_Office    : 18.00000000
2016-05-31 20:34:11,042 - Temperature_FF_Child     : 20.30000000
2016-05-31 20:34:11,050 - Temperature_FF_Bed       : 21.10000000
2016-05-31 20:52:33,969 - Temperature_GF_Corridor  : 22.20000000
2016-05-31 20:52:33,973 - Temperature_GF_Toilet    : 20.10000000
2016-05-31 20:52:33,974 - Temperature_GF_Living    : 22.00000000
2016-05-31 20:52:33,976 - Temperature_GF_Kitchen   : 19.90000000
2016-05-31 20:52:33,979 - Temperature_FF_Bath      : 20.50000000
2016-05-31 20:52:33,981 - Temperature_FF_Office    : 21.80000000
2016-05-31 20:52:33,998 - Temperature_FF_Child     : 22.00000000
2016-05-31 20:52:34,000 - Temperature_FF_Bed       : 20.50000000
2016-05-31 21:27:49,968 - Temperature_GF_Corridor  : 19.30000000
2016-05-31 21:27:49,970 - Temperature_GF_Toilet    : 20.70000000
2016-05-31 21:27:49,974 - Temperature_GF_Living    : 20.60000000
2016-05-31 21:27:49,976 - Temperature_GF_Kitchen   : 21.60000000
2016-05-31 21:27:49,984 - Temperature_FF_Bath      : 22.30000000
2016-05-31 21:27:49,985 - Temperature_FF_Office    : 19.10000000
2016-05-31 21:27:49,987 - Temperature_FF_Child     : 20.10000000
2016-05-31 21:27:49,989 - Temperature_FF_Bed       : 17.80000000
2016-05-31 21:31:18,275 - Temperature_GF_Corridor  : 18.50000000
2016-05-31 21:31:18,277 - Temperature_GF_Toilet    : 21.70000000
2016-05-31 21:31:18,279 - Temperature_GF_Living    : 18.80000000
2016-05-31 21:31:18,282 - Temperature_GF_Kitchen   : 22.00000000
2016-05-31 21:31:18,283 - Temperature_FF_Bath      : 22.50000000
2016-05-31 21:31:18,284 - Temperature_FF_Office    : 19.30000000
2016-05-31 21:31:18,285 - Temperature_FF_Child     : 20.20000000
2016-05-31 21:31:18,287 - Temperature_FF_Bed       : 19.70000000
2016-05-31 21:53:18,619 - Temperature_GF_Corridor  : 18.80000000
2016-05-31 21:53:18,621 - Temperature_GF_Toilet    : 19.30000000
2016-05-31 21:53:18,623 - Temperature_GF_Living    : 20.20000000
2016-05-31 21:53:18,624 - Temperature_GF_Kitchen   : 20.50000000
2016-05-31 21:53:18,627 - Temperature_FF_Bath      : 18.20000000
2016-05-31 21:53:18,630 - Temperature_FF_Office    : 17.80000000
2016-05-31 21:53:18,630 - Temperature_FF_Child     : 21.20000000
2016-05-31 21:53:18,631 - Temperature_FF_Bed       : 17.90000000
2016-05-31 21:55:23,935 - Temperature_GF_Corridor  : 22.20000000
2016-05-31 21:55:23,938 - Temperature_GF_Toilet    : 18.50000000
2016-05-31 21:55:23,941 - Temperature_GF_Living    : 19.00000000
2016-05-31 21:55:23,944 - Temperature_GF_Kitchen   : 20.00000000
2016-05-31 21:55:23,947 - Temperature_FF_Bath      : 22.50000000
2016-05-31 21:55:23,948 - Temperature_FF_Office    : 20.20000000
2016-05-31 21:55:23,950 - Temperature_FF_Child     : 21.10000000
2016-05-31 21:55:23,952 - Temperature_FF_Bed       : 18.50000000
2016-05-31 22:54:04,577 - Temperature_GF_Corridor  : 20.50000000
2016-05-31 22:54:04,579 - Temperature_GF_Toilet    : 21.00000000
2016-05-31 22:54:04,581 - Temperature_GF_Living    : 19.10000000
2016-05-31 22:54:04,582 - Temperature_GF_Kitchen   : 22.50000000
2016-05-31 22:54:04,583 - Temperature_FF_Bath      : 18.50000000
2016-05-31 22:54:04,584 - Temperature_FF_Office    : 19.20000000
2016-05-31 22:54:04,586 - Temperature_FF_Child     : 19.50000000
2016-05-31 22:54:04,587 - Temperature_FF_Bed       : 18.30000000
2016-05-31 23:31:24,797 - Temperature_GF_Corridor  : 19.50000000
2016-05-31 23:31:24,800 - Temperature_GF_Toilet    : 20.30000000
2016-05-31 23:31:24,813 - Temperature_GF_Living    : 19.50000000
2016-05-31 23:31:24,816 - Temperature_GF_Kitchen   : 19.30000000
2016-05-31 23:31:24,822 - Temperature_FF_Bath      : 22.00000000
2016-05-31 23:31:24,825 - Temperature_FF_Office    : 21.90000000
2016-05-31 23:31:24,826 - Temperature_FF_Child     : 18.20000000
2016-05-31 23:31:24,829 - Temperature_FF_Bed       : 19.00000000
2016-05-31 23:54:48,030 - Temperature_GF_Corridor  : 21.30000000
2016-05-31 23:54:48,042 - Temperature_GF_Toilet    : 17.60000000
2016-05-31 23:54:48,047 - Temperature_GF_Living    : 20.60000000
2016-05-31 23:54:48,052 - Temperature_GF_Kitchen   : 18.80000000
2016-05-31 23:54:48,211 - Temperature_FF_Bath      : 21.60000000
2016-05-31 23:54:48,214 - Temperature_FF_Office    : 19.60000000
2016-05-31 23:54:48,216 - Temperature_FF_Child     : 21.60000000
2016-05-31 23:54:48,218 - Temperature_FF_Bed       : 21.20000000
2016-05-31 23:55:00,017 - Temperature_GF_Corridor  : 20.80000000
2016-05-31 23:55:00,020 - Temperature_GF_Living    : 21.90000000
2016-05-31 23:55:00,023 - Temperature_GF_Kitchen   : 20.50000000
2016-05-31 23:55:00,025 - Temperature_FF_Bath      : 19.20000000
2016-05-31 23:55:00,026 - Temperature_FF_Office    : 18.90000000
2016-05-31 23:55:00,028 - Temperature_FF_Child     : 19.70000000
2016-05-31 23:55:00,029 - Temperature_FF_Bed       : 17.90000000
2016-06-01 00:29:06,202 - Temperature_GF_Corridor  : 18.70000000
2016-06-01 00:29:06,204 - Temperature_GF_Toilet    : 21.00000000
2016-06-01 00:29:06,204 - Temperature_GF_Living    : 19.90000000
2016-06-01 00:29:06,206 - Temperature_GF_Kitchen   : 20.70000000
2016-06-01 00:29:06,209 - Temperature_FF_Bath      : 19.60000000
2016-06-01 00:29:06,210 - Temperature_FF_Office    : 19.40000000
2016-06-01 00:29:06,211 - Temperature_FF_Child     : 18.40000000
2016-06-01 00:29:06,214 - Temperature_FF_Bed       : 20.50000000
2016-06-01 00:55:43,777 - Temperature_GF_Corridor  : 22.00000000
2016-06-01 00:55:43,779 - Temperature_GF_Toilet    : 19.30000000
2016-06-01 00:55:43,787 - Temperature_GF_Living    : 18.70000000
2016-06-01 00:55:43,791 - Temperature_GF_Kitchen   : 17.70000000
2016-06-01 00:55:43,794 - Temperature_FF_Bath      : 21.80000000
2016-06-01 00:55:43,795 - Temperature_FF_Office    : 18.80000000
2016-06-01 00:55:43,798 - Temperature_FF_Child     : 22.40000000
2016-06-01 00:55:43,800 - Temperature_FF_Bed       : 20.60000000
2016-06-01 01:29:14,567 - Temperature_GF_Corridor  : 19.90000000
2016-06-01 01:29:14,572 - Temperature_GF_Toilet    : 21.30000000
2016-06-01 01:29:14,577 - Temperature_GF_Living    : 19.50000000
2016-06-01 01:29:14,579 - Temperature_GF_Kitchen   : 22.30000000
2016-06-01 01:29:14,590 - Temperature_FF_Bath      : 18.30000000
2016-06-01 01:29:14,598 - Temperature_FF_Office    : 19.70000000
2016-06-01 01:29:14,602 - Temperature_FF_Child     : 18.10000000
2016-06-01 01:29:14,604 - Temperature_FF_Bed       : 22.30000000
2016-06-01 01:55:54,569 - Temperature_GF_Corridor  : 18.10000000
2016-06-01 01:55:54,573 - Temperature_GF_Toilet    : 20.00000000
2016-06-01 01:55:54,576 - Temperature_GF_Living    : 18.40000000
2016-06-01 01:55:54,579 - Temperature_GF_Kitchen   : 20.30000000
2016-06-01 01:55:54,585 - Temperature_FF_Bath      : 19.90000000
2016-06-01 01:55:54,586 - Temperature_FF_Office    : 19.50000000
2016-06-01 01:55:54,591 - Temperature_FF_Child     : 18.50000000
2016-06-01 01:55:54,593 - Temperature_FF_Bed       : 21.90000000
2016-06-01 02:50:05,105 - Temperature_GF_Corridor  : 18.50000000
2016-06-01 02:50:05,109 - Temperature_GF_Toilet    : 21.70000000
2016-06-01 02:50:05,115 - Temperature_GF_Living    : 18.00000000
2016-06-01 02:50:05,119 - Temperature_GF_Kitchen   : 20.00000000
2016-06-01 02:50:05,128 - Temperature_FF_Bath      : 17.90000000
2016-06-01 02:50:05,130 - Temperature_FF_Office    : 21.00000000
2016-06-01 02:50:05,134 - Temperature_FF_Child     : 21.30000000
2016-06-01 02:50:05,135 - Temperature_FF_Bed       : 20.80000000
2016-06-01 02:56:24,163 - Temperature_GF_Corridor  : 19.90000000
2016-06-01 02:56:24,167 - Temperature_GF_Toilet    : 17.70000000
2016-06-01 02:56:24,173 - Temperature_GF_Living    : 22.20000000
2016-06-01 02:56:24,174 - Temperature_GF_Kitchen   : 19.10000000
2016-06-01 02:56:24,175 - Temperature_FF_Bath      : 22.50000000
2016-06-01 02:56:24,179 - Temperature_FF_Office    : 18.00000000
2016-06-01 02:56:24,180 - Temperature_FF_Child     : 18.30000000
2016-06-01 02:56:24,181 - Temperature_FF_Bed       : 22.10000000
2016-06-01 03:23:39,795 - Temperature_GF_Corridor  : 22.10000000
2016-06-01 03:23:39,820 - Temperature_GF_Toilet    : 18.60000000
2016-06-01 03:23:39,823 - Temperature_GF_Living    : 19.10000000
2016-06-01 03:23:39,827 - Temperature_GF_Kitchen   : 20.90000000
2016-06-01 03:23:39,829 - Temperature_FF_Bath      : 20.40000000
2016-06-01 03:23:39,831 - Temperature_FF_Office    : 20.40000000
2016-06-01 03:23:39,835 - Temperature_FF_Child     : 20.80000000
2016-06-01 03:23:39,838 - Temperature_FF_Bed       : 18.70000000
2016-06-01 03:51:08,836 - Temperature_GF_Corridor  : 18.60000000
2016-06-01 03:51:08,838 - Temperature_GF_Toilet    : 19.60000000
2016-06-01 03:51:08,839 - Temperature_GF_Living    : 18.80000000
2016-06-01 03:51:08,841 - Temperature_GF_Kitchen   : 21.90000000
2016-06-01 03:51:08,842 - Temperature_FF_Bath      : 20.70000000
2016-06-01 03:51:08,843 - Temperature_FF_Office    : 20.90000000
2016-06-01 03:51:08,844 - Temperature_FF_Child     : 21.10000000
2016-06-01 03:51:08,846 - Temperature_FF_Bed       : 20.60000000
2016-06-01 03:57:17,089 - Temperature_GF_Corridor  : 21.90000000
2016-06-01 03:57:17,094 - Temperature_GF_Toilet    : 18.00000000
2016-06-01 03:57:17,095 - Temperature_GF_Living    : 22.40000000
2016-06-01 03:57:17,096 - Temperature_GF_Kitchen   : 19.00000000
2016-06-01 03:57:17,097 - Temperature_FF_Bath      : 22.00000000
2016-06-01 03:57:17,099 - Temperature_FF_Office    : 20.50000000
2016-06-01 03:57:17,101 - Temperature_FF_Child     : 17.90000000
2016-06-01 03:57:17,101 - Temperature_FF_Bed       : 18.20000000
2016-06-01 04:31:44,463 - Temperature_GF_Corridor  : 18.90000000
2016-06-01 04:31:44,466 - Temperature_GF_Toilet    : 19.60000000
2016-06-01 04:31:44,467 - Temperature_GF_Living    : 21.80000000
2016-06-01 04:31:44,475 - Temperature_GF_Kitchen   : 19.10000000
2016-06-01 04:31:44,480 - Temperature_FF_Bath      : 19.00000000
2016-06-01 04:31:44,481 - Temperature_FF_Office    : 21.20000000
2016-06-01 04:31:44,482 - Temperature_FF_Child     : 22.00000000
2016-06-01 04:31:44,485 - Temperature_FF_Bed       : 19.30000000
2016-06-01 05:11:17,089 - Temperature_GF_Corridor  : 19.10000000
2016-06-01 05:11:17,103 - Temperature_GF_Toilet    : 17.70000000
2016-06-01 05:11:17,105 - Temperature_GF_Living    : 20.30000000
2016-06-01 05:11:17,106 - Temperature_GF_Kitchen   : 19.50000000
2016-06-01 05:11:17,108 - Temperature_FF_Bath      : 18.10000000
2016-06-01 05:11:17,109 - Temperature_FF_Office    : 22.50000000
2016-06-01 05:11:17,110 - Temperature_FF_Child     : 18.80000000
2016-06-01 05:11:17,114 - Temperature_FF_Bed       : 21.40000000
2016-06-01 09:29:13,786 - Temperature_GF_Corridor  : 18.80000000
2016-06-01 09:29:13,787 - Temperature_GF_Toilet    : 18.70000000
2016-06-01 09:29:13,789 - Temperature_GF_Living    : 19.80000000
2016-06-01 09:29:13,790 - Temperature_GF_Kitchen   : 21.90000000
2016-06-01 09:29:13,791 - Temperature_FF_Bath      : 17.80000000
2016-06-01 09:29:13,792 - Temperature_FF_Office    : 21.80000000
2016-06-01 09:29:13,793 - Temperature_FF_Child     : 21.60000000
2016-06-01 09:29:13,796 - Temperature_FF_Bed       : 18.60000000
2016-06-01 09:30:00,011 - Temperature_GF_Corridor  : 17.90000000
2016-06-01 09:30:00,012 - Temperature_GF_Toilet    : 20.60000000
2016-06-01 09:30:00,013 - Temperature_GF_Living    : 22.00000000
2016-06-01 09:30:00,017 - Temperature_GF_Kitchen   : 21.30000000
2016-06-01 09:30:00,018 - Temperature_FF_Bath      : 22.50000000
2016-06-01 09:30:00,019 - Temperature_FF_Office    : 20.90000000
2016-06-01 09:30:00,019 - Temperature_FF_Child     : 17.80000000
2016-06-01 09:30:00,020 - Temperature_FF_Bed       : 21.40000000
2016-06-01 09:35:00,012 - Temperature_GF_Corridor  : 19.10000000
2016-06-01 09:35:00,013 - Temperature_GF_Toilet    : 21.00000000
2016-06-01 09:35:00,015 - Temperature_GF_Living    : 18.60000000
2016-06-01 09:35:00,016 - Temperature_GF_Kitchen   : 22.10000000
2016-06-01 09:35:00,017 - Temperature_FF_Bath      : 19.60000000
2016-06-01 09:35:00,018 - Temperature_FF_Office    : 20.30000000
2016-06-01 09:35:00,018 - Temperature_FF_Child     : 22.00000000
2016-06-01 09:35:00,019 - Temperature_FF_Bed       : 18.20000000
2016-06-01 09:40:00,012 - Temperature_GF_Corridor  : 20.10000000
2016-06-01 09:40:00,014 - Temperature_GF_Toilet    : 18.30000000
2016-06-01 09:40:00,015 - Temperature_GF_Living    : 17.80000000
2016-06-01 09:40:00,016 - Temperature_GF_Kitchen   : 17.70000000
2016-06-01 09:40:00,016 - Temperature_FF_Bath      : 19.70000000
2016-06-01 09:40:00,018 - Temperature_FF_Office    : 21.80000000
2016-06-01 09:40:00,019 - Temperature_FF_Child     : 19.50000000
2016-06-01 09:40:00,020 - Temperature_FF_Bed       : 22.30000000
2016-06-01 09:51:46,701 - Temperature_GF_Corridor  : 21.90000000
2016-06-01 09:51:46,708 - Temperature_GF_Toilet    : 20.70000000
2016-06-01 09:51:46,714 - Temperature_GF_Living    : 19.80000000
2016-06-01 09:51:46,718 - Temperature_GF_Kitchen   : 21.80000000
2016-06-01 09:51:46,721 - Temperature_FF_Bath      : 20.00000000
2016-06-01 09:51:46,724 - Temperature_FF_Office    : 17.80000000
2016-06-01 09:51:46,728 - Temperature_FF_Child     : 22.50000000
2016-06-01 09:51:46,731 - Temperature_FF_Bed       : 17.80000000
2016-06-01 09:55:00,014 - Temperature_GF_Corridor  : 19.50000000
2016-06-01 09:55:00,019 - Temperature_GF_Toilet    : 21.90000000
2016-06-01 09:55:00,022 - Temperature_GF_Living    : 22.50000000
2016-06-01 09:55:00,028 - Temperature_GF_Kitchen   : 22.30000000
2016-06-01 09:55:00,033 - Temperature_FF_Bath      : 22.50000000
2016-06-01 09:55:00,038 - Temperature_FF_Office    : 19.60000000
2016-06-01 09:55:00,047 - Temperature_FF_Child     : 20.00000000
2016-06-01 09:55:00,063 - Temperature_FF_Bed       : 20.00000000
2016-06-01 10:00:00,057 - Temperature_GF_Corridor  : 21.20000000
2016-06-01 10:00:00,085 - Temperature_GF_Toilet    : 17.70000000
2016-06-01 10:00:00,108 - Temperature_GF_Living    : 21.00000000
2016-06-01 10:00:00,127 - Temperature_GF_Kitchen   : 21.60000000
2016-06-01 10:00:00,176 - Temperature_FF_Bath      : 20.90000000
2016-06-01 10:00:00,182 - Temperature_FF_Office    : 19.00000000
2016-06-01 10:00:00,196 - Temperature_FF_Child     : 20.10000000
2016-06-01 10:00:00,200 - Temperature_FF_Bed       : 19.20000000
2016-06-01 10:05:00,013 - Temperature_GF_Corridor  : 20.10000000
2016-06-01 10:05:00,016 - Temperature_GF_Toilet    : 18.40000000
2016-06-01 10:05:00,027 - Temperature_GF_Living    : 21.20000000
2016-06-01 10:05:00,029 - Temperature_GF_Kitchen   : 18.60000000
2016-06-01 10:05:00,033 - Temperature_FF_Bath      : 20.10000000
2016-06-01 10:05:00,036 - Temperature_FF_Office    : 21.40000000
2016-06-01 10:05:00,038 - Temperature_FF_Child     : 17.60000000
2016-06-01 10:05:00,040 - Temperature_FF_Bed       : 21.60000000
2016-06-01 10:10:00,014 - Temperature_GF_Corridor  : 21.50000000
2016-06-01 10:10:00,018 - Temperature_GF_Toilet    : 20.50000000
2016-06-01 10:10:00,020 - Temperature_GF_Living    : 21.90000000
2016-06-01 10:10:00,026 - Temperature_GF_Kitchen   : 21.70000000
2016-06-01 10:10:00,031 - Temperature_FF_Bath      : 21.60000000
2016-06-01 10:10:00,034 - Temperature_FF_Office    : 19.30000000
2016-06-01 10:10:00,036 - Temperature_FF_Child     : 22.30000000
2016-06-01 10:10:00,039 - Temperature_FF_Bed       : 22.10000000
2016-06-01 10:15:00,024 - Temperature_GF_Corridor  : 19.10000000
2016-06-01 10:15:00,029 - Temperature_GF_Toilet    : 21.80000000
2016-06-01 10:15:00,030 - Temperature_GF_Living    : 21.00000000
2016-06-01 10:15:00,038 - Temperature_GF_Kitchen   : 20.00000000
2016-06-01 10:15:00,039 - Temperature_FF_Bath      : 19.80000000
2016-06-01 10:15:00,041 - Temperature_FF_Office    : 21.10000000
2016-06-01 10:15:00,043 - Temperature_FF_Child     : 20.70000000
2016-06-01 10:15:00,045 - Temperature_FF_Bed       : 19.20000000
2016-06-01 10:20:00,014 - Temperature_GF_Corridor  : 18.80000000
2016-06-01 10:20:00,017 - Temperature_GF_Toilet    : 21.90000000
2016-06-01 10:20:00,019 - Temperature_GF_Living    : 22.20000000
2016-06-01 10:20:00,022 - Temperature_GF_Kitchen   : 20.20000000
2016-06-01 10:20:00,023 - Temperature_FF_Bath      : 17.60000000
2016-06-01 10:20:00,029 - Temperature_FF_Office    : 22.20000000
2016-06-01 10:20:00,034 - Temperature_FF_Child     : 21.10000000
2016-06-01 10:20:00,036 - Temperature_FF_Bed       : 18.60000000
